[INFO ] 2018-07-10T07:07:01,743Z [main] webserver.CmdLineOptions.loadConfig - Config:
{
    # hardcoded value
    "basedir" : "/home/laddha/forwards-check/build/nodes/NodeA",
    # /home/laddha/forwards-check/build/nodes/NodeA/node.conf: 1
    "extraAdvertisedServiceIds" : [],
    # web-reference.conf @ jar:file:/home/laddha/.capsule/apps/net.corda.webserver.WebServer_0.14.0/corda-webserver-impl-0.14.0.jar!/web-reference.conf: 2
    "keyStorePassword" : "cordacadevpass",
    # /home/laddha/forwards-check/build/nodes/NodeA/node.conf: 2
    "myLegalName" : "CN=NodeA,O=NodeA,L=London,C=UK",
    # /home/laddha/forwards-check/build/nodes/NodeA/node.conf: 3
    "networkMapService" : {
        # /home/laddha/forwards-check/build/nodes/NodeA/node.conf: 4
        "address" : "localhost:10002",
        # /home/laddha/forwards-check/build/nodes/NodeA/node.conf: 5
        "legalName" : "CN=Controller,O=R3,OU=corda,L=London,C=UK"
    },
    # /home/laddha/forwards-check/build/nodes/NodeA/node.conf: 7
    "p2pAddress" : "localhost:10005",
    # /home/laddha/forwards-check/build/nodes/NodeA/node.conf: 8
    "rpcAddress" : "localhost:10006",
    # /home/laddha/forwards-check/build/nodes/NodeA/node.conf: 9
    "rpcUsers" : [
        # /home/laddha/forwards-check/build/nodes/NodeA/node.conf: 10
        {
            # /home/laddha/forwards-check/build/nodes/NodeA/node.conf: 11
            "password" : "test",
            # /home/laddha/forwards-check/build/nodes/NodeA/node.conf: 12
            "permissions" : [],
            # /home/laddha/forwards-check/build/nodes/NodeA/node.conf: 13
            "user" : "user1"
        }
    ],
    # web-reference.conf @ jar:file:/home/laddha/.capsule/apps/net.corda.webserver.WebServer_0.14.0/corda-webserver-impl-0.14.0.jar!/web-reference.conf: 3
    "trustStorePassword" : "trustpass",
    # web-reference.conf @ jar:file:/home/laddha/.capsule/apps/net.corda.webserver.WebServer_0.14.0/corda-webserver-impl-0.14.0.jar!/web-reference.conf: 1
    "useHTTPS" : false,
    # /home/laddha/forwards-check/build/nodes/NodeA/node.conf: 16
    "webAddress" : "localhost:10007"
}

[INFO ] 2018-07-10T07:07:01,797Z [main] Main.main - Main class: /home/laddha/.capsule/apps/net.corda.webserver.WebServer_0.14.0/corda-webserver-impl-0.14.0.jar
[INFO ] 2018-07-10T07:07:02,082Z [main] Main.main - CommandLine Args: -Xmx200m -XX:+UseG1GC -agentlib:jdwp=transport=dt_socket,server=y,suspend=n,address=5009 -javaagent:/home/laddha/.capsule/apps/net.corda.webserver.WebServer_0.14.0/quasar-core-0.7.6-jdk8.jar -Dvisualvm.display.name=Corda -Djava.library.path=/usr/java/packages/lib/amd64:/usr/lib/x86_64-linux-gnu/jni:/lib/x86_64-linux-gnu:/usr/lib/x86_64-linux-gnu:/usr/lib/jni:/lib:/usr/lib:/home/laddha/.capsule/apps/net.corda.webserver.WebServer_0.14.0 -Dcapsule.app=net.corda.webserver.WebServer_0.14.0 -Dname=NodeA-corda-webserver.jar -DWebserver -Dcapsule.dir=/home/laddha/.capsule/apps/net.corda.webserver.WebServer_0.14.0 -Dcapsule.jar=/home/laddha/forwards-check/build/nodes/NodeA/corda-webserver.jar
[INFO ] 2018-07-10T07:07:02,493Z [main] Main.main - Application Args: 
[INFO ] 2018-07-10T07:07:02,493Z [main] Main.main - bootclasspath: /usr/lib/jvm/java-8-openjdk-amd64/jre/lib/resources.jar:/usr/lib/jvm/java-8-openjdk-amd64/jre/lib/rt.jar:/usr/lib/jvm/java-8-openjdk-amd64/jre/lib/sunrsasign.jar:/usr/lib/jvm/java-8-openjdk-amd64/jre/lib/jsse.jar:/usr/lib/jvm/java-8-openjdk-amd64/jre/lib/jce.jar:/usr/lib/jvm/java-8-openjdk-amd64/jre/lib/charsets.jar:/usr/lib/jvm/java-8-openjdk-amd64/jre/lib/jfr.jar:/usr/lib/jvm/java-8-openjdk-amd64/jre/classes
[INFO ] 2018-07-10T07:07:02,494Z [main] Main.main - classpath: /home/laddha/forwards-check/build/nodes/NodeA/corda-webserver.jar:/home/laddha/.capsule/apps/net.corda.webserver.WebServer_0.14.0/corda-core-0.14.0.jar:/home/laddha/.capsule/apps/net.corda.webserver.WebServer_0.14.0/corda-finance-0.14.0.jar:/home/laddha/.capsule/apps/net.corda.webserver.WebServer_0.14.0/corda-rpc-0.14.0.jar:/home/laddha/.capsule/apps/net.corda.webserver.WebServer_0.14.0/corda-jackson-0.14.0.jar:/home/laddha/.capsule/apps/net.corda.webserver.WebServer_0.14.0/jetty-servlet-9.3.9.v20160517.jar:/home/laddha/.capsule/apps/net.corda.webserver.WebServer_0.14.0/jetty-webapp-9.3.9.v20160517.jar:/home/laddha/.capsule/apps/net.corda.webserver.WebServer_0.14.0/javax.servlet-api-3.1.0.jar:/home/laddha/.capsule/apps/net.corda.webserver.WebServer_0.14.0/commons-fileupload-1.3.2.jar:/home/laddha/.capsule/apps/net.corda.webserver.WebServer_0.14.0/log4j-slf4j-impl-2.7.jar:/home/laddha/.capsule/apps/net.corda.webserver.WebServer_0.14.0/log4j-core-2.7.jar:/home/laddha/.capsule/apps/net.corda.webserver.WebServer_0.14.0/jopt-simple-5.0.2.jar:/home/laddha/.capsule/apps/net.corda.webserver.WebServer_0.14.0/jersey-server-2.25.jar:/home/laddha/.capsule/apps/net.corda.webserver.WebServer_0.14.0/jersey-container-servlet-core-2.25.jar:/home/laddha/.capsule/apps/net.corda.webserver.WebServer_0.14.0/jersey-container-jetty-http-2.25.jar:/home/laddha/.capsule/apps/net.corda.webserver.WebServer_0.14.0/jersey-media-json-jackson-2.25.jar:/home/laddha/.capsule/apps/net.corda.webserver.WebServer_0.14.0/kotlinx-html-jvm-0.6.3.jar:/home/laddha/.capsule/apps/net.corda.webserver.WebServer_0.14.0/kotlin-stdlib-jre8-1.1.1.jar:/home/laddha/.capsule/apps/net.corda.webserver.WebServer_0.14.0/kotlin-reflect-1.1.1.jar:/home/laddha/.capsule/apps/net.corda.webserver.WebServer_0.14.0/jsr305-3.0.1.jar:/home/laddha/.capsule/apps/net.corda.webserver.WebServer_0.14.0/jcl-over-slf4j-1.7.25.jar:/home/laddha/.capsule/apps/net.corda.webserver.WebServer_0.14.0/slf4j-api-1.7.25.jar:/home/laddha/.capsule/apps/net.corda.webserver.WebServer_0.14.0/guava-21.0.jar:/home/laddha/.capsule/apps/net.corda.webserver.WebServer_0.14.0/rxjava-1.2.4.jar:/home/laddha/.capsule/apps/net.corda.webserver.WebServer_0.14.0/kryo-4.0.0.jar:/home/laddha/.capsule/apps/net.corda.webserver.WebServer_0.14.0/kryo-serializers-0.41.jar:/home/laddha/.capsule/apps/net.corda.webserver.WebServer_0.14.0/commons-jexl3-3.0.jar:/home/laddha/.capsule/apps/net.corda.webserver.WebServer_0.14.0/jackson-databind-2.8.5.jar:/home/laddha/.capsule/apps/net.corda.webserver.WebServer_0.14.0/eddsa-0.2.0.jar:/home/laddha/.capsule/apps/net.corda.webserver.WebServer_0.14.0/bcprov-jdk15on-1.57.jar:/home/laddha/.capsule/apps/net.corda.webserver.WebServer_0.14.0/bcpkix-jdk15on-1.57.jar:/home/laddha/.capsule/apps/net.corda.webserver.WebServer_0.14.0/hibernate-jpa-2.1-api-1.0.0.Final.jar:/home/laddha/.capsule/apps/net.corda.webserver.WebServer_0.14.0/requery-kotlin-1.3.1.jar:/home/laddha/.capsule/apps/net.corda.webserver.WebServer_0.14.0/proton-j-0.19.0.jar:/home/laddha/.capsule/apps/net.corda.webserver.WebServer_0.14.0/quasar-core-0.7.6-jdk8.jar:/home/laddha/.capsule/apps/net.corda.webserver.WebServer_0.14.0/corda-node-schemas-0.14.0.jar:/home/laddha/.capsule/apps/net.corda.webserver.WebServer_0.14.0/corda-node-api-0.14.0.jar:/home/laddha/.capsule/apps/net.corda.webserver.WebServer_0.14.0/jackson-module-kotlin-2.8.5.jar:/home/laddha/.capsule/apps/net.corda.webserver.WebServer_0.14.0/jackson-dataformat-yaml-2.8.5.jar:/home/laddha/.capsule/apps/net.corda.webserver.WebServer_0.14.0/jackson-datatype-jsr310-2.8.5.jar:/home/laddha/.capsule/apps/net.corda.webserver.WebServer_0.14.0/jetty-security-9.3.9.v20160517.jar:/home/laddha/.capsule/apps/net.corda.webserver.WebServer_0.14.0/jetty-xml-9.3.9.v20160517.jar:/home/laddha/.capsule/apps/net.corda.webserver.WebServer_0.14.0/jolokia-server-core-2.0.0-M3.jar:/home/laddha/.capsule/apps/net.corda.webserver.WebServer_0.14.0/jolokia-server-detector-2.0.0-M3.jar:/home/laddha/.capsule/apps/net.corda.webserver.WebServer_0.14.0/jolokia-service-jmx-2.0.0-M3.jar:/home/laddha/.capsule/apps/net.corda.webserver.WebServer_0.14.0/jolokia-service-serializer-2.0.0-M3.jar:/home/laddha/.capsule/apps/net.corda.webserver.WebServer_0.14.0/jolokia-service-notif-pull-2.0.0-M3.jar:/home/laddha/.capsule/apps/net.corda.webserver.WebServer_0.14.0/jolokia-service-notif-sse-2.0.0-M3.jar:/home/laddha/.capsule/apps/net.corda.webserver.WebServer_0.14.0/jolokia-service-discovery-2.0.0-M3.jar:/home/laddha/.capsule/apps/net.corda.webserver.WebServer_0.14.0/jolokia-service-history-2.0.0-M3.jar:/home/laddha/.capsule/apps/net.corda.webserver.WebServer_0.14.0/jolokia-service-jsr160-2.0.0-M3.jar:/home/laddha/.capsule/apps/net.corda.webserver.WebServer_0.14.0/commons-io-2.2.jar:/home/laddha/.capsule/apps/net.corda.webserver.WebServer_0.14.0/log4j-api-2.7.jar:/home/laddha/.capsule/apps/net.corda.webserver.WebServer_0.14.0/jersey-common-2.25.jar:/home/laddha/.capsule/apps/net.corda.webserver.WebServer_0.14.0/jersey-client-2.25.jar:/home/laddha/.capsule/apps/net.corda.webserver.WebServer_0.14.0/javax.ws.rs-api-2.0.1.jar:/home/laddha/.capsule/apps/net.corda.webserver.WebServer_0.14.0/jersey-media-jaxb-2.25.jar:/home/laddha/.capsule/apps/net.corda.webserver.WebServer_0.14.0/javax.annotation-api-1.2.jar:/home/laddha/.capsule/apps/net.corda.webserver.WebServer_0.14.0/hk2-api-2.5.0-b30.jar:/home/laddha/.capsule/apps/net.corda.webserver.WebServer_0.14.0/javax.inject-2.5.0-b30.jar:/home/laddha/.capsule/apps/net.corda.webserver.WebServer_0.14.0/hk2-locator-2.5.0-b30.jar:/home/laddha/.capsule/apps/net.corda.webserver.WebServer_0.14.0/validation-api-1.1.0.Final.jar:/home/laddha/.capsule/apps/net.corda.webserver.WebServer_0.14.0/jetty-continuation-9.2.14.v20151106.jar:/home/laddha/.capsule/apps/net.corda.webserver.WebServer_0.14.0/jersey-entity-filtering-2.25.jar:/home/laddha/.capsule/apps/net.corda.webserver.WebServer_0.14.0/jackson-jaxrs-base-2.8.4.jar:/home/laddha/.capsule/apps/net.corda.webserver.WebServer_0.14.0/jackson-jaxrs-json-provider-2.8.4.jar:/home/laddha/.capsule/apps/net.corda.webserver.WebServer_0.14.0/kotlin-stdlib-1.1.1.jar:/home/laddha/.capsule/apps/net.corda.webserver.WebServer_0.14.0/kotlin-stdlib-jre7-1.1.1.jar:/home/laddha/.capsule/apps/net.corda.webserver.WebServer_0.14.0/reflectasm-1.11.3.jar:/home/laddha/.capsule/apps/net.corda.webserver.WebServer_0.14.0/minlog-1.3.0.jar:/home/laddha/.capsule/apps/net.corda.webserver.WebServer_0.14.0/objenesis-2.2.jar:/home/laddha/.capsule/apps/net.corda.webserver.WebServer_0.14.0/jackson-core-2.8.5.jar:/home/laddha/.capsule/apps/net.corda.webserver.WebServer_0.14.0/requery-1.3.1.jar:/home/laddha/.capsule/apps/net.corda.webserver.WebServer_0.14.0/artemis-core-client-2.1.0.jar:/home/laddha/.capsule/apps/net.corda.webserver.WebServer_0.14.0/artemis-commons-2.1.0.jar:/home/laddha/.capsule/apps/net.corda.webserver.WebServer_0.14.0/config-1.3.1.jar:/home/laddha/.capsule/apps/net.corda.webserver.WebServer_0.14.0/snakeyaml-1.17.jar:/home/laddha/.capsule/apps/net.corda.webserver.WebServer_0.14.0/json-simple-1.1.1.jar:/home/laddha/.capsule/apps/net.corda.webserver.WebServer_0.14.0/jersey-guava-2.25.jar:/home/laddha/.capsule/apps/net.corda.webserver.WebServer_0.14.0/osgi-resource-locator-1.0.1.jar:/home/laddha/.capsule/apps/net.corda.webserver.WebServer_0.14.0/hk2-utils-2.5.0-b30.jar:/home/laddha/.capsule/apps/net.corda.webserver.WebServer_0.14.0/aopalliance-repackaged-2.5.0-b30.jar:/home/laddha/.capsule/apps/net.corda.webserver.WebServer_0.14.0/javassist-3.20.0-GA.jar:/home/laddha/.capsule/apps/net.corda.webserver.WebServer_0.14.0/jackson-module-jaxb-annotations-2.8.4.jar:/home/laddha/.capsule/apps/net.corda.webserver.WebServer_0.14.0/asm-5.0.4.jar:/home/laddha/.capsule/apps/net.corda.webserver.WebServer_0.14.0/jgroups-3.6.13.Final.jar:/home/laddha/.capsule/apps/net.corda.webserver.WebServer_0.14.0/netty-all-4.1.9.Final.jar:/home/laddha/.capsule/apps/net.corda.webserver.WebServer_0.14.0/geronimo-json_1.0_spec-1.0-alpha-1.jar:/home/laddha/.capsule/apps/net.corda.webserver.WebServer_0.14.0/johnzon-core-0.9.5.jar:/home/laddha/.capsule/apps/net.corda.webserver.WebServer_0.14.0/jboss-logging-3.3.0.Final.jar:/home/laddha/.capsule/apps/net.corda.webserver.WebServer_0.14.0/commons-beanutils-1.9.2.jar:/home/laddha/.capsule/apps/net.corda.webserver.WebServer_0.14.0/javax.inject-1.jar:/home/laddha/.capsule/apps/net.corda.webserver.WebServer_0.14.0/commons-collections-3.2.1.jar:/home/laddha/.capsule/apps/net.corda.webserver.WebServer_0.14.0/jackson-annotations-2.8.5.jar:/home/laddha/.capsule/apps/net.corda.webserver.WebServer_0.14.0/annotations-13.0.jar:/home/laddha/.capsule/apps/net.corda.webserver.WebServer_0.14.0/jetty-server-9.3.9.v20160517.jar:/home/laddha/.capsule/apps/net.corda.webserver.WebServer_0.14.0/jetty-http-9.3.9.v20160517.jar:/home/laddha/.capsule/apps/net.corda.webserver.WebServer_0.14.0/jetty-io-9.3.9.v20160517.jar:/home/laddha/.capsule/apps/net.corda.webserver.WebServer_0.14.0/jetty-util-9.3.9.v20160517.jar:/home/laddha/.capsule/apps/net.corda.webserver.WebServer_0.14.0/corda-webserver-impl-0.14.0.jar:/home/laddha/forwards-check/build/nodes/NodeA/plugins/forwards-check-0.1.jar:/home/laddha/.capsule/apps/net.corda.webserver.WebServer_0.14.0/quasar-core-0.7.6-jdk8.jar
[INFO ] 2018-07-10T07:07:02,511Z [main] Main.main - VM OpenJDK 64-Bit Server VM Oracle Corporation 25.171-b11
[INFO ] 2018-07-10T07:07:02,511Z [main] Main.main - Machine: A-Laptop-has-no-Name
[INFO ] 2018-07-10T07:07:02,511Z [main] Main.main - Working Directory: /home/laddha/forwards-check/build/nodes/NodeA
[INFO ] 2018-07-10T07:07:07,456Z [main] Main.main - Starting as webserver on localhost:10007
[INFO ] 2018-07-10T07:07:07,638Z [main] BasicInfo.logAndMaybePrint - Starting as webserver: localhost:10007
[INFO ] 2018-07-10T07:07:07,645Z [main] internal.NodeWebServer.connectLocalRpcAsNodeUser - Connecting to node at localhost:10005 as node user
[WARN ] 2018-07-10T07:07:12,443Z [main] core.client.createTransportConnection - AMQ212007: connector.create or connectorFactory.createConnector should never throw an exception, implementation is badly behaved, but we will deal with it anyway.
java.lang.IllegalStateException: Unable to create NettyConnector for localhost:10005
	at org.apache.activemq.artemis.core.remoting.impl.netty.NettyConnector.start(NettyConnector.java:494) ~[artemis-core-client-2.1.0.jar:2.1.0]
	at org.apache.activemq.artemis.core.client.impl.ClientSessionFactoryImpl.openTransportConnection(ClientSessionFactoryImpl.java:1034) ~[artemis-core-client-2.1.0.jar:2.1.0]
	at org.apache.activemq.artemis.core.client.impl.ClientSessionFactoryImpl.createTransportConnection(ClientSessionFactoryImpl.java:1076) [artemis-core-client-2.1.0.jar:2.1.0]
	at org.apache.activemq.artemis.core.client.impl.ClientSessionFactoryImpl.establishNewConnection(ClientSessionFactoryImpl.java:1254) [artemis-core-client-2.1.0.jar:2.1.0]
	at org.apache.activemq.artemis.core.client.impl.ClientSessionFactoryImpl.getConnection(ClientSessionFactoryImpl.java:891) [artemis-core-client-2.1.0.jar:2.1.0]
	at org.apache.activemq.artemis.core.client.impl.ClientSessionFactoryImpl.getConnectionWithRetry(ClientSessionFactoryImpl.java:795) [artemis-core-client-2.1.0.jar:2.1.0]
	at org.apache.activemq.artemis.core.client.impl.ClientSessionFactoryImpl.connect(ClientSessionFactoryImpl.java:238) [artemis-core-client-2.1.0.jar:2.1.0]
	at org.apache.activemq.artemis.core.client.impl.ServerLocatorImpl.createSessionFactory(ServerLocatorImpl.java:772) [artemis-core-client-2.1.0.jar:2.1.0]
	at net.corda.client.rpc.internal.RPCClientProxyHandler$sessionAndProducerPool$1.invoke(RPCClientProxyHandler.kt:146) [corda-rpc-0.14.0.jar:?]
	at net.corda.client.rpc.internal.RPCClientProxyHandler$sessionAndProducerPool$1.invoke(RPCClientProxyHandler.kt:60) [corda-rpc-0.14.0.jar:?]
	at net.corda.core.internal.LazyPool.borrow(LazyPool.kt:42) [corda-core-0.14.0.jar:?]
	at net.corda.client.rpc.internal.RPCClientProxyHandler.start(RPCClientProxyHandler.kt:423) [corda-rpc-0.14.0.jar:?]
	at net.corda.client.rpc.internal.RPCClient$start$1.invoke(RPCClient.kt:155) [corda-rpc-0.14.0.jar:?]
	at net.corda.client.rpc.internal.RPCClient$start$1.invoke(RPCClient.kt:88) [corda-rpc-0.14.0.jar:?]
	at net.corda.core.internal.InternalUtilsKt.logElapsedTime(InternalUtils.kt:161) [corda-core-0.14.0.jar:?]
	at net.corda.core.internal.InternalUtilsKt.logElapsedTime(InternalUtils.kt:153) [corda-core-0.14.0.jar:?]
	at net.corda.client.rpc.internal.RPCClient.start(RPCClient.kt:142) [corda-rpc-0.14.0.jar:?]
	at net.corda.client.rpc.CordaRPCClient.start(CordaRPCClient.kt:62) [corda-rpc-0.14.0.jar:?]
	at net.corda.webserver.internal.NodeWebServer.connectLocalRpcAsNodeUser(NodeWebServer.kt:202) [corda-webserver-impl-0.14.0.jar:?]
	at net.corda.webserver.internal.NodeWebServer.retryConnectLocalRpc(NodeWebServer.kt:180) [corda-webserver-impl-0.14.0.jar:?]
	at net.corda.webserver.internal.NodeWebServer.start(NodeWebServer.kt:43) [corda-webserver-impl-0.14.0.jar:?]
	at net.corda.webserver.WebServer.main(WebServer.kt:61) [corda-webserver-impl-0.14.0.jar:?]
Caused by: java.lang.Exception: Failed to find a store at /home/laddha/forwards-check/build/nodes/NodeA/certificates/sslkeystore.jks
	at org.apache.activemq.artemis.core.remoting.impl.ssl.SSLSupport.validateStoreURL(SSLSupport.java:148) ~[artemis-core-client-2.1.0.jar:2.1.0]
	at org.apache.activemq.artemis.core.remoting.impl.ssl.SSLSupport.loadKeystore(SSLSupport.java:101) ~[artemis-core-client-2.1.0.jar:2.1.0]
	at org.apache.activemq.artemis.core.remoting.impl.ssl.SSLSupport.loadKeyManagers(SSLSupport.java:123) ~[artemis-core-client-2.1.0.jar:2.1.0]
	at org.apache.activemq.artemis.core.remoting.impl.ssl.SSLSupport.createContext(SSLSupport.java:52) ~[artemis-core-client-2.1.0.jar:2.1.0]
	at org.apache.activemq.artemis.core.remoting.impl.netty.NettyConnector.start(NettyConnector.java:490) ~[artemis-core-client-2.1.0.jar:2.1.0]
	... 21 more
[INFO ] 2018-07-10T07:07:12,747Z [main] internal.RPCClient.logElapsedTime - Startup took 4439 msec
[INFO ] 2018-07-10T07:07:13,749Z [main] internal.NodeWebServer.connectLocalRpcAsNodeUser - Connecting to node at localhost:10005 as node user
[INFO ] 2018-07-10T07:07:15,703Z [main] internal.RPCClient.logElapsedTime - Startup took 1638 msec
[INFO ] 2018-07-10T07:07:16,704Z [main] internal.NodeWebServer.connectLocalRpcAsNodeUser - Connecting to node at localhost:10005 as node user
[INFO ] 2018-07-10T07:07:16,780Z [main] internal.RPCClient.logElapsedTime - Startup took 74 msec
[INFO ] 2018-07-10T07:07:17,782Z [main] internal.NodeWebServer.connectLocalRpcAsNodeUser - Connecting to node at localhost:10005 as node user
[INFO ] 2018-07-10T07:07:17,843Z [main] internal.RPCClient.logElapsedTime - Startup took 59 msec
[INFO ] 2018-07-10T07:07:18,844Z [main] internal.NodeWebServer.connectLocalRpcAsNodeUser - Connecting to node at localhost:10005 as node user
[INFO ] 2018-07-10T07:07:18,911Z [main] internal.RPCClient.logElapsedTime - Startup took 66 msec
[INFO ] 2018-07-10T07:07:19,912Z [main] internal.NodeWebServer.connectLocalRpcAsNodeUser - Connecting to node at localhost:10005 as node user
[INFO ] 2018-07-10T07:07:19,946Z [main] internal.RPCClient.logElapsedTime - Startup took 33 msec
[INFO ] 2018-07-10T07:07:20,947Z [main] internal.NodeWebServer.connectLocalRpcAsNodeUser - Connecting to node at localhost:10005 as node user
[INFO ] 2018-07-10T07:07:20,974Z [main] internal.RPCClient.logElapsedTime - Startup took 26 msec
[INFO ] 2018-07-10T07:07:21,978Z [main] internal.NodeWebServer.connectLocalRpcAsNodeUser - Connecting to node at localhost:10005 as node user
[INFO ] 2018-07-10T07:07:22,008Z [main] internal.RPCClient.logElapsedTime - Startup took 28 msec
[INFO ] 2018-07-10T07:07:23,009Z [main] internal.NodeWebServer.connectLocalRpcAsNodeUser - Connecting to node at localhost:10005 as node user
[INFO ] 2018-07-10T07:07:23,075Z [main] internal.RPCClient.logElapsedTime - Startup took 51 msec
[INFO ] 2018-07-10T07:07:24,087Z [main] internal.NodeWebServer.connectLocalRpcAsNodeUser - Connecting to node at localhost:10005 as node user
[INFO ] 2018-07-10T07:07:24,115Z [main] internal.RPCClient.logElapsedTime - Startup took 27 msec
[INFO ] 2018-07-10T07:07:25,116Z [main] internal.NodeWebServer.connectLocalRpcAsNodeUser - Connecting to node at localhost:10005 as node user
[INFO ] 2018-07-10T07:07:25,128Z [main] internal.RPCClient.logElapsedTime - Startup took 10 msec
[INFO ] 2018-07-10T07:07:26,129Z [main] internal.NodeWebServer.connectLocalRpcAsNodeUser - Connecting to node at localhost:10005 as node user
[INFO ] 2018-07-10T07:07:26,144Z [main] internal.RPCClient.logElapsedTime - Startup took 14 msec
[INFO ] 2018-07-10T07:07:27,145Z [main] internal.NodeWebServer.connectLocalRpcAsNodeUser - Connecting to node at localhost:10005 as node user
[INFO ] 2018-07-10T07:07:27,182Z [main] internal.RPCClient.logElapsedTime - Startup took 35 msec
[INFO ] 2018-07-10T07:07:28,183Z [main] internal.NodeWebServer.connectLocalRpcAsNodeUser - Connecting to node at localhost:10005 as node user
[INFO ] 2018-07-10T07:07:28,207Z [main] internal.RPCClient.logElapsedTime - Startup took 22 msec
[INFO ] 2018-07-10T07:07:29,207Z [main] internal.NodeWebServer.connectLocalRpcAsNodeUser - Connecting to node at localhost:10005 as node user
[INFO ] 2018-07-10T07:07:29,227Z [main] internal.RPCClient.logElapsedTime - Startup took 17 msec
[INFO ] 2018-07-10T07:07:30,239Z [main] internal.NodeWebServer.connectLocalRpcAsNodeUser - Connecting to node at localhost:10005 as node user
[INFO ] 2018-07-10T07:07:30,259Z [main] internal.RPCClient.logElapsedTime - Startup took 19 msec
[INFO ] 2018-07-10T07:07:31,260Z [main] internal.NodeWebServer.connectLocalRpcAsNodeUser - Connecting to node at localhost:10005 as node user
[INFO ] 2018-07-10T07:07:31,268Z [main] internal.RPCClient.logElapsedTime - Startup took 7 msec
[INFO ] 2018-07-10T07:07:32,269Z [main] internal.NodeWebServer.connectLocalRpcAsNodeUser - Connecting to node at localhost:10005 as node user
[INFO ] 2018-07-10T07:07:32,301Z [main] internal.RPCClient.logElapsedTime - Startup took 30 msec
[INFO ] 2018-07-10T07:07:33,302Z [main] internal.NodeWebServer.connectLocalRpcAsNodeUser - Connecting to node at localhost:10005 as node user
[INFO ] 2018-07-10T07:07:33,306Z [main] internal.RPCClient.logElapsedTime - Startup took 3 msec
[INFO ] 2018-07-10T07:07:34,307Z [main] internal.NodeWebServer.connectLocalRpcAsNodeUser - Connecting to node at localhost:10005 as node user
[INFO ] 2018-07-10T07:07:34,322Z [main] internal.RPCClient.logElapsedTime - Startup took 14 msec
[INFO ] 2018-07-10T07:07:35,323Z [main] internal.NodeWebServer.connectLocalRpcAsNodeUser - Connecting to node at localhost:10005 as node user
[INFO ] 2018-07-10T07:07:35,343Z [main] internal.RPCClient.logElapsedTime - Startup took 18 msec
[INFO ] 2018-07-10T07:07:36,351Z [main] internal.NodeWebServer.connectLocalRpcAsNodeUser - Connecting to node at localhost:10005 as node user
[INFO ] 2018-07-10T07:07:36,395Z [main] internal.RPCClient.logElapsedTime - Startup took 42 msec
[INFO ] 2018-07-10T07:07:37,400Z [main] internal.NodeWebServer.connectLocalRpcAsNodeUser - Connecting to node at localhost:10005 as node user
[INFO ] 2018-07-10T07:07:37,450Z [main] internal.RPCClient.logElapsedTime - Startup took 48 msec
[INFO ] 2018-07-10T07:07:38,450Z [main] internal.NodeWebServer.connectLocalRpcAsNodeUser - Connecting to node at localhost:10005 as node user
[INFO ] 2018-07-10T07:07:38,483Z [main] internal.RPCClient.logElapsedTime - Startup took 31 msec
[INFO ] 2018-07-10T07:07:39,483Z [main] internal.NodeWebServer.connectLocalRpcAsNodeUser - Connecting to node at localhost:10005 as node user
[INFO ] 2018-07-10T07:07:39,519Z [main] internal.RPCClient.logElapsedTime - Startup took 34 msec
[INFO ] 2018-07-10T07:07:40,519Z [main] internal.NodeWebServer.connectLocalRpcAsNodeUser - Connecting to node at localhost:10005 as node user
[INFO ] 2018-07-10T07:07:40,556Z [main] internal.RPCClient.logElapsedTime - Startup took 35 msec
[INFO ] 2018-07-10T07:07:41,558Z [main] internal.NodeWebServer.connectLocalRpcAsNodeUser - Connecting to node at localhost:10005 as node user
[INFO ] 2018-07-10T07:07:41,591Z [main] internal.RPCClient.logElapsedTime - Startup took 27 msec
[INFO ] 2018-07-10T07:07:42,596Z [main] internal.NodeWebServer.connectLocalRpcAsNodeUser - Connecting to node at localhost:10005 as node user
[INFO ] 2018-07-10T07:07:42,615Z [main] internal.RPCClient.logElapsedTime - Startup took 17 msec
[INFO ] 2018-07-10T07:07:43,615Z [main] internal.NodeWebServer.connectLocalRpcAsNodeUser - Connecting to node at localhost:10005 as node user
[INFO ] 2018-07-10T07:07:43,650Z [main] internal.RPCClient.logElapsedTime - Startup took 33 msec
[INFO ] 2018-07-10T07:07:44,651Z [main] internal.NodeWebServer.connectLocalRpcAsNodeUser - Connecting to node at localhost:10005 as node user
[INFO ] 2018-07-10T07:07:44,679Z [main] internal.RPCClient.logElapsedTime - Startup took 27 msec
[INFO ] 2018-07-10T07:07:45,680Z [main] internal.NodeWebServer.connectLocalRpcAsNodeUser - Connecting to node at localhost:10005 as node user
[INFO ] 2018-07-10T07:07:45,704Z [main] internal.RPCClient.logElapsedTime - Startup took 22 msec
[INFO ] 2018-07-10T07:07:46,705Z [main] internal.NodeWebServer.connectLocalRpcAsNodeUser - Connecting to node at localhost:10005 as node user
[INFO ] 2018-07-10T07:07:46,747Z [main] internal.RPCClient.logElapsedTime - Startup took 41 msec
[INFO ] 2018-07-10T07:07:47,748Z [main] internal.NodeWebServer.connectLocalRpcAsNodeUser - Connecting to node at localhost:10005 as node user
[INFO ] 2018-07-10T07:07:53,785Z [main] internal.RPCClient.logElapsedTime - Startup took 6036 msec
[INFO ] 2018-07-10T07:07:53,849Z [main] util.log.initialized - Logging initialized @61608ms
[WARN ] 2018-07-10T07:07:53,943Z [main] internal.NodeWebServer.initWebServer - Unable to locate Jolokia WAR on classpath
[INFO ] 2018-07-10T07:07:56,805Z [main] internal.NodeWebServer.buildServletContextHandler - Add plugin web API from attachment com.template.CheckKt$sam$Function$5d7cf681@6f65aa58
[INFO ] 2018-07-10T07:07:57,194Z [main] server.Server.doStart - jetty-9.3.9.v20160517
[INFO ] 2018-07-10T07:08:02,072Z [main] handler.ContextHandler.doStart - Started o.e.j.s.ServletContextHandler@43094e0c{/,null,AVAILABLE}
[INFO ] 2018-07-10T07:08:02,263Z [main] server.AbstractConnector.doStart - Started ServerConnector@6ab826bb{HTTP/1.1,[http/1.1]}{0.0.0.0:10007}
[INFO ] 2018-07-10T07:08:02,263Z [main] server.Server.doStart - Started @70029ms
[INFO ] 2018-07-10T07:08:02,263Z [main] internal.NodeWebServer.initWebServer - Starting webserver on address localhost:10007
[WARN ] 2018-07-10T07:08:31,432Z [Thread-0 (ActiveMQ-client-global-threads)] core.client.fail - AMQ212037: Connection failure has been detected: AMQ119015: The connection was disconnected because of server shutdown [code=DISCONNECTED]
[WARN ] 2018-07-10T07:08:31,461Z [Thread-1 (ActiveMQ-client-global-threads)] core.client.fail - AMQ212037: Connection failure has been detected: AMQ119015: The connection was disconnected because of server shutdown [code=DISCONNECTED]
[INFO ] 2018-07-11T07:35:32,971Z [main] webserver.CmdLineOptions.loadConfig - Config:
{
    # hardcoded value
    "basedir" : "/home/laddha/forwards-check/build/nodes/NodeA",
    # /home/laddha/forwards-check/build/nodes/NodeA/node.conf: 1
    "extraAdvertisedServiceIds" : [],
    # web-reference.conf @ jar:file:/home/laddha/.capsule/apps/net.corda.webserver.WebServer_0.14.0/corda-webserver-impl-0.14.0.jar!/web-reference.conf: 2
    "keyStorePassword" : "cordacadevpass",
    # /home/laddha/forwards-check/build/nodes/NodeA/node.conf: 2
    "myLegalName" : "CN=NodeA,O=NodeA,L=London,C=UK",
    # /home/laddha/forwards-check/build/nodes/NodeA/node.conf: 3
    "networkMapService" : {
        # /home/laddha/forwards-check/build/nodes/NodeA/node.conf: 4
        "address" : "localhost:10002",
        # /home/laddha/forwards-check/build/nodes/NodeA/node.conf: 5
        "legalName" : "CN=Controller,O=R3,OU=corda,L=London,C=UK"
    },
    # /home/laddha/forwards-check/build/nodes/NodeA/node.conf: 7
    "p2pAddress" : "localhost:10005",
    # /home/laddha/forwards-check/build/nodes/NodeA/node.conf: 8
    "rpcAddress" : "localhost:10006",
    # /home/laddha/forwards-check/build/nodes/NodeA/node.conf: 9
    "rpcUsers" : [
        # /home/laddha/forwards-check/build/nodes/NodeA/node.conf: 10
        {
            # /home/laddha/forwards-check/build/nodes/NodeA/node.conf: 11
            "password" : "test",
            # /home/laddha/forwards-check/build/nodes/NodeA/node.conf: 12
            "permissions" : [],
            # /home/laddha/forwards-check/build/nodes/NodeA/node.conf: 13
            "user" : "user1"
        }
    ],
    # web-reference.conf @ jar:file:/home/laddha/.capsule/apps/net.corda.webserver.WebServer_0.14.0/corda-webserver-impl-0.14.0.jar!/web-reference.conf: 3
    "trustStorePassword" : "trustpass",
    # web-reference.conf @ jar:file:/home/laddha/.capsule/apps/net.corda.webserver.WebServer_0.14.0/corda-webserver-impl-0.14.0.jar!/web-reference.conf: 1
    "useHTTPS" : false,
    # /home/laddha/forwards-check/build/nodes/NodeA/node.conf: 16
    "webAddress" : "localhost:10007"
}

[INFO ] 2018-07-11T07:35:33,022Z [main] Main.main - Main class: /home/laddha/.capsule/apps/net.corda.webserver.WebServer_0.14.0/corda-webserver-impl-0.14.0.jar
[INFO ] 2018-07-11T07:35:33,346Z [main] Main.main - CommandLine Args: -Xmx200m -XX:+UseG1GC -agentlib:jdwp=transport=dt_socket,server=y,suspend=n,address=5009 -javaagent:/home/laddha/.capsule/apps/net.corda.webserver.WebServer_0.14.0/quasar-core-0.7.6-jdk8.jar -Dvisualvm.display.name=Corda -Djava.library.path=/usr/java/packages/lib/amd64:/usr/lib/x86_64-linux-gnu/jni:/lib/x86_64-linux-gnu:/usr/lib/x86_64-linux-gnu:/usr/lib/jni:/lib:/usr/lib:/home/laddha/.capsule/apps/net.corda.webserver.WebServer_0.14.0 -Dcapsule.app=net.corda.webserver.WebServer_0.14.0 -Dname=NodeA-corda-webserver.jar -DWebserver -Dcapsule.dir=/home/laddha/.capsule/apps/net.corda.webserver.WebServer_0.14.0 -Dcapsule.jar=/home/laddha/forwards-check/build/nodes/NodeA/corda-webserver.jar
[INFO ] 2018-07-11T07:35:33,798Z [main] Main.main - Application Args: 
[INFO ] 2018-07-11T07:35:33,807Z [main] Main.main - bootclasspath: /usr/lib/jvm/java-8-openjdk-amd64/jre/lib/resources.jar:/usr/lib/jvm/java-8-openjdk-amd64/jre/lib/rt.jar:/usr/lib/jvm/java-8-openjdk-amd64/jre/lib/sunrsasign.jar:/usr/lib/jvm/java-8-openjdk-amd64/jre/lib/jsse.jar:/usr/lib/jvm/java-8-openjdk-amd64/jre/lib/jce.jar:/usr/lib/jvm/java-8-openjdk-amd64/jre/lib/charsets.jar:/usr/lib/jvm/java-8-openjdk-amd64/jre/lib/jfr.jar:/usr/lib/jvm/java-8-openjdk-amd64/jre/classes
[INFO ] 2018-07-11T07:35:33,810Z [main] Main.main - classpath: /home/laddha/forwards-check/build/nodes/NodeA/corda-webserver.jar:/home/laddha/.capsule/apps/net.corda.webserver.WebServer_0.14.0/corda-core-0.14.0.jar:/home/laddha/.capsule/apps/net.corda.webserver.WebServer_0.14.0/corda-finance-0.14.0.jar:/home/laddha/.capsule/apps/net.corda.webserver.WebServer_0.14.0/corda-rpc-0.14.0.jar:/home/laddha/.capsule/apps/net.corda.webserver.WebServer_0.14.0/corda-jackson-0.14.0.jar:/home/laddha/.capsule/apps/net.corda.webserver.WebServer_0.14.0/jetty-servlet-9.3.9.v20160517.jar:/home/laddha/.capsule/apps/net.corda.webserver.WebServer_0.14.0/jetty-webapp-9.3.9.v20160517.jar:/home/laddha/.capsule/apps/net.corda.webserver.WebServer_0.14.0/javax.servlet-api-3.1.0.jar:/home/laddha/.capsule/apps/net.corda.webserver.WebServer_0.14.0/commons-fileupload-1.3.2.jar:/home/laddha/.capsule/apps/net.corda.webserver.WebServer_0.14.0/log4j-slf4j-impl-2.7.jar:/home/laddha/.capsule/apps/net.corda.webserver.WebServer_0.14.0/log4j-core-2.7.jar:/home/laddha/.capsule/apps/net.corda.webserver.WebServer_0.14.0/jopt-simple-5.0.2.jar:/home/laddha/.capsule/apps/net.corda.webserver.WebServer_0.14.0/jersey-server-2.25.jar:/home/laddha/.capsule/apps/net.corda.webserver.WebServer_0.14.0/jersey-container-servlet-core-2.25.jar:/home/laddha/.capsule/apps/net.corda.webserver.WebServer_0.14.0/jersey-container-jetty-http-2.25.jar:/home/laddha/.capsule/apps/net.corda.webserver.WebServer_0.14.0/jersey-media-json-jackson-2.25.jar:/home/laddha/.capsule/apps/net.corda.webserver.WebServer_0.14.0/kotlinx-html-jvm-0.6.3.jar:/home/laddha/.capsule/apps/net.corda.webserver.WebServer_0.14.0/kotlin-stdlib-jre8-1.1.1.jar:/home/laddha/.capsule/apps/net.corda.webserver.WebServer_0.14.0/kotlin-reflect-1.1.1.jar:/home/laddha/.capsule/apps/net.corda.webserver.WebServer_0.14.0/jsr305-3.0.1.jar:/home/laddha/.capsule/apps/net.corda.webserver.WebServer_0.14.0/jcl-over-slf4j-1.7.25.jar:/home/laddha/.capsule/apps/net.corda.webserver.WebServer_0.14.0/slf4j-api-1.7.25.jar:/home/laddha/.capsule/apps/net.corda.webserver.WebServer_0.14.0/guava-21.0.jar:/home/laddha/.capsule/apps/net.corda.webserver.WebServer_0.14.0/rxjava-1.2.4.jar:/home/laddha/.capsule/apps/net.corda.webserver.WebServer_0.14.0/kryo-4.0.0.jar:/home/laddha/.capsule/apps/net.corda.webserver.WebServer_0.14.0/kryo-serializers-0.41.jar:/home/laddha/.capsule/apps/net.corda.webserver.WebServer_0.14.0/commons-jexl3-3.0.jar:/home/laddha/.capsule/apps/net.corda.webserver.WebServer_0.14.0/jackson-databind-2.8.5.jar:/home/laddha/.capsule/apps/net.corda.webserver.WebServer_0.14.0/eddsa-0.2.0.jar:/home/laddha/.capsule/apps/net.corda.webserver.WebServer_0.14.0/bcprov-jdk15on-1.57.jar:/home/laddha/.capsule/apps/net.corda.webserver.WebServer_0.14.0/bcpkix-jdk15on-1.57.jar:/home/laddha/.capsule/apps/net.corda.webserver.WebServer_0.14.0/hibernate-jpa-2.1-api-1.0.0.Final.jar:/home/laddha/.capsule/apps/net.corda.webserver.WebServer_0.14.0/requery-kotlin-1.3.1.jar:/home/laddha/.capsule/apps/net.corda.webserver.WebServer_0.14.0/proton-j-0.19.0.jar:/home/laddha/.capsule/apps/net.corda.webserver.WebServer_0.14.0/quasar-core-0.7.6-jdk8.jar:/home/laddha/.capsule/apps/net.corda.webserver.WebServer_0.14.0/corda-node-schemas-0.14.0.jar:/home/laddha/.capsule/apps/net.corda.webserver.WebServer_0.14.0/corda-node-api-0.14.0.jar:/home/laddha/.capsule/apps/net.corda.webserver.WebServer_0.14.0/jackson-module-kotlin-2.8.5.jar:/home/laddha/.capsule/apps/net.corda.webserver.WebServer_0.14.0/jackson-dataformat-yaml-2.8.5.jar:/home/laddha/.capsule/apps/net.corda.webserver.WebServer_0.14.0/jackson-datatype-jsr310-2.8.5.jar:/home/laddha/.capsule/apps/net.corda.webserver.WebServer_0.14.0/jetty-security-9.3.9.v20160517.jar:/home/laddha/.capsule/apps/net.corda.webserver.WebServer_0.14.0/jetty-xml-9.3.9.v20160517.jar:/home/laddha/.capsule/apps/net.corda.webserver.WebServer_0.14.0/jolokia-server-core-2.0.0-M3.jar:/home/laddha/.capsule/apps/net.corda.webserver.WebServer_0.14.0/jolokia-server-detector-2.0.0-M3.jar:/home/laddha/.capsule/apps/net.corda.webserver.WebServer_0.14.0/jolokia-service-jmx-2.0.0-M3.jar:/home/laddha/.capsule/apps/net.corda.webserver.WebServer_0.14.0/jolokia-service-serializer-2.0.0-M3.jar:/home/laddha/.capsule/apps/net.corda.webserver.WebServer_0.14.0/jolokia-service-notif-pull-2.0.0-M3.jar:/home/laddha/.capsule/apps/net.corda.webserver.WebServer_0.14.0/jolokia-service-notif-sse-2.0.0-M3.jar:/home/laddha/.capsule/apps/net.corda.webserver.WebServer_0.14.0/jolokia-service-discovery-2.0.0-M3.jar:/home/laddha/.capsule/apps/net.corda.webserver.WebServer_0.14.0/jolokia-service-history-2.0.0-M3.jar:/home/laddha/.capsule/apps/net.corda.webserver.WebServer_0.14.0/jolokia-service-jsr160-2.0.0-M3.jar:/home/laddha/.capsule/apps/net.corda.webserver.WebServer_0.14.0/commons-io-2.2.jar:/home/laddha/.capsule/apps/net.corda.webserver.WebServer_0.14.0/log4j-api-2.7.jar:/home/laddha/.capsule/apps/net.corda.webserver.WebServer_0.14.0/jersey-common-2.25.jar:/home/laddha/.capsule/apps/net.corda.webserver.WebServer_0.14.0/jersey-client-2.25.jar:/home/laddha/.capsule/apps/net.corda.webserver.WebServer_0.14.0/javax.ws.rs-api-2.0.1.jar:/home/laddha/.capsule/apps/net.corda.webserver.WebServer_0.14.0/jersey-media-jaxb-2.25.jar:/home/laddha/.capsule/apps/net.corda.webserver.WebServer_0.14.0/javax.annotation-api-1.2.jar:/home/laddha/.capsule/apps/net.corda.webserver.WebServer_0.14.0/hk2-api-2.5.0-b30.jar:/home/laddha/.capsule/apps/net.corda.webserver.WebServer_0.14.0/javax.inject-2.5.0-b30.jar:/home/laddha/.capsule/apps/net.corda.webserver.WebServer_0.14.0/hk2-locator-2.5.0-b30.jar:/home/laddha/.capsule/apps/net.corda.webserver.WebServer_0.14.0/validation-api-1.1.0.Final.jar:/home/laddha/.capsule/apps/net.corda.webserver.WebServer_0.14.0/jetty-continuation-9.2.14.v20151106.jar:/home/laddha/.capsule/apps/net.corda.webserver.WebServer_0.14.0/jersey-entity-filtering-2.25.jar:/home/laddha/.capsule/apps/net.corda.webserver.WebServer_0.14.0/jackson-jaxrs-base-2.8.4.jar:/home/laddha/.capsule/apps/net.corda.webserver.WebServer_0.14.0/jackson-jaxrs-json-provider-2.8.4.jar:/home/laddha/.capsule/apps/net.corda.webserver.WebServer_0.14.0/kotlin-stdlib-1.1.1.jar:/home/laddha/.capsule/apps/net.corda.webserver.WebServer_0.14.0/kotlin-stdlib-jre7-1.1.1.jar:/home/laddha/.capsule/apps/net.corda.webserver.WebServer_0.14.0/reflectasm-1.11.3.jar:/home/laddha/.capsule/apps/net.corda.webserver.WebServer_0.14.0/minlog-1.3.0.jar:/home/laddha/.capsule/apps/net.corda.webserver.WebServer_0.14.0/objenesis-2.2.jar:/home/laddha/.capsule/apps/net.corda.webserver.WebServer_0.14.0/jackson-core-2.8.5.jar:/home/laddha/.capsule/apps/net.corda.webserver.WebServer_0.14.0/requery-1.3.1.jar:/home/laddha/.capsule/apps/net.corda.webserver.WebServer_0.14.0/artemis-core-client-2.1.0.jar:/home/laddha/.capsule/apps/net.corda.webserver.WebServer_0.14.0/artemis-commons-2.1.0.jar:/home/laddha/.capsule/apps/net.corda.webserver.WebServer_0.14.0/config-1.3.1.jar:/home/laddha/.capsule/apps/net.corda.webserver.WebServer_0.14.0/snakeyaml-1.17.jar:/home/laddha/.capsule/apps/net.corda.webserver.WebServer_0.14.0/json-simple-1.1.1.jar:/home/laddha/.capsule/apps/net.corda.webserver.WebServer_0.14.0/jersey-guava-2.25.jar:/home/laddha/.capsule/apps/net.corda.webserver.WebServer_0.14.0/osgi-resource-locator-1.0.1.jar:/home/laddha/.capsule/apps/net.corda.webserver.WebServer_0.14.0/hk2-utils-2.5.0-b30.jar:/home/laddha/.capsule/apps/net.corda.webserver.WebServer_0.14.0/aopalliance-repackaged-2.5.0-b30.jar:/home/laddha/.capsule/apps/net.corda.webserver.WebServer_0.14.0/javassist-3.20.0-GA.jar:/home/laddha/.capsule/apps/net.corda.webserver.WebServer_0.14.0/jackson-module-jaxb-annotations-2.8.4.jar:/home/laddha/.capsule/apps/net.corda.webserver.WebServer_0.14.0/asm-5.0.4.jar:/home/laddha/.capsule/apps/net.corda.webserver.WebServer_0.14.0/jgroups-3.6.13.Final.jar:/home/laddha/.capsule/apps/net.corda.webserver.WebServer_0.14.0/netty-all-4.1.9.Final.jar:/home/laddha/.capsule/apps/net.corda.webserver.WebServer_0.14.0/geronimo-json_1.0_spec-1.0-alpha-1.jar:/home/laddha/.capsule/apps/net.corda.webserver.WebServer_0.14.0/johnzon-core-0.9.5.jar:/home/laddha/.capsule/apps/net.corda.webserver.WebServer_0.14.0/jboss-logging-3.3.0.Final.jar:/home/laddha/.capsule/apps/net.corda.webserver.WebServer_0.14.0/commons-beanutils-1.9.2.jar:/home/laddha/.capsule/apps/net.corda.webserver.WebServer_0.14.0/javax.inject-1.jar:/home/laddha/.capsule/apps/net.corda.webserver.WebServer_0.14.0/commons-collections-3.2.1.jar:/home/laddha/.capsule/apps/net.corda.webserver.WebServer_0.14.0/jackson-annotations-2.8.5.jar:/home/laddha/.capsule/apps/net.corda.webserver.WebServer_0.14.0/annotations-13.0.jar:/home/laddha/.capsule/apps/net.corda.webserver.WebServer_0.14.0/jetty-server-9.3.9.v20160517.jar:/home/laddha/.capsule/apps/net.corda.webserver.WebServer_0.14.0/jetty-http-9.3.9.v20160517.jar:/home/laddha/.capsule/apps/net.corda.webserver.WebServer_0.14.0/jetty-io-9.3.9.v20160517.jar:/home/laddha/.capsule/apps/net.corda.webserver.WebServer_0.14.0/jetty-util-9.3.9.v20160517.jar:/home/laddha/.capsule/apps/net.corda.webserver.WebServer_0.14.0/corda-webserver-impl-0.14.0.jar:/home/laddha/forwards-check/build/nodes/NodeA/plugins/forwards-check-0.1.jar:/home/laddha/.capsule/apps/net.corda.webserver.WebServer_0.14.0/quasar-core-0.7.6-jdk8.jar
[INFO ] 2018-07-11T07:35:33,821Z [main] Main.main - VM OpenJDK 64-Bit Server VM Oracle Corporation 25.171-b11
[INFO ] 2018-07-11T07:35:33,822Z [main] Main.main - Machine: A-Laptop-has-no-Name
[INFO ] 2018-07-11T07:35:33,824Z [main] Main.main - Working Directory: /home/laddha/forwards-check/build/nodes/NodeA
[INFO ] 2018-07-11T07:35:39,169Z [main] Main.main - Starting as webserver on localhost:10007
[INFO ] 2018-07-11T07:35:39,399Z [main] BasicInfo.logAndMaybePrint - Starting as webserver: localhost:10007
[INFO ] 2018-07-11T07:35:39,400Z [main] internal.NodeWebServer.connectLocalRpcAsNodeUser - Connecting to node at localhost:10005 as node user
[INFO ] 2018-07-11T07:35:46,003Z [main] internal.RPCClient.logElapsedTime - Startup took 5889 msec
[INFO ] 2018-07-11T07:35:47,005Z [main] internal.NodeWebServer.connectLocalRpcAsNodeUser - Connecting to node at localhost:10005 as node user
[INFO ] 2018-07-11T07:35:47,430Z [main] internal.RPCClient.logElapsedTime - Startup took 66 msec
[INFO ] 2018-07-11T07:35:48,431Z [main] internal.NodeWebServer.connectLocalRpcAsNodeUser - Connecting to node at localhost:10005 as node user
[INFO ] 2018-07-11T07:35:48,487Z [main] internal.RPCClient.logElapsedTime - Startup took 54 msec
[INFO ] 2018-07-11T07:35:49,488Z [main] internal.NodeWebServer.connectLocalRpcAsNodeUser - Connecting to node at localhost:10005 as node user
[INFO ] 2018-07-11T07:35:49,535Z [main] internal.RPCClient.logElapsedTime - Startup took 45 msec
[INFO ] 2018-07-11T07:35:50,535Z [main] internal.NodeWebServer.connectLocalRpcAsNodeUser - Connecting to node at localhost:10005 as node user
[INFO ] 2018-07-11T07:35:50,598Z [main] internal.RPCClient.logElapsedTime - Startup took 61 msec
[INFO ] 2018-07-11T07:35:51,599Z [main] internal.NodeWebServer.connectLocalRpcAsNodeUser - Connecting to node at localhost:10005 as node user
[INFO ] 2018-07-11T07:35:51,640Z [main] internal.RPCClient.logElapsedTime - Startup took 39 msec
[INFO ] 2018-07-11T07:35:52,641Z [main] internal.NodeWebServer.connectLocalRpcAsNodeUser - Connecting to node at localhost:10005 as node user
[INFO ] 2018-07-11T07:35:52,664Z [main] internal.RPCClient.logElapsedTime - Startup took 21 msec
[INFO ] 2018-07-11T07:35:53,665Z [main] internal.NodeWebServer.connectLocalRpcAsNodeUser - Connecting to node at localhost:10005 as node user
[INFO ] 2018-07-11T07:35:53,690Z [main] internal.RPCClient.logElapsedTime - Startup took 24 msec
[INFO ] 2018-07-11T07:35:54,692Z [main] internal.NodeWebServer.connectLocalRpcAsNodeUser - Connecting to node at localhost:10005 as node user
[INFO ] 2018-07-11T07:35:54,718Z [main] internal.RPCClient.logElapsedTime - Startup took 25 msec
[INFO ] 2018-07-11T07:35:55,721Z [main] internal.NodeWebServer.connectLocalRpcAsNodeUser - Connecting to node at localhost:10005 as node user
[INFO ] 2018-07-11T07:35:55,767Z [main] internal.RPCClient.logElapsedTime - Startup took 44 msec
[INFO ] 2018-07-11T07:35:56,772Z [main] internal.NodeWebServer.connectLocalRpcAsNodeUser - Connecting to node at localhost:10005 as node user
[INFO ] 2018-07-11T07:35:56,815Z [main] internal.RPCClient.logElapsedTime - Startup took 37 msec
[INFO ] 2018-07-11T07:35:57,816Z [main] internal.NodeWebServer.connectLocalRpcAsNodeUser - Connecting to node at localhost:10005 as node user
[INFO ] 2018-07-11T07:35:57,823Z [main] internal.RPCClient.logElapsedTime - Startup took 5 msec
[INFO ] 2018-07-11T07:35:58,824Z [main] internal.NodeWebServer.connectLocalRpcAsNodeUser - Connecting to node at localhost:10005 as node user
[INFO ] 2018-07-11T07:35:58,847Z [main] internal.RPCClient.logElapsedTime - Startup took 21 msec
[INFO ] 2018-07-11T07:35:59,855Z [main] internal.NodeWebServer.connectLocalRpcAsNodeUser - Connecting to node at localhost:10005 as node user
[INFO ] 2018-07-11T07:35:59,868Z [main] internal.RPCClient.logElapsedTime - Startup took 11 msec
[INFO ] 2018-07-11T07:36:00,869Z [main] internal.NodeWebServer.connectLocalRpcAsNodeUser - Connecting to node at localhost:10005 as node user
[INFO ] 2018-07-11T07:36:00,878Z [main] internal.RPCClient.logElapsedTime - Startup took 8 msec
[INFO ] 2018-07-11T07:36:01,879Z [main] internal.NodeWebServer.connectLocalRpcAsNodeUser - Connecting to node at localhost:10005 as node user
[INFO ] 2018-07-11T07:36:01,901Z [main] internal.RPCClient.logElapsedTime - Startup took 21 msec
[INFO ] 2018-07-11T07:36:02,902Z [main] internal.NodeWebServer.connectLocalRpcAsNodeUser - Connecting to node at localhost:10005 as node user
[INFO ] 2018-07-11T07:36:02,919Z [main] internal.RPCClient.logElapsedTime - Startup took 16 msec
[INFO ] 2018-07-11T07:36:03,921Z [main] internal.NodeWebServer.connectLocalRpcAsNodeUser - Connecting to node at localhost:10005 as node user
[INFO ] 2018-07-11T07:36:03,931Z [main] internal.RPCClient.logElapsedTime - Startup took 8 msec
[INFO ] 2018-07-11T07:36:04,931Z [main] internal.NodeWebServer.connectLocalRpcAsNodeUser - Connecting to node at localhost:10005 as node user
[INFO ] 2018-07-11T07:36:04,944Z [main] internal.RPCClient.logElapsedTime - Startup took 11 msec
[INFO ] 2018-07-11T07:36:05,944Z [main] internal.NodeWebServer.connectLocalRpcAsNodeUser - Connecting to node at localhost:10005 as node user
[INFO ] 2018-07-11T07:36:05,955Z [main] internal.RPCClient.logElapsedTime - Startup took 9 msec
[INFO ] 2018-07-11T07:36:06,956Z [main] internal.NodeWebServer.connectLocalRpcAsNodeUser - Connecting to node at localhost:10005 as node user
[INFO ] 2018-07-11T07:36:06,983Z [main] internal.RPCClient.logElapsedTime - Startup took 26 msec
[INFO ] 2018-07-11T07:36:07,984Z [main] internal.NodeWebServer.connectLocalRpcAsNodeUser - Connecting to node at localhost:10005 as node user
[INFO ] 2018-07-11T07:36:08,009Z [main] internal.RPCClient.logElapsedTime - Startup took 23 msec
[INFO ] 2018-07-11T07:36:09,009Z [main] internal.NodeWebServer.connectLocalRpcAsNodeUser - Connecting to node at localhost:10005 as node user
[INFO ] 2018-07-11T07:36:09,031Z [main] internal.RPCClient.logElapsedTime - Startup took 20 msec
[INFO ] 2018-07-11T07:36:10,032Z [main] internal.NodeWebServer.connectLocalRpcAsNodeUser - Connecting to node at localhost:10005 as node user
[INFO ] 2018-07-11T07:36:10,071Z [main] internal.RPCClient.logElapsedTime - Startup took 38 msec
[INFO ] 2018-07-11T07:36:11,072Z [main] internal.NodeWebServer.connectLocalRpcAsNodeUser - Connecting to node at localhost:10005 as node user
[INFO ] 2018-07-11T07:36:11,099Z [main] internal.RPCClient.logElapsedTime - Startup took 25 msec
[INFO ] 2018-07-11T07:36:12,100Z [main] internal.NodeWebServer.connectLocalRpcAsNodeUser - Connecting to node at localhost:10005 as node user
[INFO ] 2018-07-11T07:36:12,122Z [main] internal.RPCClient.logElapsedTime - Startup took 13 msec
[INFO ] 2018-07-11T07:36:13,123Z [main] internal.NodeWebServer.connectLocalRpcAsNodeUser - Connecting to node at localhost:10005 as node user
[INFO ] 2018-07-11T07:36:13,149Z [main] internal.RPCClient.logElapsedTime - Startup took 24 msec
[INFO ] 2018-07-11T07:36:14,151Z [main] internal.NodeWebServer.connectLocalRpcAsNodeUser - Connecting to node at localhost:10005 as node user
[INFO ] 2018-07-11T07:36:14,189Z [main] internal.RPCClient.logElapsedTime - Startup took 36 msec
[INFO ] 2018-07-11T07:36:15,189Z [main] internal.NodeWebServer.connectLocalRpcAsNodeUser - Connecting to node at localhost:10005 as node user
[INFO ] 2018-07-11T07:36:15,262Z [main] internal.RPCClient.logElapsedTime - Startup took 71 msec
[INFO ] 2018-07-11T07:36:16,263Z [main] internal.NodeWebServer.connectLocalRpcAsNodeUser - Connecting to node at localhost:10005 as node user
[INFO ] 2018-07-11T07:36:16,283Z [main] internal.RPCClient.logElapsedTime - Startup took 18 msec
[INFO ] 2018-07-11T07:36:17,284Z [main] internal.NodeWebServer.connectLocalRpcAsNodeUser - Connecting to node at localhost:10005 as node user
[INFO ] 2018-07-11T07:36:17,297Z [main] internal.RPCClient.logElapsedTime - Startup took 12 msec
[INFO ] 2018-07-11T07:36:18,298Z [main] internal.NodeWebServer.connectLocalRpcAsNodeUser - Connecting to node at localhost:10005 as node user
[INFO ] 2018-07-11T07:36:18,322Z [main] internal.RPCClient.logElapsedTime - Startup took 20 msec
[INFO ] 2018-07-11T07:36:19,323Z [main] internal.NodeWebServer.connectLocalRpcAsNodeUser - Connecting to node at localhost:10005 as node user
[INFO ] 2018-07-11T07:36:19,362Z [main] internal.RPCClient.logElapsedTime - Startup took 38 msec
[INFO ] 2018-07-11T07:36:20,363Z [main] internal.NodeWebServer.connectLocalRpcAsNodeUser - Connecting to node at localhost:10005 as node user
[INFO ] 2018-07-11T07:36:25,249Z [main] internal.RPCClient.logElapsedTime - Startup took 4884 msec
[INFO ] 2018-07-11T07:36:25,278Z [main] util.log.initialized - Logging initialized @59654ms
[WARN ] 2018-07-11T07:36:25,301Z [main] internal.NodeWebServer.initWebServer - Unable to locate Jolokia WAR on classpath
[INFO ] 2018-07-11T07:36:26,743Z [main] internal.NodeWebServer.buildServletContextHandler - Add plugin web API from attachment com.template.CheckKt$sam$Function$5d7cf681@792e8181
[INFO ] 2018-07-11T07:36:26,926Z [main] server.Server.doStart - jetty-9.3.9.v20160517
[INFO ] 2018-07-11T07:36:30,770Z [main] handler.ContextHandler.doStart - Started o.e.j.s.ServletContextHandler@28d16af8{/,null,AVAILABLE}
[INFO ] 2018-07-11T07:36:30,894Z [main] server.AbstractConnector.doStart - Started ServerConnector@25a52a60{HTTP/1.1,[http/1.1]}{0.0.0.0:10007}
[INFO ] 2018-07-11T07:36:30,894Z [main] server.Server.doStart - Started @65273ms
[INFO ] 2018-07-11T07:36:30,898Z [main] internal.NodeWebServer.initWebServer - Starting webserver on address localhost:10007
[WARN ] 2018-07-11T07:46:30,258Z [Thread-2 (ActiveMQ-client-global-threads)] core.client.fail - AMQ212037: Connection failure has been detected: AMQ119015: The connection was disconnected because of server shutdown [code=DISCONNECTED]
[WARN ] 2018-07-11T07:46:30,258Z [Thread-1 (ActiveMQ-client-global-threads)] core.client.fail - AMQ212037: Connection failure has been detected: AMQ119015: The connection was disconnected because of server shutdown [code=DISCONNECTED]
[INFO ] 2018-07-11T09:53:34,366Z [main] webserver.CmdLineOptions.loadConfig - Config:
{
    # hardcoded value
    "basedir" : "/home/laddha/forwards-check/build/nodes/NodeA",
    # /home/laddha/forwards-check/build/nodes/NodeA/node.conf: 1
    "extraAdvertisedServiceIds" : [],
    # web-reference.conf @ jar:file:/home/laddha/.capsule/apps/net.corda.webserver.WebServer_0.14.0/corda-webserver-impl-0.14.0.jar!/web-reference.conf: 2
    "keyStorePassword" : "cordacadevpass",
    # /home/laddha/forwards-check/build/nodes/NodeA/node.conf: 2
    "myLegalName" : "CN=NodeA,O=NodeA,L=London,C=UK",
    # /home/laddha/forwards-check/build/nodes/NodeA/node.conf: 3
    "networkMapService" : {
        # /home/laddha/forwards-check/build/nodes/NodeA/node.conf: 4
        "address" : "localhost:10002",
        # /home/laddha/forwards-check/build/nodes/NodeA/node.conf: 5
        "legalName" : "CN=Controller,O=R3,OU=corda,L=London,C=UK"
    },
    # /home/laddha/forwards-check/build/nodes/NodeA/node.conf: 7
    "p2pAddress" : "localhost:10005",
    # /home/laddha/forwards-check/build/nodes/NodeA/node.conf: 8
    "rpcAddress" : "localhost:10006",
    # /home/laddha/forwards-check/build/nodes/NodeA/node.conf: 9
    "rpcUsers" : [
        # /home/laddha/forwards-check/build/nodes/NodeA/node.conf: 10
        {
            # /home/laddha/forwards-check/build/nodes/NodeA/node.conf: 11
            "password" : "test",
            # /home/laddha/forwards-check/build/nodes/NodeA/node.conf: 12
            "permissions" : [],
            # /home/laddha/forwards-check/build/nodes/NodeA/node.conf: 13
            "user" : "user1"
        }
    ],
    # web-reference.conf @ jar:file:/home/laddha/.capsule/apps/net.corda.webserver.WebServer_0.14.0/corda-webserver-impl-0.14.0.jar!/web-reference.conf: 3
    "trustStorePassword" : "trustpass",
    # web-reference.conf @ jar:file:/home/laddha/.capsule/apps/net.corda.webserver.WebServer_0.14.0/corda-webserver-impl-0.14.0.jar!/web-reference.conf: 1
    "useHTTPS" : false,
    # /home/laddha/forwards-check/build/nodes/NodeA/node.conf: 16
    "webAddress" : "localhost:10007"
}

[INFO ] 2018-07-11T09:53:34,429Z [main] Main.main - Main class: /home/laddha/.capsule/apps/net.corda.webserver.WebServer_0.14.0/corda-webserver-impl-0.14.0.jar
[INFO ] 2018-07-11T09:53:34,813Z [main] Main.main - CommandLine Args: -Xmx200m -XX:+UseG1GC -agentlib:jdwp=transport=dt_socket,server=y,suspend=n,address=5009 -javaagent:/home/laddha/.capsule/apps/net.corda.webserver.WebServer_0.14.0/quasar-core-0.7.6-jdk8.jar -Dvisualvm.display.name=Corda -Djava.library.path=/usr/java/packages/lib/amd64:/usr/lib/x86_64-linux-gnu/jni:/lib/x86_64-linux-gnu:/usr/lib/x86_64-linux-gnu:/usr/lib/jni:/lib:/usr/lib:/home/laddha/.capsule/apps/net.corda.webserver.WebServer_0.14.0 -Dcapsule.app=net.corda.webserver.WebServer_0.14.0 -Dname=NodeA-corda-webserver.jar -DWebserver -Dcapsule.dir=/home/laddha/.capsule/apps/net.corda.webserver.WebServer_0.14.0 -Dcapsule.jar=/home/laddha/forwards-check/build/nodes/NodeA/corda-webserver.jar
[INFO ] 2018-07-11T09:53:35,384Z [main] Main.main - Application Args: 
[INFO ] 2018-07-11T09:53:35,384Z [main] Main.main - bootclasspath: /usr/lib/jvm/java-8-openjdk-amd64/jre/lib/resources.jar:/usr/lib/jvm/java-8-openjdk-amd64/jre/lib/rt.jar:/usr/lib/jvm/java-8-openjdk-amd64/jre/lib/sunrsasign.jar:/usr/lib/jvm/java-8-openjdk-amd64/jre/lib/jsse.jar:/usr/lib/jvm/java-8-openjdk-amd64/jre/lib/jce.jar:/usr/lib/jvm/java-8-openjdk-amd64/jre/lib/charsets.jar:/usr/lib/jvm/java-8-openjdk-amd64/jre/lib/jfr.jar:/usr/lib/jvm/java-8-openjdk-amd64/jre/classes
[INFO ] 2018-07-11T09:53:35,385Z [main] Main.main - classpath: /home/laddha/forwards-check/build/nodes/NodeA/corda-webserver.jar:/home/laddha/.capsule/apps/net.corda.webserver.WebServer_0.14.0/corda-core-0.14.0.jar:/home/laddha/.capsule/apps/net.corda.webserver.WebServer_0.14.0/corda-finance-0.14.0.jar:/home/laddha/.capsule/apps/net.corda.webserver.WebServer_0.14.0/corda-rpc-0.14.0.jar:/home/laddha/.capsule/apps/net.corda.webserver.WebServer_0.14.0/corda-jackson-0.14.0.jar:/home/laddha/.capsule/apps/net.corda.webserver.WebServer_0.14.0/jetty-servlet-9.3.9.v20160517.jar:/home/laddha/.capsule/apps/net.corda.webserver.WebServer_0.14.0/jetty-webapp-9.3.9.v20160517.jar:/home/laddha/.capsule/apps/net.corda.webserver.WebServer_0.14.0/javax.servlet-api-3.1.0.jar:/home/laddha/.capsule/apps/net.corda.webserver.WebServer_0.14.0/commons-fileupload-1.3.2.jar:/home/laddha/.capsule/apps/net.corda.webserver.WebServer_0.14.0/log4j-slf4j-impl-2.7.jar:/home/laddha/.capsule/apps/net.corda.webserver.WebServer_0.14.0/log4j-core-2.7.jar:/home/laddha/.capsule/apps/net.corda.webserver.WebServer_0.14.0/jopt-simple-5.0.2.jar:/home/laddha/.capsule/apps/net.corda.webserver.WebServer_0.14.0/jersey-server-2.25.jar:/home/laddha/.capsule/apps/net.corda.webserver.WebServer_0.14.0/jersey-container-servlet-core-2.25.jar:/home/laddha/.capsule/apps/net.corda.webserver.WebServer_0.14.0/jersey-container-jetty-http-2.25.jar:/home/laddha/.capsule/apps/net.corda.webserver.WebServer_0.14.0/jersey-media-json-jackson-2.25.jar:/home/laddha/.capsule/apps/net.corda.webserver.WebServer_0.14.0/kotlinx-html-jvm-0.6.3.jar:/home/laddha/.capsule/apps/net.corda.webserver.WebServer_0.14.0/kotlin-stdlib-jre8-1.1.1.jar:/home/laddha/.capsule/apps/net.corda.webserver.WebServer_0.14.0/kotlin-reflect-1.1.1.jar:/home/laddha/.capsule/apps/net.corda.webserver.WebServer_0.14.0/jsr305-3.0.1.jar:/home/laddha/.capsule/apps/net.corda.webserver.WebServer_0.14.0/jcl-over-slf4j-1.7.25.jar:/home/laddha/.capsule/apps/net.corda.webserver.WebServer_0.14.0/slf4j-api-1.7.25.jar:/home/laddha/.capsule/apps/net.corda.webserver.WebServer_0.14.0/guava-21.0.jar:/home/laddha/.capsule/apps/net.corda.webserver.WebServer_0.14.0/rxjava-1.2.4.jar:/home/laddha/.capsule/apps/net.corda.webserver.WebServer_0.14.0/kryo-4.0.0.jar:/home/laddha/.capsule/apps/net.corda.webserver.WebServer_0.14.0/kryo-serializers-0.41.jar:/home/laddha/.capsule/apps/net.corda.webserver.WebServer_0.14.0/commons-jexl3-3.0.jar:/home/laddha/.capsule/apps/net.corda.webserver.WebServer_0.14.0/jackson-databind-2.8.5.jar:/home/laddha/.capsule/apps/net.corda.webserver.WebServer_0.14.0/eddsa-0.2.0.jar:/home/laddha/.capsule/apps/net.corda.webserver.WebServer_0.14.0/bcprov-jdk15on-1.57.jar:/home/laddha/.capsule/apps/net.corda.webserver.WebServer_0.14.0/bcpkix-jdk15on-1.57.jar:/home/laddha/.capsule/apps/net.corda.webserver.WebServer_0.14.0/hibernate-jpa-2.1-api-1.0.0.Final.jar:/home/laddha/.capsule/apps/net.corda.webserver.WebServer_0.14.0/requery-kotlin-1.3.1.jar:/home/laddha/.capsule/apps/net.corda.webserver.WebServer_0.14.0/proton-j-0.19.0.jar:/home/laddha/.capsule/apps/net.corda.webserver.WebServer_0.14.0/quasar-core-0.7.6-jdk8.jar:/home/laddha/.capsule/apps/net.corda.webserver.WebServer_0.14.0/corda-node-schemas-0.14.0.jar:/home/laddha/.capsule/apps/net.corda.webserver.WebServer_0.14.0/corda-node-api-0.14.0.jar:/home/laddha/.capsule/apps/net.corda.webserver.WebServer_0.14.0/jackson-module-kotlin-2.8.5.jar:/home/laddha/.capsule/apps/net.corda.webserver.WebServer_0.14.0/jackson-dataformat-yaml-2.8.5.jar:/home/laddha/.capsule/apps/net.corda.webserver.WebServer_0.14.0/jackson-datatype-jsr310-2.8.5.jar:/home/laddha/.capsule/apps/net.corda.webserver.WebServer_0.14.0/jetty-security-9.3.9.v20160517.jar:/home/laddha/.capsule/apps/net.corda.webserver.WebServer_0.14.0/jetty-xml-9.3.9.v20160517.jar:/home/laddha/.capsule/apps/net.corda.webserver.WebServer_0.14.0/jolokia-server-core-2.0.0-M3.jar:/home/laddha/.capsule/apps/net.corda.webserver.WebServer_0.14.0/jolokia-server-detector-2.0.0-M3.jar:/home/laddha/.capsule/apps/net.corda.webserver.WebServer_0.14.0/jolokia-service-jmx-2.0.0-M3.jar:/home/laddha/.capsule/apps/net.corda.webserver.WebServer_0.14.0/jolokia-service-serializer-2.0.0-M3.jar:/home/laddha/.capsule/apps/net.corda.webserver.WebServer_0.14.0/jolokia-service-notif-pull-2.0.0-M3.jar:/home/laddha/.capsule/apps/net.corda.webserver.WebServer_0.14.0/jolokia-service-notif-sse-2.0.0-M3.jar:/home/laddha/.capsule/apps/net.corda.webserver.WebServer_0.14.0/jolokia-service-discovery-2.0.0-M3.jar:/home/laddha/.capsule/apps/net.corda.webserver.WebServer_0.14.0/jolokia-service-history-2.0.0-M3.jar:/home/laddha/.capsule/apps/net.corda.webserver.WebServer_0.14.0/jolokia-service-jsr160-2.0.0-M3.jar:/home/laddha/.capsule/apps/net.corda.webserver.WebServer_0.14.0/commons-io-2.2.jar:/home/laddha/.capsule/apps/net.corda.webserver.WebServer_0.14.0/log4j-api-2.7.jar:/home/laddha/.capsule/apps/net.corda.webserver.WebServer_0.14.0/jersey-common-2.25.jar:/home/laddha/.capsule/apps/net.corda.webserver.WebServer_0.14.0/jersey-client-2.25.jar:/home/laddha/.capsule/apps/net.corda.webserver.WebServer_0.14.0/javax.ws.rs-api-2.0.1.jar:/home/laddha/.capsule/apps/net.corda.webserver.WebServer_0.14.0/jersey-media-jaxb-2.25.jar:/home/laddha/.capsule/apps/net.corda.webserver.WebServer_0.14.0/javax.annotation-api-1.2.jar:/home/laddha/.capsule/apps/net.corda.webserver.WebServer_0.14.0/hk2-api-2.5.0-b30.jar:/home/laddha/.capsule/apps/net.corda.webserver.WebServer_0.14.0/javax.inject-2.5.0-b30.jar:/home/laddha/.capsule/apps/net.corda.webserver.WebServer_0.14.0/hk2-locator-2.5.0-b30.jar:/home/laddha/.capsule/apps/net.corda.webserver.WebServer_0.14.0/validation-api-1.1.0.Final.jar:/home/laddha/.capsule/apps/net.corda.webserver.WebServer_0.14.0/jetty-continuation-9.2.14.v20151106.jar:/home/laddha/.capsule/apps/net.corda.webserver.WebServer_0.14.0/jersey-entity-filtering-2.25.jar:/home/laddha/.capsule/apps/net.corda.webserver.WebServer_0.14.0/jackson-jaxrs-base-2.8.4.jar:/home/laddha/.capsule/apps/net.corda.webserver.WebServer_0.14.0/jackson-jaxrs-json-provider-2.8.4.jar:/home/laddha/.capsule/apps/net.corda.webserver.WebServer_0.14.0/kotlin-stdlib-1.1.1.jar:/home/laddha/.capsule/apps/net.corda.webserver.WebServer_0.14.0/kotlin-stdlib-jre7-1.1.1.jar:/home/laddha/.capsule/apps/net.corda.webserver.WebServer_0.14.0/reflectasm-1.11.3.jar:/home/laddha/.capsule/apps/net.corda.webserver.WebServer_0.14.0/minlog-1.3.0.jar:/home/laddha/.capsule/apps/net.corda.webserver.WebServer_0.14.0/objenesis-2.2.jar:/home/laddha/.capsule/apps/net.corda.webserver.WebServer_0.14.0/jackson-core-2.8.5.jar:/home/laddha/.capsule/apps/net.corda.webserver.WebServer_0.14.0/requery-1.3.1.jar:/home/laddha/.capsule/apps/net.corda.webserver.WebServer_0.14.0/artemis-core-client-2.1.0.jar:/home/laddha/.capsule/apps/net.corda.webserver.WebServer_0.14.0/artemis-commons-2.1.0.jar:/home/laddha/.capsule/apps/net.corda.webserver.WebServer_0.14.0/config-1.3.1.jar:/home/laddha/.capsule/apps/net.corda.webserver.WebServer_0.14.0/snakeyaml-1.17.jar:/home/laddha/.capsule/apps/net.corda.webserver.WebServer_0.14.0/json-simple-1.1.1.jar:/home/laddha/.capsule/apps/net.corda.webserver.WebServer_0.14.0/jersey-guava-2.25.jar:/home/laddha/.capsule/apps/net.corda.webserver.WebServer_0.14.0/osgi-resource-locator-1.0.1.jar:/home/laddha/.capsule/apps/net.corda.webserver.WebServer_0.14.0/hk2-utils-2.5.0-b30.jar:/home/laddha/.capsule/apps/net.corda.webserver.WebServer_0.14.0/aopalliance-repackaged-2.5.0-b30.jar:/home/laddha/.capsule/apps/net.corda.webserver.WebServer_0.14.0/javassist-3.20.0-GA.jar:/home/laddha/.capsule/apps/net.corda.webserver.WebServer_0.14.0/jackson-module-jaxb-annotations-2.8.4.jar:/home/laddha/.capsule/apps/net.corda.webserver.WebServer_0.14.0/asm-5.0.4.jar:/home/laddha/.capsule/apps/net.corda.webserver.WebServer_0.14.0/jgroups-3.6.13.Final.jar:/home/laddha/.capsule/apps/net.corda.webserver.WebServer_0.14.0/netty-all-4.1.9.Final.jar:/home/laddha/.capsule/apps/net.corda.webserver.WebServer_0.14.0/geronimo-json_1.0_spec-1.0-alpha-1.jar:/home/laddha/.capsule/apps/net.corda.webserver.WebServer_0.14.0/johnzon-core-0.9.5.jar:/home/laddha/.capsule/apps/net.corda.webserver.WebServer_0.14.0/jboss-logging-3.3.0.Final.jar:/home/laddha/.capsule/apps/net.corda.webserver.WebServer_0.14.0/commons-beanutils-1.9.2.jar:/home/laddha/.capsule/apps/net.corda.webserver.WebServer_0.14.0/javax.inject-1.jar:/home/laddha/.capsule/apps/net.corda.webserver.WebServer_0.14.0/commons-collections-3.2.1.jar:/home/laddha/.capsule/apps/net.corda.webserver.WebServer_0.14.0/jackson-annotations-2.8.5.jar:/home/laddha/.capsule/apps/net.corda.webserver.WebServer_0.14.0/annotations-13.0.jar:/home/laddha/.capsule/apps/net.corda.webserver.WebServer_0.14.0/jetty-server-9.3.9.v20160517.jar:/home/laddha/.capsule/apps/net.corda.webserver.WebServer_0.14.0/jetty-http-9.3.9.v20160517.jar:/home/laddha/.capsule/apps/net.corda.webserver.WebServer_0.14.0/jetty-io-9.3.9.v20160517.jar:/home/laddha/.capsule/apps/net.corda.webserver.WebServer_0.14.0/jetty-util-9.3.9.v20160517.jar:/home/laddha/.capsule/apps/net.corda.webserver.WebServer_0.14.0/corda-webserver-impl-0.14.0.jar:/home/laddha/forwards-check/build/nodes/NodeA/plugins/forwards-check-0.1.jar:/home/laddha/.capsule/apps/net.corda.webserver.WebServer_0.14.0/quasar-core-0.7.6-jdk8.jar
[INFO ] 2018-07-11T09:53:35,420Z [main] Main.main - VM OpenJDK 64-Bit Server VM Oracle Corporation 25.171-b11
[INFO ] 2018-07-11T09:53:35,421Z [main] Main.main - Machine: A-Laptop-has-no-Name
[INFO ] 2018-07-11T09:53:35,423Z [main] Main.main - Working Directory: /home/laddha/forwards-check/build/nodes/NodeA
[INFO ] 2018-07-11T09:54:34,765Z [main] Main.main - Starting as webserver on localhost:10007
[INFO ] 2018-07-11T09:54:39,055Z [main] BasicInfo.logAndMaybePrint - Starting as webserver: localhost:10007
[INFO ] 2018-07-11T09:54:39,056Z [main] internal.NodeWebServer.connectLocalRpcAsNodeUser - Connecting to node at localhost:10005 as node user
[INFO ] 2018-07-11T09:55:27,296Z [main] internal.RPCClient.logElapsedTime - Startup took 36202 msec
[INFO ] 2018-07-11T09:55:28,298Z [main] internal.NodeWebServer.connectLocalRpcAsNodeUser - Connecting to node at localhost:10005 as node user
[INFO ] 2018-07-11T09:55:29,491Z [main] internal.RPCClient.logElapsedTime - Startup took 32 msec
[INFO ] 2018-07-11T09:55:30,493Z [main] internal.NodeWebServer.connectLocalRpcAsNodeUser - Connecting to node at localhost:10005 as node user
[INFO ] 2018-07-11T09:55:30,522Z [main] internal.RPCClient.logElapsedTime - Startup took 26 msec
[INFO ] 2018-07-11T09:55:31,524Z [main] internal.NodeWebServer.connectLocalRpcAsNodeUser - Connecting to node at localhost:10005 as node user
[INFO ] 2018-07-11T09:55:31,556Z [main] internal.RPCClient.logElapsedTime - Startup took 31 msec
[INFO ] 2018-07-11T09:55:32,557Z [main] internal.NodeWebServer.connectLocalRpcAsNodeUser - Connecting to node at localhost:10005 as node user
[INFO ] 2018-07-11T09:55:32,565Z [main] internal.RPCClient.logElapsedTime - Startup took 6 msec
[INFO ] 2018-07-11T09:55:33,566Z [main] internal.NodeWebServer.connectLocalRpcAsNodeUser - Connecting to node at localhost:10005 as node user
[INFO ] 2018-07-11T09:55:33,574Z [main] internal.RPCClient.logElapsedTime - Startup took 6 msec
[INFO ] 2018-07-11T09:55:34,575Z [main] internal.NodeWebServer.connectLocalRpcAsNodeUser - Connecting to node at localhost:10005 as node user
[INFO ] 2018-07-11T09:55:34,580Z [main] internal.RPCClient.logElapsedTime - Startup took 3 msec
[INFO ] 2018-07-11T09:55:35,581Z [main] internal.NodeWebServer.connectLocalRpcAsNodeUser - Connecting to node at localhost:10005 as node user
[INFO ] 2018-07-11T09:55:35,589Z [main] internal.RPCClient.logElapsedTime - Startup took 6 msec
[INFO ] 2018-07-11T09:55:36,592Z [main] internal.NodeWebServer.connectLocalRpcAsNodeUser - Connecting to node at localhost:10005 as node user
[INFO ] 2018-07-11T09:55:36,600Z [main] internal.RPCClient.logElapsedTime - Startup took 6 msec
[INFO ] 2018-07-11T09:55:37,601Z [main] internal.NodeWebServer.connectLocalRpcAsNodeUser - Connecting to node at localhost:10005 as node user
[INFO ] 2018-07-11T09:55:37,615Z [main] internal.RPCClient.logElapsedTime - Startup took 11 msec
[INFO ] 2018-07-11T09:55:38,617Z [main] internal.NodeWebServer.connectLocalRpcAsNodeUser - Connecting to node at localhost:10005 as node user
[INFO ] 2018-07-11T09:55:38,627Z [main] internal.RPCClient.logElapsedTime - Startup took 4 msec
[INFO ] 2018-07-11T09:55:39,628Z [main] internal.NodeWebServer.connectLocalRpcAsNodeUser - Connecting to node at localhost:10005 as node user
[INFO ] 2018-07-11T09:55:39,645Z [main] internal.RPCClient.logElapsedTime - Startup took 14 msec
[INFO ] 2018-07-11T09:55:40,652Z [main] internal.NodeWebServer.connectLocalRpcAsNodeUser - Connecting to node at localhost:10005 as node user
[INFO ] 2018-07-11T09:55:40,660Z [main] internal.RPCClient.logElapsedTime - Startup took 5 msec
[INFO ] 2018-07-11T09:55:41,662Z [main] internal.NodeWebServer.connectLocalRpcAsNodeUser - Connecting to node at localhost:10005 as node user
[INFO ] 2018-07-11T09:55:41,676Z [main] internal.RPCClient.logElapsedTime - Startup took 5 msec
[INFO ] 2018-07-11T09:55:42,677Z [main] internal.NodeWebServer.connectLocalRpcAsNodeUser - Connecting to node at localhost:10005 as node user
[INFO ] 2018-07-11T09:55:42,691Z [main] internal.RPCClient.logElapsedTime - Startup took 11 msec
[INFO ] 2018-07-11T09:55:43,692Z [main] internal.NodeWebServer.connectLocalRpcAsNodeUser - Connecting to node at localhost:10005 as node user
[INFO ] 2018-07-11T09:55:43,724Z [main] internal.RPCClient.logElapsedTime - Startup took 29 msec
[INFO ] 2018-07-11T09:55:44,725Z [main] internal.NodeWebServer.connectLocalRpcAsNodeUser - Connecting to node at localhost:10005 as node user
[INFO ] 2018-07-11T09:55:44,748Z [main] internal.RPCClient.logElapsedTime - Startup took 21 msec
[INFO ] 2018-07-11T09:55:45,749Z [main] internal.NodeWebServer.connectLocalRpcAsNodeUser - Connecting to node at localhost:10005 as node user
[INFO ] 2018-07-11T09:55:45,770Z [main] internal.RPCClient.logElapsedTime - Startup took 19 msec
[INFO ] 2018-07-11T09:55:46,772Z [main] internal.NodeWebServer.connectLocalRpcAsNodeUser - Connecting to node at localhost:10005 as node user
[INFO ] 2018-07-11T09:55:46,782Z [main] internal.RPCClient.logElapsedTime - Startup took 8 msec
[INFO ] 2018-07-11T09:55:47,783Z [main] internal.NodeWebServer.connectLocalRpcAsNodeUser - Connecting to node at localhost:10005 as node user
[INFO ] 2018-07-11T09:55:47,795Z [main] internal.RPCClient.logElapsedTime - Startup took 9 msec
[INFO ] 2018-07-11T09:55:48,798Z [main] internal.NodeWebServer.connectLocalRpcAsNodeUser - Connecting to node at localhost:10005 as node user
[INFO ] 2018-07-11T09:55:48,805Z [main] internal.RPCClient.logElapsedTime - Startup took 5 msec
[INFO ] 2018-07-11T09:55:49,806Z [main] internal.NodeWebServer.connectLocalRpcAsNodeUser - Connecting to node at localhost:10005 as node user
[INFO ] 2018-07-11T09:55:49,839Z [main] internal.RPCClient.logElapsedTime - Startup took 32 msec
[INFO ] 2018-07-11T09:55:50,841Z [main] internal.NodeWebServer.connectLocalRpcAsNodeUser - Connecting to node at localhost:10005 as node user
[INFO ] 2018-07-11T09:55:50,857Z [main] internal.RPCClient.logElapsedTime - Startup took 15 msec
[INFO ] 2018-07-11T09:55:51,858Z [main] internal.NodeWebServer.connectLocalRpcAsNodeUser - Connecting to node at localhost:10005 as node user
[INFO ] 2018-07-11T09:55:51,885Z [main] internal.RPCClient.logElapsedTime - Startup took 26 msec
[INFO ] 2018-07-11T09:55:52,886Z [main] internal.NodeWebServer.connectLocalRpcAsNodeUser - Connecting to node at localhost:10005 as node user
[INFO ] 2018-07-11T09:55:52,911Z [main] internal.RPCClient.logElapsedTime - Startup took 24 msec
[INFO ] 2018-07-11T09:55:53,924Z [main] internal.NodeWebServer.connectLocalRpcAsNodeUser - Connecting to node at localhost:10005 as node user
[INFO ] 2018-07-11T09:55:53,941Z [main] internal.RPCClient.logElapsedTime - Startup took 15 msec
[INFO ] 2018-07-11T09:55:54,942Z [main] internal.NodeWebServer.connectLocalRpcAsNodeUser - Connecting to node at localhost:10005 as node user
[INFO ] 2018-07-11T09:55:54,965Z [main] internal.RPCClient.logElapsedTime - Startup took 21 msec
[INFO ] 2018-07-11T09:55:55,968Z [main] internal.NodeWebServer.connectLocalRpcAsNodeUser - Connecting to node at localhost:10005 as node user
[INFO ] 2018-07-11T09:55:55,982Z [main] internal.RPCClient.logElapsedTime - Startup took 12 msec
[INFO ] 2018-07-11T09:55:56,982Z [main] internal.NodeWebServer.connectLocalRpcAsNodeUser - Connecting to node at localhost:10005 as node user
[INFO ] 2018-07-11T09:55:57,011Z [main] internal.RPCClient.logElapsedTime - Startup took 27 msec
[INFO ] 2018-07-11T09:55:58,012Z [main] internal.NodeWebServer.connectLocalRpcAsNodeUser - Connecting to node at localhost:10005 as node user
[INFO ] 2018-07-11T09:55:58,035Z [main] internal.RPCClient.logElapsedTime - Startup took 21 msec
[INFO ] 2018-07-11T09:55:59,035Z [main] internal.NodeWebServer.connectLocalRpcAsNodeUser - Connecting to node at localhost:10005 as node user
[INFO ] 2018-07-11T09:55:59,041Z [main] internal.RPCClient.logElapsedTime - Startup took 4 msec
[INFO ] 2018-07-11T09:56:00,044Z [main] internal.NodeWebServer.connectLocalRpcAsNodeUser - Connecting to node at localhost:10005 as node user
[INFO ] 2018-07-11T09:56:00,048Z [main] internal.RPCClient.logElapsedTime - Startup took 3 msec
[INFO ] 2018-07-11T09:56:01,049Z [main] internal.NodeWebServer.connectLocalRpcAsNodeUser - Connecting to node at localhost:10005 as node user
[INFO ] 2018-07-11T09:56:01,061Z [main] internal.RPCClient.logElapsedTime - Startup took 10 msec
[INFO ] 2018-07-11T09:56:02,061Z [main] internal.NodeWebServer.connectLocalRpcAsNodeUser - Connecting to node at localhost:10005 as node user
[INFO ] 2018-07-11T09:56:02,072Z [main] internal.RPCClient.logElapsedTime - Startup took 9 msec
[INFO ] 2018-07-11T09:56:03,073Z [main] internal.NodeWebServer.connectLocalRpcAsNodeUser - Connecting to node at localhost:10005 as node user
[INFO ] 2018-07-11T09:56:03,088Z [main] internal.RPCClient.logElapsedTime - Startup took 13 msec
[INFO ] 2018-07-11T09:56:04,091Z [main] internal.NodeWebServer.connectLocalRpcAsNodeUser - Connecting to node at localhost:10005 as node user
[INFO ] 2018-07-11T09:56:04,098Z [main] internal.RPCClient.logElapsedTime - Startup took 5 msec
[INFO ] 2018-07-11T09:56:05,099Z [main] internal.NodeWebServer.connectLocalRpcAsNodeUser - Connecting to node at localhost:10005 as node user
[INFO ] 2018-07-11T09:56:05,103Z [main] internal.RPCClient.logElapsedTime - Startup took 3 msec
[INFO ] 2018-07-11T09:56:06,103Z [main] internal.NodeWebServer.connectLocalRpcAsNodeUser - Connecting to node at localhost:10005 as node user
[INFO ] 2018-07-11T09:56:06,113Z [main] internal.RPCClient.logElapsedTime - Startup took 8 msec
[INFO ] 2018-07-11T09:56:07,114Z [main] internal.NodeWebServer.connectLocalRpcAsNodeUser - Connecting to node at localhost:10005 as node user
[INFO ] 2018-07-11T09:56:07,128Z [main] internal.RPCClient.logElapsedTime - Startup took 11 msec
[INFO ] 2018-07-11T09:56:08,129Z [main] internal.NodeWebServer.connectLocalRpcAsNodeUser - Connecting to node at localhost:10005 as node user
[INFO ] 2018-07-11T09:56:08,135Z [main] internal.RPCClient.logElapsedTime - Startup took 4 msec
[INFO ] 2018-07-11T09:56:09,136Z [main] internal.NodeWebServer.connectLocalRpcAsNodeUser - Connecting to node at localhost:10005 as node user
[INFO ] 2018-07-11T09:56:09,145Z [main] internal.RPCClient.logElapsedTime - Startup took 7 msec
[INFO ] 2018-07-11T09:56:10,148Z [main] internal.NodeWebServer.connectLocalRpcAsNodeUser - Connecting to node at localhost:10005 as node user
[INFO ] 2018-07-11T09:56:10,160Z [main] internal.RPCClient.logElapsedTime - Startup took 10 msec
[INFO ] 2018-07-11T09:56:11,162Z [main] internal.NodeWebServer.connectLocalRpcAsNodeUser - Connecting to node at localhost:10005 as node user
[INFO ] 2018-07-11T09:56:11,172Z [main] internal.RPCClient.logElapsedTime - Startup took 8 msec
[INFO ] 2018-07-11T09:56:12,173Z [main] internal.NodeWebServer.connectLocalRpcAsNodeUser - Connecting to node at localhost:10005 as node user
[INFO ] 2018-07-11T09:56:12,179Z [main] internal.RPCClient.logElapsedTime - Startup took 4 msec
[INFO ] 2018-07-11T09:56:13,180Z [main] internal.NodeWebServer.connectLocalRpcAsNodeUser - Connecting to node at localhost:10005 as node user
[INFO ] 2018-07-11T09:56:13,189Z [main] internal.RPCClient.logElapsedTime - Startup took 6 msec
[INFO ] 2018-07-11T09:56:14,190Z [main] internal.NodeWebServer.connectLocalRpcAsNodeUser - Connecting to node at localhost:10005 as node user
[INFO ] 2018-07-11T09:56:14,199Z [main] internal.RPCClient.logElapsedTime - Startup took 7 msec
[INFO ] 2018-07-11T09:56:15,200Z [main] internal.NodeWebServer.connectLocalRpcAsNodeUser - Connecting to node at localhost:10005 as node user
[INFO ] 2018-07-11T09:56:15,210Z [main] internal.RPCClient.logElapsedTime - Startup took 7 msec
[INFO ] 2018-07-11T09:56:16,211Z [main] internal.NodeWebServer.connectLocalRpcAsNodeUser - Connecting to node at localhost:10005 as node user
[INFO ] 2018-07-11T09:56:16,223Z [main] internal.RPCClient.logElapsedTime - Startup took 10 msec
[INFO ] 2018-07-11T09:56:17,225Z [main] internal.NodeWebServer.connectLocalRpcAsNodeUser - Connecting to node at localhost:10005 as node user
[INFO ] 2018-07-11T09:56:17,229Z [main] internal.RPCClient.logElapsedTime - Startup took 3 msec
[INFO ] 2018-07-11T09:56:18,231Z [main] internal.NodeWebServer.connectLocalRpcAsNodeUser - Connecting to node at localhost:10005 as node user
[INFO ] 2018-07-11T09:56:18,250Z [main] internal.RPCClient.logElapsedTime - Startup took 17 msec
[INFO ] 2018-07-11T09:56:19,251Z [main] internal.NodeWebServer.connectLocalRpcAsNodeUser - Connecting to node at localhost:10005 as node user
[INFO ] 2018-07-11T09:56:19,258Z [main] internal.RPCClient.logElapsedTime - Startup took 5 msec
[INFO ] 2018-07-11T09:56:20,259Z [main] internal.NodeWebServer.connectLocalRpcAsNodeUser - Connecting to node at localhost:10005 as node user
[INFO ] 2018-07-11T09:56:20,280Z [main] internal.RPCClient.logElapsedTime - Startup took 19 msec
[INFO ] 2018-07-11T09:56:21,281Z [main] internal.NodeWebServer.connectLocalRpcAsNodeUser - Connecting to node at localhost:10005 as node user
[INFO ] 2018-07-11T09:56:21,291Z [main] internal.RPCClient.logElapsedTime - Startup took 6 msec
[INFO ] 2018-07-11T09:56:22,292Z [main] internal.NodeWebServer.connectLocalRpcAsNodeUser - Connecting to node at localhost:10005 as node user
[INFO ] 2018-07-11T09:56:22,299Z [main] internal.RPCClient.logElapsedTime - Startup took 4 msec
[INFO ] 2018-07-11T09:56:23,299Z [main] internal.NodeWebServer.connectLocalRpcAsNodeUser - Connecting to node at localhost:10005 as node user
[INFO ] 2018-07-11T09:56:23,303Z [main] internal.RPCClient.logElapsedTime - Startup took 2 msec
[INFO ] 2018-07-11T09:56:24,303Z [main] internal.NodeWebServer.connectLocalRpcAsNodeUser - Connecting to node at localhost:10005 as node user
[INFO ] 2018-07-11T09:56:24,314Z [main] internal.RPCClient.logElapsedTime - Startup took 8 msec
[INFO ] 2018-07-11T09:56:25,316Z [main] internal.NodeWebServer.connectLocalRpcAsNodeUser - Connecting to node at localhost:10005 as node user
[INFO ] 2018-07-11T09:56:25,325Z [main] internal.RPCClient.logElapsedTime - Startup took 7 msec
[INFO ] 2018-07-11T09:56:26,327Z [main] internal.NodeWebServer.connectLocalRpcAsNodeUser - Connecting to node at localhost:10005 as node user
[INFO ] 2018-07-11T09:56:26,339Z [main] internal.RPCClient.logElapsedTime - Startup took 10 msec
[INFO ] 2018-07-11T09:56:27,341Z [main] internal.NodeWebServer.connectLocalRpcAsNodeUser - Connecting to node at localhost:10005 as node user
[INFO ] 2018-07-11T09:56:27,352Z [main] internal.RPCClient.logElapsedTime - Startup took 9 msec
[INFO ] 2018-07-11T09:56:28,354Z [main] internal.NodeWebServer.connectLocalRpcAsNodeUser - Connecting to node at localhost:10005 as node user
[INFO ] 2018-07-11T09:56:28,364Z [main] internal.RPCClient.logElapsedTime - Startup took 8 msec
[INFO ] 2018-07-11T09:56:29,365Z [main] internal.NodeWebServer.connectLocalRpcAsNodeUser - Connecting to node at localhost:10005 as node user
[INFO ] 2018-07-11T09:56:29,375Z [main] internal.RPCClient.logElapsedTime - Startup took 7 msec
[INFO ] 2018-07-11T09:56:30,376Z [main] internal.NodeWebServer.connectLocalRpcAsNodeUser - Connecting to node at localhost:10005 as node user
[INFO ] 2018-07-11T09:56:30,381Z [main] internal.RPCClient.logElapsedTime - Startup took 4 msec
[INFO ] 2018-07-11T09:56:31,382Z [main] internal.NodeWebServer.connectLocalRpcAsNodeUser - Connecting to node at localhost:10005 as node user
[INFO ] 2018-07-11T09:56:31,393Z [main] internal.RPCClient.logElapsedTime - Startup took 9 msec
[INFO ] 2018-07-11T09:56:32,394Z [main] internal.NodeWebServer.connectLocalRpcAsNodeUser - Connecting to node at localhost:10005 as node user
[INFO ] 2018-07-11T09:56:32,425Z [main] internal.RPCClient.logElapsedTime - Startup took 28 msec
[INFO ] 2018-07-11T09:56:33,426Z [main] internal.NodeWebServer.connectLocalRpcAsNodeUser - Connecting to node at localhost:10005 as node user
[INFO ] 2018-07-11T09:56:33,430Z [main] internal.RPCClient.logElapsedTime - Startup took 3 msec
[INFO ] 2018-07-11T09:56:34,431Z [main] internal.NodeWebServer.connectLocalRpcAsNodeUser - Connecting to node at localhost:10005 as node user
[INFO ] 2018-07-11T09:56:34,439Z [main] internal.RPCClient.logElapsedTime - Startup took 6 msec
[INFO ] 2018-07-11T09:56:35,440Z [main] internal.NodeWebServer.connectLocalRpcAsNodeUser - Connecting to node at localhost:10005 as node user
[INFO ] 2018-07-11T09:56:35,444Z [main] internal.RPCClient.logElapsedTime - Startup took 2 msec
[INFO ] 2018-07-11T09:56:36,444Z [main] internal.NodeWebServer.connectLocalRpcAsNodeUser - Connecting to node at localhost:10005 as node user
[INFO ] 2018-07-11T09:56:36,450Z [main] internal.RPCClient.logElapsedTime - Startup took 5 msec
[INFO ] 2018-07-11T09:56:37,451Z [main] internal.NodeWebServer.connectLocalRpcAsNodeUser - Connecting to node at localhost:10005 as node user
[INFO ] 2018-07-11T09:56:37,466Z [main] internal.RPCClient.logElapsedTime - Startup took 14 msec
[INFO ] 2018-07-11T09:56:38,467Z [main] internal.NodeWebServer.connectLocalRpcAsNodeUser - Connecting to node at localhost:10005 as node user
[INFO ] 2018-07-11T09:56:38,480Z [main] internal.RPCClient.logElapsedTime - Startup took 12 msec
[INFO ] 2018-07-11T09:56:39,481Z [main] internal.NodeWebServer.connectLocalRpcAsNodeUser - Connecting to node at localhost:10005 as node user
[INFO ] 2018-07-11T09:56:39,500Z [main] internal.RPCClient.logElapsedTime - Startup took 18 msec
[INFO ] 2018-07-11T09:56:40,502Z [main] internal.NodeWebServer.connectLocalRpcAsNodeUser - Connecting to node at localhost:10005 as node user
[INFO ] 2018-07-11T09:56:40,562Z [main] internal.RPCClient.logElapsedTime - Startup took 53 msec
[INFO ] 2018-07-11T09:56:41,563Z [main] internal.NodeWebServer.connectLocalRpcAsNodeUser - Connecting to node at localhost:10005 as node user
[INFO ] 2018-07-11T09:56:41,600Z [main] internal.RPCClient.logElapsedTime - Startup took 35 msec
[INFO ] 2018-07-11T09:56:42,602Z [main] internal.NodeWebServer.connectLocalRpcAsNodeUser - Connecting to node at localhost:10005 as node user
[INFO ] 2018-07-11T09:56:42,629Z [main] internal.RPCClient.logElapsedTime - Startup took 26 msec
[INFO ] 2018-07-11T09:56:43,630Z [main] internal.NodeWebServer.connectLocalRpcAsNodeUser - Connecting to node at localhost:10005 as node user
[INFO ] 2018-07-11T09:56:43,650Z [main] internal.RPCClient.logElapsedTime - Startup took 18 msec
[INFO ] 2018-07-11T09:56:44,650Z [main] internal.NodeWebServer.connectLocalRpcAsNodeUser - Connecting to node at localhost:10005 as node user
[INFO ] 2018-07-11T09:56:44,676Z [main] internal.RPCClient.logElapsedTime - Startup took 24 msec
[INFO ] 2018-07-11T09:56:45,678Z [main] internal.NodeWebServer.connectLocalRpcAsNodeUser - Connecting to node at localhost:10005 as node user
[INFO ] 2018-07-11T09:56:45,714Z [main] internal.RPCClient.logElapsedTime - Startup took 34 msec
[INFO ] 2018-07-11T09:56:46,715Z [main] internal.NodeWebServer.connectLocalRpcAsNodeUser - Connecting to node at localhost:10005 as node user
[INFO ] 2018-07-11T09:56:46,741Z [main] internal.RPCClient.logElapsedTime - Startup took 24 msec
[INFO ] 2018-07-11T09:56:47,741Z [main] internal.NodeWebServer.connectLocalRpcAsNodeUser - Connecting to node at localhost:10005 as node user
[INFO ] 2018-07-11T09:56:47,756Z [main] internal.RPCClient.logElapsedTime - Startup took 14 msec
[INFO ] 2018-07-11T09:56:48,757Z [main] internal.NodeWebServer.connectLocalRpcAsNodeUser - Connecting to node at localhost:10005 as node user
[INFO ] 2018-07-11T09:56:48,777Z [main] internal.RPCClient.logElapsedTime - Startup took 19 msec
[INFO ] 2018-07-11T09:56:49,778Z [main] internal.NodeWebServer.connectLocalRpcAsNodeUser - Connecting to node at localhost:10005 as node user
[INFO ] 2018-07-11T09:56:49,802Z [main] internal.RPCClient.logElapsedTime - Startup took 22 msec
[INFO ] 2018-07-11T09:56:50,803Z [main] internal.NodeWebServer.connectLocalRpcAsNodeUser - Connecting to node at localhost:10005 as node user
[INFO ] 2018-07-11T09:56:50,810Z [main] internal.RPCClient.logElapsedTime - Startup took 5 msec
[INFO ] 2018-07-11T09:56:51,811Z [main] internal.NodeWebServer.connectLocalRpcAsNodeUser - Connecting to node at localhost:10005 as node user
[INFO ] 2018-07-11T09:56:51,815Z [main] internal.RPCClient.logElapsedTime - Startup took 2 msec
[INFO ] 2018-07-11T09:56:52,816Z [main] internal.NodeWebServer.connectLocalRpcAsNodeUser - Connecting to node at localhost:10005 as node user
[INFO ] 2018-07-11T09:56:52,828Z [main] internal.RPCClient.logElapsedTime - Startup took 10 msec
[INFO ] 2018-07-11T09:56:53,830Z [main] internal.NodeWebServer.connectLocalRpcAsNodeUser - Connecting to node at localhost:10005 as node user
[INFO ] 2018-07-11T09:56:53,840Z [main] internal.RPCClient.logElapsedTime - Startup took 8 msec
[INFO ] 2018-07-11T09:56:54,842Z [main] internal.NodeWebServer.connectLocalRpcAsNodeUser - Connecting to node at localhost:10005 as node user
[INFO ] 2018-07-11T09:57:12,968Z [main] internal.RPCClient.logElapsedTime - Startup took 18125 msec
[INFO ] 2018-07-11T09:57:13,686Z [main] util.log.initialized - Logging initialized @233299ms
[WARN ] 2018-07-11T09:57:14,037Z [main] internal.NodeWebServer.initWebServer - Unable to locate Jolokia WAR on classpath
[INFO ] 2018-07-11T09:57:20,228Z [main] internal.NodeWebServer.buildServletContextHandler - Add plugin web API from attachment com.template.CheckKt$sam$Function$5d7cf681@55881f40
[INFO ] 2018-07-11T09:57:21,199Z [main] server.Server.doStart - jetty-9.3.9.v20160517
[INFO ] 2018-07-11T09:57:26,780Z [main] handler.ContextHandler.doStart - Started o.e.j.s.ServletContextHandler@3dc39412{/,null,AVAILABLE}
[INFO ] 2018-07-11T09:57:27,524Z [main] server.AbstractConnector.doStart - Started ServerConnector@6cb3463b{HTTP/1.1,[http/1.1]}{0.0.0.0:10007}
[INFO ] 2018-07-11T09:57:27,525Z [main] server.Server.doStart - Started @247180ms
[INFO ] 2018-07-11T09:57:27,526Z [main] internal.NodeWebServer.initWebServer - Starting webserver on address localhost:10007
