[INFO ] 2018-07-10T07:07:03,042Z [main] manifests.Manifests.info - 109 attributes loaded from 121 stream(s) in 6s, 109 saved, 1664 ignored: ["ActiveMQ-Version", "Agent-Class", "Ant-Version", "App-Class-Path", "Application-Class", "Application-Library-Allowable-Codebase", "Application-Name", "Application-Version", "Archiver-Version", "Bnd-LastModified", "Branch", "Build-Date", "Build-Host", "Build-Id", "Build-Java-Version", "Build-Jdk", "Build-Job", "Build-Number", "Build-Timestamp", "Built-By", "Built-OS", "Built-Status", "Bundle-Activator", "Bundle-Category", "Bundle-ClassPath", "Bundle-Description", "Bundle-DocURL", "Bundle-License", "Bundle-ManifestVersion", "Bundle-Name", "Bundle-RequiredExecutionEnvironment", "Bundle-SymbolicName", "Bundle-Vendor", "Bundle-Version", "CLDR-Version", "Caller-Allowable-Codebase", "Can-Redefine-Classes", "Can-Retransform-Classes", "Caplets", "Change", "Class-Path", "Codebase", "Corda-Platform-Version", "Corda-Release-Version", "Corda-Revision", "Corda-Vendor", "Created-By", "DynamicImport-Package", "Eclipse-BuddyPolicy", "Eclipse-LazyStart", "Export-Package", "Extension-Name", "Fragment-Host", "Gradle-Version", "Ignore-Package", "Implementation-Build", "Implementation-Build-Date", "Implementation-Title", "Implementation-URL", "Implementation-Url", "Implementation-Vendor", "Implementation-Vendor-Id", "Implementation-Version", "Import-Package", "Include-Resource", "JCabi-Build", "JCabi-Date", "JCabi-Version", "JVM-Args", "Java-Agents", "Java-Vendor", "Java-Version", "Kotlin-Runtime-Component", "Kotlin-Version", "Log4jReleaseKey", "Log4jReleaseManager", "Log4jReleaseVersion", "Main-Class", "Main-class", "Manifest-Version", "Min-Java-Version", "Min-Update-Version", "Module-Email", "Module-Origin", "Module-Owner", "Module-Source", "Originally-Created-By", "Os-Arch", "Os-Name", "Os-Version", "Package", "Permissions", "Premain-Class", "Private-Package", "Provide-Capability", "Require-Capability", "Scm-Connection", "Scm-Revision", "Scm-Url", "Service-Component", "Specification-Title", "Specification-Vendor", "Specification-Version", "System-Properties", "Time-Zone-Database-Version", "Tool", "Trusted-Library", "X-Compile-Source-JDK", "X-Compile-Target-JDK"]
[INFO ] 2018-07-10T07:07:04,075Z [main] BasicInfo.printBasicNodeInfo - Logs can be found in                    : /home/laddha/forwards-check/build/nodes/NodeB/logs
[INFO ] 2018-07-10T07:07:04,965Z [main] config.ConfigHelper.loadConfig - Config:
{
    # hardcoded value
    "basedir" : "/home/laddha/forwards-check/build/nodes/NodeB",
    # reference.conf @ jar:file:/home/laddha/.capsule/apps/net.corda.node.Corda_0.14.0/corda-node-0.14.0.jar!/reference.conf: 13
    "certificateSigningService" : "https://cordaci-netperm.corda.r3cev.com",
    # reference.conf @ jar:file:/home/laddha/.capsule/apps/net.corda.node.Corda_0.14.0/corda-node-0.14.0.jar!/reference.conf: 6
    "dataSourceProperties" : {
        # reference.conf @ jar:file:/home/laddha/.capsule/apps/net.corda.node.Corda_0.14.0/corda-node-0.14.0.jar!/reference.conf: 10
        "dataSource.password" : "",
        # merge of reference.conf @ jar:file:/home/laddha/.capsule/apps/net.corda.node.Corda_0.14.0/corda-node-0.14.0.jar!/reference.conf: 8,hardcoded value,reference.conf @ jar:file:/home/laddha/.capsule/apps/net.corda.node.Corda_0.14.0/corda-node-0.14.0.jar!/reference.conf: 8,reference.conf @ jar:file:/home/laddha/.capsule/apps/net.corda.node.Corda_0.14.0/corda-node-0.14.0.jar!/reference.conf: 15
        "dataSource.url" : "jdbc:h2:file:/home/laddha/forwards-check/build/nodes/NodeB/persistence;DB_CLOSE_ON_EXIT=FALSE;LOCK_TIMEOUT=10000;WRITE_DELAY=100;AUTO_SERVER_PORT=0",
        # reference.conf @ jar:file:/home/laddha/.capsule/apps/net.corda.node.Corda_0.14.0/corda-node-0.14.0.jar!/reference.conf: 9
        "dataSource.user" : "sa",
        # reference.conf @ jar:file:/home/laddha/.capsule/apps/net.corda.node.Corda_0.14.0/corda-node-0.14.0.jar!/reference.conf: 7
        "dataSourceClassName" : "org.h2.jdbcx.JdbcDataSource"
    },
    # reference.conf @ jar:file:/home/laddha/.capsule/apps/net.corda.node.Corda_0.14.0/corda-node-0.14.0.jar!/reference.conf: 12
    "devMode" : true,
    # reference.conf @ jar:file:/home/laddha/.capsule/apps/net.corda.node.Corda_0.14.0/corda-node-0.14.0.jar!/reference.conf: 2
    "emailAddress" : "admin@company.com",
    # reference.conf @ jar:file:/home/laddha/.capsule/apps/net.corda.node.Corda_0.14.0/corda-node-0.14.0.jar!/reference.conf: 3
    "exportJMXto" : "http",
    # /home/laddha/forwards-check/build/nodes/NodeB/node.conf: 1
    "extraAdvertisedServiceIds" : [],
    # reference.conf @ jar:file:/home/laddha/.capsule/apps/net.corda.node.Corda_0.14.0/corda-node-0.14.0.jar!/reference.conf: 15
    "h2port" : 0,
    # reference.conf @ jar:file:/home/laddha/.capsule/apps/net.corda.node.Corda_0.14.0/corda-node-0.14.0.jar!/reference.conf: 4
    "keyStorePassword" : "cordacadevpass",
    # /home/laddha/forwards-check/build/nodes/NodeB/node.conf: 2
    "myLegalName" : "CN=NodeB,O=NodeB,L=New York,C=US",
    # /home/laddha/forwards-check/build/nodes/NodeB/node.conf: 3
    "networkMapService" : {
        # /home/laddha/forwards-check/build/nodes/NodeB/node.conf: 4
        "address" : "localhost:10002",
        # /home/laddha/forwards-check/build/nodes/NodeB/node.conf: 5
        "legalName" : "CN=Controller,O=R3,OU=corda,L=London,C=UK"
    },
    # /home/laddha/forwards-check/build/nodes/NodeB/node.conf: 7
    "p2pAddress" : "localhost:10008",
    # /home/laddha/forwards-check/build/nodes/NodeB/node.conf: 8
    "rpcAddress" : "localhost:10009",
    # /home/laddha/forwards-check/build/nodes/NodeB/node.conf: 9
    "rpcUsers" : [
        # /home/laddha/forwards-check/build/nodes/NodeB/node.conf: 10
        {
            # /home/laddha/forwards-check/build/nodes/NodeB/node.conf: 11
            "password" : "test",
            # /home/laddha/forwards-check/build/nodes/NodeB/node.conf: 12
            "permissions" : [],
            # /home/laddha/forwards-check/build/nodes/NodeB/node.conf: 13
            "user" : "user1"
        }
    ],
    # reference.conf @ jar:file:/home/laddha/.capsule/apps/net.corda.node.Corda_0.14.0/corda-node-0.14.0.jar!/reference.conf: 5
    "trustStorePassword" : "trustpass",
    # reference.conf @ jar:file:/home/laddha/.capsule/apps/net.corda.node.Corda_0.14.0/corda-node-0.14.0.jar!/reference.conf: 14
    "useHTTPS" : false,
    # reference.conf @ jar:file:/home/laddha/.capsule/apps/net.corda.node.Corda_0.14.0/corda-node-0.14.0.jar!/reference.conf: 16
    "useTestClock" : false,
    # reference.conf @ jar:file:/home/laddha/.capsule/apps/net.corda.node.Corda_0.14.0/corda-node-0.14.0.jar!/reference.conf: 17
    "verifierType" : "InMemory",
    # /home/laddha/forwards-check/build/nodes/NodeB/node.conf: 16
    "webAddress" : "localhost:10010"
}

[WARN ] 2018-07-10T07:07:11,507Z [main] nodeapi.config.defaultToOldPath - Config key user has been deprecated and will be removed in a future release. Use username instead
[INFO ] 2018-07-10T07:07:11,574Z [main] internal.Node.logStartupInfo - Vendor: Corda Open Source
[INFO ] 2018-07-10T07:07:11,574Z [main] internal.Node.logStartupInfo - Release: 0.14.0
[INFO ] 2018-07-10T07:07:11,574Z [main] internal.Node.logStartupInfo - Platform Version: 1
[INFO ] 2018-07-10T07:07:11,574Z [main] internal.Node.logStartupInfo - Revision: 0bf3cb6795da38125cd1c0b2b797a9a5e9a65c0c
[INFO ] 2018-07-10T07:07:11,575Z [main] internal.Node.logStartupInfo - PID: 4984
[INFO ] 2018-07-10T07:07:11,575Z [main] internal.Node.logStartupInfo - Main class: /home/laddha/.capsule/apps/net.corda.node.Corda_0.14.0/corda-node-0.14.0.jar
[INFO ] 2018-07-10T07:07:11,575Z [main] internal.Node.logStartupInfo - CommandLine Args: -Xmx200m -XX:+UseG1GC -agentlib:jdwp=transport=dt_socket,server=y,suspend=n,address=5006 -javaagent:/home/laddha/.capsule/apps/net.corda.node.Corda_0.14.0/quasar-core-0.7.6-jdk8.jar -Dvisualvm.display.name=Corda -Djava.library.path=/usr/java/packages/lib/amd64:/usr/lib/x86_64-linux-gnu/jni:/lib/x86_64-linux-gnu:/usr/lib/x86_64-linux-gnu:/usr/lib/jni:/lib:/usr/lib:/home/laddha/.capsule/apps/net.corda.node.Corda_0.14.0 -Dcapsule.app=net.corda.node.Corda_0.14.0 -Dname=NodeB-corda.jar -Dcapsule.dir=/home/laddha/.capsule/apps/net.corda.node.Corda_0.14.0 -Dcapsule.jar=/home/laddha/forwards-check/build/nodes/NodeB/corda.jar
[INFO ] 2018-07-10T07:07:11,576Z [main] internal.Node.logStartupInfo - Application Args: 
[INFO ] 2018-07-10T07:07:11,576Z [main] internal.Node.logStartupInfo - bootclasspath: /usr/lib/jvm/java-8-openjdk-amd64/jre/lib/resources.jar:/usr/lib/jvm/java-8-openjdk-amd64/jre/lib/rt.jar:/usr/lib/jvm/java-8-openjdk-amd64/jre/lib/sunrsasign.jar:/usr/lib/jvm/java-8-openjdk-amd64/jre/lib/jsse.jar:/usr/lib/jvm/java-8-openjdk-amd64/jre/lib/jce.jar:/usr/lib/jvm/java-8-openjdk-amd64/jre/lib/charsets.jar:/usr/lib/jvm/java-8-openjdk-amd64/jre/lib/jfr.jar:/usr/lib/jvm/java-8-openjdk-amd64/jre/classes
[INFO ] 2018-07-10T07:07:11,576Z [main] internal.Node.logStartupInfo - classpath: /home/laddha/forwards-check/build/nodes/NodeB/corda.jar:/home/laddha/.capsule/apps/net.corda.node.Corda_0.14.0/jolokia-agent-war-2.0.0-M3.war:/home/laddha/.capsule/apps/net.corda.node.Corda_0.14.0/corda-finance-0.14.0.jar:/home/laddha/.capsule/apps/net.corda.node.Corda_0.14.0/corda-node-schemas-0.14.0.jar:/home/laddha/.capsule/apps/net.corda.node.Corda_0.14.0/corda-node-api-0.14.0.jar:/home/laddha/.capsule/apps/net.corda.node.Corda_0.14.0/corda-rpc-0.14.0.jar:/home/laddha/.capsule/apps/net.corda.node.Corda_0.14.0/cordform-common-0.14.0.jar:/home/laddha/.capsule/apps/net.corda.node.Corda_0.14.0/jsr305-3.0.1.jar:/home/laddha/.capsule/apps/net.corda.node.Corda_0.14.0/log4j-slf4j-impl-2.7.jar:/home/laddha/.capsule/apps/net.corda.node.Corda_0.14.0/log4j-web-2.7.jar:/home/laddha/.capsule/apps/net.corda.node.Corda_0.14.0/jul-to-slf4j-1.7.25.jar:/home/laddha/.capsule/apps/net.corda.node.Corda_0.14.0/kotlin-stdlib-jre8-1.1.1.jar:/home/laddha/.capsule/apps/net.corda.node.Corda_0.14.0/kotlin-reflect-1.1.1.jar:/home/laddha/.capsule/apps/net.corda.node.Corda_0.14.0/guava-21.0.jar:/home/laddha/.capsule/apps/net.corda.node.Corda_0.14.0/jopt-simple-5.0.2.jar:/home/laddha/.capsule/apps/net.corda.node.Corda_0.14.0/artemis-server-2.1.0.jar:/home/laddha/.capsule/apps/net.corda.node.Corda_0.14.0/artemis-core-client-2.1.0.jar:/home/laddha/.capsule/apps/net.corda.node.Corda_0.14.0/jansi-1.14.jar:/home/laddha/.capsule/apps/net.corda.node.Corda_0.14.0/jcabi-manifests-1.1.jar:/home/laddha/.capsule/apps/net.corda.node.Corda_0.14.0/forms_rt-7.0.3.jar:/home/laddha/.capsule/apps/net.corda.node.Corda_0.14.0/corda-jackson-0.14.0.jar:/home/laddha/.capsule/apps/net.corda.node.Corda_0.14.0/metrics-core-3.1.2.jar:/home/laddha/.capsule/apps/net.corda.node.Corda_0.14.0/jimfs-1.1.jar:/home/laddha/.capsule/apps/net.corda.node.Corda_0.14.0/config-1.3.1.jar:/home/laddha/.capsule/apps/net.corda.node.Corda_0.14.0/h2-1.4.194.jar:/home/laddha/.capsule/apps/net.corda.node.Corda_0.14.0/exposed-0.5.0.jar:/home/laddha/.capsule/apps/net.corda.node.Corda_0.14.0/HikariCP-2.5.1.jar:/home/laddha/.capsule/apps/net.corda.node.Corda_0.14.0/hibernate-core-5.2.6.Final.jar:/home/laddha/.capsule/apps/net.corda.node.Corda_0.14.0/hibernate-java8-5.2.6.Final.jar:/home/laddha/.capsule/apps/net.corda.node.Corda_0.14.0/copycat-client-1.2.3.jar:/home/laddha/.capsule/apps/net.corda.node.Corda_0.14.0/copycat-server-1.2.3.jar:/home/laddha/.capsule/apps/net.corda.node.Corda_0.14.0/catalyst-netty-1.1.2.jar:/home/laddha/.capsule/apps/net.corda.node.Corda_0.14.0/netty-all-4.1.9.Final.jar:/home/laddha/.capsule/apps/net.corda.node.Corda_0.14.0/crash.shell-9d242da2a10e686f33a3aefc69e4768824ad0716.jar:/home/laddha/.capsule/apps/net.corda.node.Corda_0.14.0/okhttp-3.5.0.jar:/home/laddha/.capsule/apps/net.corda.node.Corda_0.14.0/commons-codec-1.10.jar:/home/laddha/.capsule/apps/net.corda.node.Corda_0.14.0/library-master-v1.1-beta-g6215ec8-87.jar:/home/laddha/.capsule/apps/net.corda.node.Corda_0.14.0/requery-kotlin-1.3.1.jar:/home/laddha/.capsule/apps/net.corda.node.Corda_0.14.0/fast-classpath-scanner-2.0.21.jar:/home/laddha/.capsule/apps/net.corda.node.Corda_0.14.0/quasar-core-0.7.6-jdk8.jar:/home/laddha/.capsule/apps/net.corda.node.Corda_0.14.0/artemis-amqp-protocol-2.1.0.jar:/home/laddha/.capsule/apps/net.corda.node.Corda_0.14.0/corda-core-0.14.0.jar:/home/laddha/.capsule/apps/net.corda.node.Corda_0.14.0/artemis-commons-2.1.0.jar:/home/laddha/.capsule/apps/net.corda.node.Corda_0.14.0/commons-fileupload-1.3.2.jar:/home/laddha/.capsule/apps/net.corda.node.Corda_0.14.0/bcprov-jdk15on-1.57.jar:/home/laddha/.capsule/apps/net.corda.node.Corda_0.14.0/log4j-api-2.7.jar:/home/laddha/.capsule/apps/net.corda.node.Corda_0.14.0/log4j-core-2.7.jar:/home/laddha/.capsule/apps/net.corda.node.Corda_0.14.0/kotlin-stdlib-jre7-1.1.1.jar:/home/laddha/.capsule/apps/net.corda.node.Corda_0.14.0/kotlin-stdlib-1.1.1.jar:/home/laddha/.capsule/apps/net.corda.node.Corda_0.14.0/jboss-logging-3.3.0.Final.jar:/home/laddha/.capsule/apps/net.corda.node.Corda_0.14.0/artemis-selector-2.1.0.jar:/home/laddha/.capsule/apps/net.corda.node.Corda_0.14.0/artemis-journal-2.1.0.jar:/home/laddha/.capsule/apps/net.corda.node.Corda_0.14.0/artemis-jdbc-store-2.1.0.jar:/home/laddha/.capsule/apps/net.corda.node.Corda_0.14.0/jgroups-3.6.13.Final.jar:/home/laddha/.capsule/apps/net.corda.node.Corda_0.14.0/geronimo-json_1.0_spec-1.0-alpha-1.jar:/home/laddha/.capsule/apps/net.corda.node.Corda_0.14.0/johnzon-core-0.9.5.jar:/home/laddha/.capsule/apps/net.corda.node.Corda_0.14.0/jcabi-log-0.14.jar:/home/laddha/.capsule/apps/net.corda.node.Corda_0.14.0/forms-1.1-preview.jar:/home/laddha/.capsule/apps/net.corda.node.Corda_0.14.0/jdom-1.0.jar:/home/laddha/.capsule/apps/net.corda.node.Corda_0.14.0/jackson-module-kotlin-2.8.5.jar:/home/laddha/.capsule/apps/net.corda.node.Corda_0.14.0/jackson-dataformat-yaml-2.8.5.jar:/home/laddha/.capsule/apps/net.corda.node.Corda_0.14.0/jackson-datatype-jsr310-2.8.5.jar:/home/laddha/.capsule/apps/net.corda.node.Corda_0.14.0/joda-time-2.5.jar:/home/laddha/.capsule/apps/net.corda.node.Corda_0.14.0/hibernate-jpa-2.1-api-1.0.0.Final.jar:/home/laddha/.capsule/apps/net.corda.node.Corda_0.14.0/javassist-3.20.0-GA.jar:/home/laddha/.capsule/apps/net.corda.node.Corda_0.14.0/antlr-2.7.7.jar:/home/laddha/.capsule/apps/net.corda.node.Corda_0.14.0/geronimo-jta_1.1_spec-1.1.1.jar:/home/laddha/.capsule/apps/net.corda.node.Corda_0.14.0/jandex-2.0.3.Final.jar:/home/laddha/.capsule/apps/net.corda.node.Corda_0.14.0/classmate-1.3.0.jar:/home/laddha/.capsule/apps/net.corda.node.Corda_0.14.0/dom4j-1.6.1.jar:/home/laddha/.capsule/apps/net.corda.node.Corda_0.14.0/hibernate-commons-annotations-5.0.1.Final.jar:/home/laddha/.capsule/apps/net.corda.node.Corda_0.14.0/cdi-api-1.1.jar:/home/laddha/.capsule/apps/net.corda.node.Corda_0.14.0/copycat-protocol-1.2.3.jar:/home/laddha/.capsule/apps/net.corda.node.Corda_0.14.0/catalyst-transport-1.1.2.jar:/home/laddha/.capsule/apps/net.corda.node.Corda_0.14.0/crash.cli-9d242da2a10e686f33a3aefc69e4768824ad0716.jar:/home/laddha/.capsule/apps/net.corda.node.Corda_0.14.0/groovy-all-1.8.9.jar:/home/laddha/.capsule/apps/net.corda.node.Corda_0.14.0/okio-1.11.0.jar:/home/laddha/.capsule/apps/net.corda.node.Corda_0.14.0/requery-1.3.1.jar:/home/laddha/.capsule/apps/net.corda.node.Corda_0.14.0/artemis-jms-client-2.1.0.jar:/home/laddha/.capsule/apps/net.corda.node.Corda_0.14.0/jcl-over-slf4j-1.7.25.jar:/home/laddha/.capsule/apps/net.corda.node.Corda_0.14.0/rxjava-1.2.4.jar:/home/laddha/.capsule/apps/net.corda.node.Corda_0.14.0/kryo-4.0.0.jar:/home/laddha/.capsule/apps/net.corda.node.Corda_0.14.0/kryo-serializers-0.41.jar:/home/laddha/.capsule/apps/net.corda.node.Corda_0.14.0/commons-jexl3-3.0.jar:/home/laddha/.capsule/apps/net.corda.node.Corda_0.14.0/jackson-databind-2.8.5.jar:/home/laddha/.capsule/apps/net.corda.node.Corda_0.14.0/eddsa-0.2.0.jar:/home/laddha/.capsule/apps/net.corda.node.Corda_0.14.0/bcpkix-jdk15on-1.57.jar:/home/laddha/.capsule/apps/net.corda.node.Corda_0.14.0/proton-j-0.19.0.jar:/home/laddha/.capsule/apps/net.corda.node.Corda_0.14.0/commons-beanutils-1.9.2.jar:/home/laddha/.capsule/apps/net.corda.node.Corda_0.14.0/commons-io-2.2.jar:/home/laddha/.capsule/apps/net.corda.node.Corda_0.14.0/artemis-native-2.1.0.jar:/home/laddha/.capsule/apps/net.corda.node.Corda_0.14.0/jackson-core-2.8.5.jar:/home/laddha/.capsule/apps/net.corda.node.Corda_0.14.0/snakeyaml-1.17.jar:/home/laddha/.capsule/apps/net.corda.node.Corda_0.14.0/el-api-2.2.jar:/home/laddha/.capsule/apps/net.corda.node.Corda_0.14.0/jboss-interceptors-api_1.1_spec-1.0.0.Beta1.jar:/home/laddha/.capsule/apps/net.corda.node.Corda_0.14.0/jsr250-api-1.0.jar:/home/laddha/.capsule/apps/net.corda.node.Corda_0.14.0/javax.inject-1.jar:/home/laddha/.capsule/apps/net.corda.node.Corda_0.14.0/catalyst-concurrent-1.1.2.jar:/home/laddha/.capsule/apps/net.corda.node.Corda_0.14.0/geronimo-jms_2.0_spec-1.0-alpha-2.jar:/home/laddha/.capsule/apps/net.corda.node.Corda_0.14.0/reflectasm-1.11.3.jar:/home/laddha/.capsule/apps/net.corda.node.Corda_0.14.0/minlog-1.3.0.jar:/home/laddha/.capsule/apps/net.corda.node.Corda_0.14.0/objenesis-2.2.jar:/home/laddha/.capsule/apps/net.corda.node.Corda_0.14.0/commons-collections-3.2.1.jar:/home/laddha/.capsule/apps/net.corda.node.Corda_0.14.0/catalyst-serializer-1.1.2.jar:/home/laddha/.capsule/apps/net.corda.node.Corda_0.14.0/asm-5.0.4.jar:/home/laddha/.capsule/apps/net.corda.node.Corda_0.14.0/catalyst-buffer-1.1.2.jar:/home/laddha/.capsule/apps/net.corda.node.Corda_0.14.0/catalyst-common-1.1.2.jar:/home/laddha/.capsule/apps/net.corda.node.Corda_0.14.0/slf4j-api-1.7.25.jar:/home/laddha/.capsule/apps/net.corda.node.Corda_0.14.0/annotations-13.0.jar:/home/laddha/.capsule/apps/net.corda.node.Corda_0.14.0/jackson-annotations-2.8.5.jar:/home/laddha/.capsule/apps/net.corda.node.Corda_0.14.0/corda-node-0.14.0.jar:/home/laddha/forwards-check/build/nodes/NodeB/plugins/forwards-check-0.1.jar:/home/laddha/.capsule/apps/net.corda.node.Corda_0.14.0/quasar-core-0.7.6-jdk8.jar
[INFO ] 2018-07-10T07:07:11,577Z [main] internal.Node.logStartupInfo - VM OpenJDK 64-Bit Server VM Oracle Corporation 25.171-b11
[INFO ] 2018-07-10T07:07:11,578Z [main] internal.Node.logStartupInfo - Machine: A-Laptop-has-no-Name
[INFO ] 2018-07-10T07:07:11,578Z [main] internal.Node.logStartupInfo - Working Directory: /home/laddha/forwards-check/build/nodes/NodeB
[INFO ] 2018-07-10T07:07:11,622Z [main] internal.Node.logStartupInfo - Debug port: dt_socket:5006
[INFO ] 2018-07-10T07:07:11,623Z [main] internal.Node.logStartupInfo - Starting as node on localhost:10008
[WARN ] 2018-07-10T07:07:11,877Z [main] internal.Node.start - Corda node is running in dev mode.
[INFO ] 2018-07-10T07:07:16,233Z [main] internal.Node.start - Node starting up ...
[INFO ] 2018-07-10T07:07:17,794Z [main] BasicInfo.printBasicNodeInfo - Database connection url is              : jdbc:h2:tcp://127.0.1.1:42326/node
[INFO ] 2018-07-10T07:07:18,091Z [main] hikari.HikariDataSource.<init> - HikariPool-1 - Started.
[INFO ] 2018-07-10T07:07:19,040Z [main] internal.Node.invoke - Connected to h2 database.
[INFO ] 2018-07-10T07:07:19,854Z [main] hikari.HikariDataSource.<init> - HikariPool-2 - Started.
[INFO ] 2018-07-10T07:07:36,814Z [main] internal.Node.discoverPublicHost - Detected public address: /127.0.0.1:49498
[INFO ] 2018-07-10T07:07:36,976Z [main] BasicInfo.printBasicNodeInfo - Incoming connection address             : 127.0.0.1:10008
[INFO ] 2018-07-10T07:07:37,122Z [main] internal.Node.obtainKeyPair - identity-private-key not found in keystore /home/laddha/forwards-check/build/nodes/NodeB/certificates/nodekeystore.jks, generating fresh key!
[INFO ] 2018-07-10T07:07:39,085Z [main] hikari.HikariDataSource.<init> - HikariPool-3 - Started.
[INFO ] 2018-07-10T07:07:39,290Z [main] database.HibernateConfiguration.makeSessionFactoryForSchemas - Creating session factory for schemas: java.util.Collections$1@174f0d06
[INFO ] 2018-07-10T07:07:40,042Z [main] hibernate.Version.logVersion - HHH000412: Hibernate Core {5.2.6.Final}
[INFO ] 2018-07-10T07:07:40,047Z [main] cfg.Environment.<clinit> - HHH000206: hibernate.properties not found
[INFO ] 2018-07-10T07:07:40,256Z [main] common.Version.<clinit> - HCANN000001: Hibernate Commons Annotations {5.0.1.Final}
[INFO ] 2018-07-10T07:07:40,808Z [main] internal.ConnectionProviderInitiator.initiateService - HHH000130: Instantiating explicit connection provider: net.corda.node.services.database.HibernateConfiguration$NodeDatabaseConnectionProvider
[INFO ] 2018-07-10T07:07:40,853Z [main] dialect.Dialect.<init> - HHH000400: Using dialect: org.hibernate.dialect.H2Dialect
[INFO ] 2018-07-10T07:07:43,693Z [main] connections.access.getIsolatedConnection - HHH10001501: Connection obtained from JdbcConnectionAccess [org.hibernate.engine.jdbc.env.internal.JdbcEnvironmentInitiator$ConnectionProviderJdbcConnectionAccess@39cf7f3c] for (non-JTA) DDL execution was not in auto-commit mode; the Connection 'local transaction' will be committed and the Connection will be set into auto-commit mode.
[INFO ] 2018-07-10T07:07:43,837Z [main] database.HibernateConfiguration.makeSessionFactoryForSchemas - Created session factory for schemas: java.util.Collections$1@174f0d06
[INFO ] 2018-07-10T07:07:43,837Z [main] database.HibernateConfiguration.makeSessionFactoryForSchemas - Creating session factory for schemas: java.util.Collections$1@3b9d85c2
[INFO ] 2018-07-10T07:07:43,852Z [main] internal.ConnectionProviderInitiator.initiateService - HHH000130: Instantiating explicit connection provider: net.corda.node.services.database.HibernateConfiguration$NodeDatabaseConnectionProvider
[INFO ] 2018-07-10T07:07:43,858Z [main] dialect.Dialect.<init> - HHH000400: Using dialect: org.hibernate.dialect.H2Dialect
[INFO ] 2018-07-10T07:07:43,964Z [main] connections.access.getIsolatedConnection - HHH10001501: Connection obtained from JdbcConnectionAccess [org.hibernate.engine.jdbc.env.internal.JdbcEnvironmentInitiator$ConnectionProviderJdbcConnectionAccess@54464330] for (non-JTA) DDL execution was not in auto-commit mode; the Connection 'local transaction' will be committed and the Connection will be set into auto-commit mode.
[INFO ] 2018-07-10T07:07:43,994Z [main] database.HibernateConfiguration.makeSessionFactoryForSchemas - Created session factory for schemas: java.util.Collections$1@3b9d85c2
[INFO ] 2018-07-10T07:07:44,002Z [main] database.HibernateConfiguration.makeSessionFactoryForSchemas - Creating session factory for schemas: java.util.Collections$1@3feeab43
[INFO ] 2018-07-10T07:07:44,018Z [main] internal.ConnectionProviderInitiator.initiateService - HHH000130: Instantiating explicit connection provider: net.corda.node.services.database.HibernateConfiguration$NodeDatabaseConnectionProvider
[INFO ] 2018-07-10T07:07:44,025Z [main] dialect.Dialect.<init> - HHH000400: Using dialect: org.hibernate.dialect.H2Dialect
[INFO ] 2018-07-10T07:07:44,468Z [main] connections.access.getIsolatedConnection - HHH10001501: Connection obtained from JdbcConnectionAccess [org.hibernate.engine.jdbc.env.internal.JdbcEnvironmentInitiator$ConnectionProviderJdbcConnectionAccess@22a89db] for (non-JTA) DDL execution was not in auto-commit mode; the Connection 'local transaction' will be committed and the Connection will be set into auto-commit mode.
[INFO ] 2018-07-10T07:07:44,613Z [main] database.HibernateConfiguration.makeSessionFactoryForSchemas - Created session factory for schemas: java.util.Collections$1@3feeab43
[INFO ] 2018-07-10T07:07:44,614Z [main] database.HibernateConfiguration.makeSessionFactoryForSchemas - Creating session factory for schemas: kotlin.jvm.internal.ArrayIterator@280cb0b4
[INFO ] 2018-07-10T07:07:44,620Z [main] internal.ConnectionProviderInitiator.initiateService - HHH000130: Instantiating explicit connection provider: net.corda.node.services.database.HibernateConfiguration$NodeDatabaseConnectionProvider
[INFO ] 2018-07-10T07:07:44,622Z [main] dialect.Dialect.<init> - HHH000400: Using dialect: org.hibernate.dialect.H2Dialect
[INFO ] 2018-07-10T07:07:44,796Z [main] connections.access.getIsolatedConnection - HHH10001501: Connection obtained from JdbcConnectionAccess [org.hibernate.engine.jdbc.env.internal.JdbcEnvironmentInitiator$ConnectionProviderJdbcConnectionAccess@2f29046b] for (non-JTA) DDL execution was not in auto-commit mode; the Connection 'local transaction' will be committed and the Connection will be set into auto-commit mode.
[INFO ] 2018-07-10T07:07:44,875Z [main] database.HibernateConfiguration.makeSessionFactoryForSchemas - Created session factory for schemas: kotlin.jvm.internal.ArrayIterator@280cb0b4
[INFO ] 2018-07-10T07:07:45,241Z [main] database.HibernateConfiguration.makeSessionFactoryForSchemas - Creating session factory for schemas: java.util.Collections$1@5784f6b9
[INFO ] 2018-07-10T07:07:45,263Z [main] internal.ConnectionProviderInitiator.initiateService - HHH000130: Instantiating explicit connection provider: net.corda.node.services.database.HibernateConfiguration$NodeDatabaseConnectionProvider
[INFO ] 2018-07-10T07:07:45,266Z [main] dialect.Dialect.<init> - HHH000400: Using dialect: org.hibernate.dialect.H2Dialect
[INFO ] 2018-07-10T07:07:45,323Z [main] connections.access.getIsolatedConnection - HHH10001501: Connection obtained from JdbcConnectionAccess [org.hibernate.engine.jdbc.env.internal.JdbcEnvironmentInitiator$ConnectionProviderJdbcConnectionAccess@2a6b6f4] for (non-JTA) DDL execution was not in auto-commit mode; the Connection 'local transaction' will be committed and the Connection will be set into auto-commit mode.
[INFO ] 2018-07-10T07:07:45,363Z [main] database.HibernateConfiguration.makeSessionFactoryForSchemas - Created session factory for schemas: java.util.Collections$1@5784f6b9
[INFO ] 2018-07-10T07:07:45,363Z [main] database.HibernateConfiguration.makeSessionFactoryForSchemas - Creating session factory for schemas: java.util.Collections$1@11636d43
[INFO ] 2018-07-10T07:07:45,371Z [main] internal.ConnectionProviderInitiator.initiateService - HHH000130: Instantiating explicit connection provider: net.corda.node.services.database.HibernateConfiguration$NodeDatabaseConnectionProvider
[INFO ] 2018-07-10T07:07:45,372Z [main] dialect.Dialect.<init> - HHH000400: Using dialect: org.hibernate.dialect.H2Dialect
[INFO ] 2018-07-10T07:07:45,398Z [main] connections.access.getIsolatedConnection - HHH10001501: Connection obtained from JdbcConnectionAccess [org.hibernate.engine.jdbc.env.internal.JdbcEnvironmentInitiator$ConnectionProviderJdbcConnectionAccess@5a349644] for (non-JTA) DDL execution was not in auto-commit mode; the Connection 'local transaction' will be committed and the Connection will be set into auto-commit mode.
[INFO ] 2018-07-10T07:07:45,443Z [main] database.HibernateConfiguration.makeSessionFactoryForSchemas - Created session factory for schemas: java.util.Collections$1@11636d43
[INFO ] 2018-07-10T07:07:45,443Z [main] database.HibernateConfiguration.makeSessionFactoryForSchemas - Creating session factory for schemas: java.util.Collections$1@42b6acc2
[INFO ] 2018-07-10T07:07:45,449Z [main] internal.ConnectionProviderInitiator.initiateService - HHH000130: Instantiating explicit connection provider: net.corda.node.services.database.HibernateConfiguration$NodeDatabaseConnectionProvider
[INFO ] 2018-07-10T07:07:45,450Z [main] dialect.Dialect.<init> - HHH000400: Using dialect: org.hibernate.dialect.H2Dialect
[INFO ] 2018-07-10T07:07:45,537Z [main] connections.access.getIsolatedConnection - HHH10001501: Connection obtained from JdbcConnectionAccess [org.hibernate.engine.jdbc.env.internal.JdbcEnvironmentInitiator$ConnectionProviderJdbcConnectionAccess@57af157c] for (non-JTA) DDL execution was not in auto-commit mode; the Connection 'local transaction' will be committed and the Connection will be set into auto-commit mode.
[INFO ] 2018-07-10T07:07:45,668Z [main] database.HibernateConfiguration.makeSessionFactoryForSchemas - Created session factory for schemas: java.util.Collections$1@42b6acc2
[INFO ] 2018-07-10T07:07:48,274Z [main] BasicInfo.printBasicNodeInfo - Listening on port                       : 10008
[INFO ] 2018-07-10T07:07:48,289Z [main] BasicInfo.printBasicNodeInfo - RPC service listening on port           : 10009
[INFO ] 2018-07-10T07:07:48,353Z [main] messaging.NodeMessagingClient.start - Connecting to message broker: localhost:10008
[INFO ] 2018-07-10T07:07:49,576Z [main] internal.Node.scanCordapps - Scanning CorDapps in [/home/laddha/forwards-check/build/nodes/NodeB/plugins/forwards-check-0.1.jar]
[INFO ] 2018-07-10T07:07:51,544Z [main] internal.Node.registerInitiatedFlowInternal - Registered com.template.FutureFlow to initiate com.template.FutureFlowResponder (version 1)
[INFO ] 2018-07-10T07:07:51,720Z [main] internal.Node.registerInitiatedFlowInternal - Registered net.corda.flows.IssuerFlow$IssuanceRequester to initiate net.corda.flows.IssuerFlow$Issuer (version 1)
[INFO ] 2018-07-10T07:07:53,383Z [main] BasicInfo.printBasicNodeInfo - Loaded plugins                          : com.template.TemplatePlugin
[INFO ] 2018-07-10T07:07:53,397Z [main] messaging.RPCServer.start - Starting RPC server with configuration RPCServerConfiguration(rpcThreadPoolSize=4, consumerPoolSize=2, producerPoolBound=4, reapInterval=PT1S)
[INFO ] 2018-07-10T07:07:54,371Z [Node thread] messaging.NodeMessagingClient.invoke - Network map is complete, so removing filter from P2P consumer.
[INFO ] 2018-07-10T07:07:54,452Z [Node thread] BasicInfo.printBasicNodeInfo - Node for "NodeB" started up and registered in 58.85 sec
[INFO ] 2018-07-10T07:07:57,422Z [Node thread] plugin.PluginManager.getPlugins - Loaded plugin Plugin[type=CRaSHShellFactory,interface=ShellFactory]
[INFO ] 2018-07-10T07:07:57,428Z [Node thread] plugin.PluginManager.getPlugins - Loaded plugin Plugin[type=GroovyLanguageProxy,interface=Language]
[INFO ] 2018-07-10T07:07:57,433Z [Node thread] plugin.PluginManager.getPlugins - Loaded plugin Plugin[type=JavaLanguage,interface=Language]
[INFO ] 2018-07-10T07:07:57,438Z [Node thread] plugin.PluginManager.getPlugins - Loaded plugin Plugin[type=ScriptLanguage,interface=Language]
[INFO ] 2018-07-10T07:07:57,441Z [Node thread] plugin.PluginManager.getPlugins - Loaded plugin Plugin[type=JaasAuthenticationPlugin,interface=AuthenticationPlugin]
[INFO ] 2018-07-10T07:07:57,450Z [Node thread] plugin.PluginManager.getPlugins - Loaded plugin Plugin[type=SimpleAuthenticationPlugin,interface=AuthenticationPlugin]
[INFO ] 2018-07-10T07:07:57,517Z [Node thread] plugin.PluginManager.getPlugins - Initialized plugin Plugin[type=GroovyLanguageProxy,interface=Language]
[INFO ] 2018-07-10T07:07:57,522Z [Node thread] plugin.PluginManager.getPlugins - Initialized plugin Plugin[type=ScriptLanguage,interface=Language]
[INFO ] 2018-07-10T07:07:57,549Z [Node thread] plugin.PluginManager.getPlugins - Initialized plugin Plugin[type=CRaSHShellFactory,interface=ShellFactory]
[INFO ] 2018-07-10T07:07:57,558Z [Node thread] plugin.PluginManager.getPlugins - Initialized plugin Plugin[type=JaasAuthenticationPlugin,interface=AuthenticationPlugin]
[INFO ] 2018-07-10T07:07:57,560Z [Node thread] plugin.PluginManager.getPlugins - Initialized plugin Plugin[type=SimpleAuthenticationPlugin,interface=AuthenticationPlugin]
[INFO ] 2018-07-10T07:08:27,089Z [Thread-4] BasicInfo.printBasicNodeInfo - Shutting down ...
[WARN ] 2018-07-10T07:08:27,202Z [Thread-0 (ActiveMQ-client-global-threads)] core.client.fail - AMQ212037: Connection failure has been detected: AMQ119015: The connection was disconnected because of server shutdown [code=DISCONNECTED]
[WARN ] 2018-07-10T07:08:27,212Z [Thread-1 (ActiveMQ-client-global-threads)] core.client.fail - AMQ212037: Connection failure has been detected: AMQ119015: The connection was disconnected because of server shutdown [code=DISCONNECTED]
[WARN ] 2018-07-10T07:08:27,214Z [Thread-2 (ActiveMQ-client-global-threads)] core.client.fail - AMQ212037: Connection failure has been detected: AMQ119015: The connection was disconnected because of server shutdown [code=DISCONNECTED]
[INFO ] 2018-07-10T07:08:27,302Z [Thread-4] pool.HikariPool.shutdown - HikariPool-1 - Close initiated...
[INFO ] 2018-07-10T07:08:27,327Z [Thread-4] pool.HikariPool.shutdown - HikariPool-1 - Closed.
[INFO ] 2018-07-10T07:08:27,328Z [Thread-4] internal.Node.stop - Shutdown complete
[INFO ] 2018-07-11T07:35:33,624Z [main] manifests.Manifests.info - 109 attributes loaded from 121 stream(s) in 6s, 109 saved, 1664 ignored: ["ActiveMQ-Version", "Agent-Class", "Ant-Version", "App-Class-Path", "Application-Class", "Application-Library-Allowable-Codebase", "Application-Name", "Application-Version", "Archiver-Version", "Bnd-LastModified", "Branch", "Build-Date", "Build-Host", "Build-Id", "Build-Java-Version", "Build-Jdk", "Build-Job", "Build-Number", "Build-Timestamp", "Built-By", "Built-OS", "Built-Status", "Bundle-Activator", "Bundle-Category", "Bundle-ClassPath", "Bundle-Description", "Bundle-DocURL", "Bundle-License", "Bundle-ManifestVersion", "Bundle-Name", "Bundle-RequiredExecutionEnvironment", "Bundle-SymbolicName", "Bundle-Vendor", "Bundle-Version", "CLDR-Version", "Caller-Allowable-Codebase", "Can-Redefine-Classes", "Can-Retransform-Classes", "Caplets", "Change", "Class-Path", "Codebase", "Corda-Platform-Version", "Corda-Release-Version", "Corda-Revision", "Corda-Vendor", "Created-By", "DynamicImport-Package", "Eclipse-BuddyPolicy", "Eclipse-LazyStart", "Export-Package", "Extension-Name", "Fragment-Host", "Gradle-Version", "Ignore-Package", "Implementation-Build", "Implementation-Build-Date", "Implementation-Title", "Implementation-URL", "Implementation-Url", "Implementation-Vendor", "Implementation-Vendor-Id", "Implementation-Version", "Import-Package", "Include-Resource", "JCabi-Build", "JCabi-Date", "JCabi-Version", "JVM-Args", "Java-Agents", "Java-Vendor", "Java-Version", "Kotlin-Runtime-Component", "Kotlin-Version", "Log4jReleaseKey", "Log4jReleaseManager", "Log4jReleaseVersion", "Main-Class", "Main-class", "Manifest-Version", "Min-Java-Version", "Min-Update-Version", "Module-Email", "Module-Origin", "Module-Owner", "Module-Source", "Originally-Created-By", "Os-Arch", "Os-Name", "Os-Version", "Package", "Permissions", "Premain-Class", "Private-Package", "Provide-Capability", "Require-Capability", "Scm-Connection", "Scm-Revision", "Scm-Url", "Service-Component", "Specification-Title", "Specification-Vendor", "Specification-Version", "System-Properties", "Time-Zone-Database-Version", "Tool", "Trusted-Library", "X-Compile-Source-JDK", "X-Compile-Target-JDK"]
[INFO ] 2018-07-11T07:35:34,784Z [main] BasicInfo.printBasicNodeInfo - Logs can be found in                    : /home/laddha/forwards-check/build/nodes/NodeB/logs
[INFO ] 2018-07-11T07:35:35,493Z [main] config.ConfigHelper.loadConfig - Config:
{
    # hardcoded value
    "basedir" : "/home/laddha/forwards-check/build/nodes/NodeB",
    # reference.conf @ jar:file:/home/laddha/.capsule/apps/net.corda.node.Corda_0.14.0/corda-node-0.14.0.jar!/reference.conf: 13
    "certificateSigningService" : "https://cordaci-netperm.corda.r3cev.com",
    # reference.conf @ jar:file:/home/laddha/.capsule/apps/net.corda.node.Corda_0.14.0/corda-node-0.14.0.jar!/reference.conf: 6
    "dataSourceProperties" : {
        # reference.conf @ jar:file:/home/laddha/.capsule/apps/net.corda.node.Corda_0.14.0/corda-node-0.14.0.jar!/reference.conf: 10
        "dataSource.password" : "",
        # merge of reference.conf @ jar:file:/home/laddha/.capsule/apps/net.corda.node.Corda_0.14.0/corda-node-0.14.0.jar!/reference.conf: 8,hardcoded value,reference.conf @ jar:file:/home/laddha/.capsule/apps/net.corda.node.Corda_0.14.0/corda-node-0.14.0.jar!/reference.conf: 8,reference.conf @ jar:file:/home/laddha/.capsule/apps/net.corda.node.Corda_0.14.0/corda-node-0.14.0.jar!/reference.conf: 15
        "dataSource.url" : "jdbc:h2:file:/home/laddha/forwards-check/build/nodes/NodeB/persistence;DB_CLOSE_ON_EXIT=FALSE;LOCK_TIMEOUT=10000;WRITE_DELAY=100;AUTO_SERVER_PORT=0",
        # reference.conf @ jar:file:/home/laddha/.capsule/apps/net.corda.node.Corda_0.14.0/corda-node-0.14.0.jar!/reference.conf: 9
        "dataSource.user" : "sa",
        # reference.conf @ jar:file:/home/laddha/.capsule/apps/net.corda.node.Corda_0.14.0/corda-node-0.14.0.jar!/reference.conf: 7
        "dataSourceClassName" : "org.h2.jdbcx.JdbcDataSource"
    },
    # reference.conf @ jar:file:/home/laddha/.capsule/apps/net.corda.node.Corda_0.14.0/corda-node-0.14.0.jar!/reference.conf: 12
    "devMode" : true,
    # reference.conf @ jar:file:/home/laddha/.capsule/apps/net.corda.node.Corda_0.14.0/corda-node-0.14.0.jar!/reference.conf: 2
    "emailAddress" : "admin@company.com",
    # reference.conf @ jar:file:/home/laddha/.capsule/apps/net.corda.node.Corda_0.14.0/corda-node-0.14.0.jar!/reference.conf: 3
    "exportJMXto" : "http",
    # /home/laddha/forwards-check/build/nodes/NodeB/node.conf: 1
    "extraAdvertisedServiceIds" : [],
    # reference.conf @ jar:file:/home/laddha/.capsule/apps/net.corda.node.Corda_0.14.0/corda-node-0.14.0.jar!/reference.conf: 15
    "h2port" : 0,
    # reference.conf @ jar:file:/home/laddha/.capsule/apps/net.corda.node.Corda_0.14.0/corda-node-0.14.0.jar!/reference.conf: 4
    "keyStorePassword" : "cordacadevpass",
    # /home/laddha/forwards-check/build/nodes/NodeB/node.conf: 2
    "myLegalName" : "CN=NodeB,O=NodeB,L=New York,C=US",
    # /home/laddha/forwards-check/build/nodes/NodeB/node.conf: 3
    "networkMapService" : {
        # /home/laddha/forwards-check/build/nodes/NodeB/node.conf: 4
        "address" : "localhost:10002",
        # /home/laddha/forwards-check/build/nodes/NodeB/node.conf: 5
        "legalName" : "CN=Controller,O=R3,OU=corda,L=London,C=UK"
    },
    # /home/laddha/forwards-check/build/nodes/NodeB/node.conf: 7
    "p2pAddress" : "localhost:10008",
    # /home/laddha/forwards-check/build/nodes/NodeB/node.conf: 8
    "rpcAddress" : "localhost:10009",
    # /home/laddha/forwards-check/build/nodes/NodeB/node.conf: 9
    "rpcUsers" : [
        # /home/laddha/forwards-check/build/nodes/NodeB/node.conf: 10
        {
            # /home/laddha/forwards-check/build/nodes/NodeB/node.conf: 11
            "password" : "test",
            # /home/laddha/forwards-check/build/nodes/NodeB/node.conf: 12
            "permissions" : [],
            # /home/laddha/forwards-check/build/nodes/NodeB/node.conf: 13
            "user" : "user1"
        }
    ],
    # reference.conf @ jar:file:/home/laddha/.capsule/apps/net.corda.node.Corda_0.14.0/corda-node-0.14.0.jar!/reference.conf: 5
    "trustStorePassword" : "trustpass",
    # reference.conf @ jar:file:/home/laddha/.capsule/apps/net.corda.node.Corda_0.14.0/corda-node-0.14.0.jar!/reference.conf: 14
    "useHTTPS" : false,
    # reference.conf @ jar:file:/home/laddha/.capsule/apps/net.corda.node.Corda_0.14.0/corda-node-0.14.0.jar!/reference.conf: 16
    "useTestClock" : false,
    # reference.conf @ jar:file:/home/laddha/.capsule/apps/net.corda.node.Corda_0.14.0/corda-node-0.14.0.jar!/reference.conf: 17
    "verifierType" : "InMemory",
    # /home/laddha/forwards-check/build/nodes/NodeB/node.conf: 16
    "webAddress" : "localhost:10010"
}

[WARN ] 2018-07-11T07:35:43,098Z [main] nodeapi.config.defaultToOldPath - Config key user has been deprecated and will be removed in a future release. Use username instead
[INFO ] 2018-07-11T07:35:43,243Z [main] internal.Node.logStartupInfo - Vendor: Corda Open Source
[INFO ] 2018-07-11T07:35:43,245Z [main] internal.Node.logStartupInfo - Release: 0.14.0
[INFO ] 2018-07-11T07:35:43,246Z [main] internal.Node.logStartupInfo - Platform Version: 1
[INFO ] 2018-07-11T07:35:43,248Z [main] internal.Node.logStartupInfo - Revision: 0bf3cb6795da38125cd1c0b2b797a9a5e9a65c0c
[INFO ] 2018-07-11T07:35:43,250Z [main] internal.Node.logStartupInfo - PID: 8980
[INFO ] 2018-07-11T07:35:43,251Z [main] internal.Node.logStartupInfo - Main class: /home/laddha/.capsule/apps/net.corda.node.Corda_0.14.0/corda-node-0.14.0.jar
[INFO ] 2018-07-11T07:35:43,253Z [main] internal.Node.logStartupInfo - CommandLine Args: -Xmx200m -XX:+UseG1GC -agentlib:jdwp=transport=dt_socket,server=y,suspend=n,address=5006 -javaagent:/home/laddha/.capsule/apps/net.corda.node.Corda_0.14.0/quasar-core-0.7.6-jdk8.jar -Dvisualvm.display.name=Corda -Djava.library.path=/usr/java/packages/lib/amd64:/usr/lib/x86_64-linux-gnu/jni:/lib/x86_64-linux-gnu:/usr/lib/x86_64-linux-gnu:/usr/lib/jni:/lib:/usr/lib:/home/laddha/.capsule/apps/net.corda.node.Corda_0.14.0 -Dcapsule.app=net.corda.node.Corda_0.14.0 -Dname=NodeB-corda.jar -Dcapsule.dir=/home/laddha/.capsule/apps/net.corda.node.Corda_0.14.0 -Dcapsule.jar=/home/laddha/forwards-check/build/nodes/NodeB/corda.jar
[INFO ] 2018-07-11T07:35:43,255Z [main] internal.Node.logStartupInfo - Application Args: 
[INFO ] 2018-07-11T07:35:43,258Z [main] internal.Node.logStartupInfo - bootclasspath: /usr/lib/jvm/java-8-openjdk-amd64/jre/lib/resources.jar:/usr/lib/jvm/java-8-openjdk-amd64/jre/lib/rt.jar:/usr/lib/jvm/java-8-openjdk-amd64/jre/lib/sunrsasign.jar:/usr/lib/jvm/java-8-openjdk-amd64/jre/lib/jsse.jar:/usr/lib/jvm/java-8-openjdk-amd64/jre/lib/jce.jar:/usr/lib/jvm/java-8-openjdk-amd64/jre/lib/charsets.jar:/usr/lib/jvm/java-8-openjdk-amd64/jre/lib/jfr.jar:/usr/lib/jvm/java-8-openjdk-amd64/jre/classes
[INFO ] 2018-07-11T07:35:43,261Z [main] internal.Node.logStartupInfo - classpath: /home/laddha/forwards-check/build/nodes/NodeB/corda.jar:/home/laddha/.capsule/apps/net.corda.node.Corda_0.14.0/jolokia-agent-war-2.0.0-M3.war:/home/laddha/.capsule/apps/net.corda.node.Corda_0.14.0/corda-finance-0.14.0.jar:/home/laddha/.capsule/apps/net.corda.node.Corda_0.14.0/corda-node-schemas-0.14.0.jar:/home/laddha/.capsule/apps/net.corda.node.Corda_0.14.0/corda-node-api-0.14.0.jar:/home/laddha/.capsule/apps/net.corda.node.Corda_0.14.0/corda-rpc-0.14.0.jar:/home/laddha/.capsule/apps/net.corda.node.Corda_0.14.0/cordform-common-0.14.0.jar:/home/laddha/.capsule/apps/net.corda.node.Corda_0.14.0/jsr305-3.0.1.jar:/home/laddha/.capsule/apps/net.corda.node.Corda_0.14.0/log4j-slf4j-impl-2.7.jar:/home/laddha/.capsule/apps/net.corda.node.Corda_0.14.0/log4j-web-2.7.jar:/home/laddha/.capsule/apps/net.corda.node.Corda_0.14.0/jul-to-slf4j-1.7.25.jar:/home/laddha/.capsule/apps/net.corda.node.Corda_0.14.0/kotlin-stdlib-jre8-1.1.1.jar:/home/laddha/.capsule/apps/net.corda.node.Corda_0.14.0/kotlin-reflect-1.1.1.jar:/home/laddha/.capsule/apps/net.corda.node.Corda_0.14.0/guava-21.0.jar:/home/laddha/.capsule/apps/net.corda.node.Corda_0.14.0/jopt-simple-5.0.2.jar:/home/laddha/.capsule/apps/net.corda.node.Corda_0.14.0/artemis-server-2.1.0.jar:/home/laddha/.capsule/apps/net.corda.node.Corda_0.14.0/artemis-core-client-2.1.0.jar:/home/laddha/.capsule/apps/net.corda.node.Corda_0.14.0/jansi-1.14.jar:/home/laddha/.capsule/apps/net.corda.node.Corda_0.14.0/jcabi-manifests-1.1.jar:/home/laddha/.capsule/apps/net.corda.node.Corda_0.14.0/forms_rt-7.0.3.jar:/home/laddha/.capsule/apps/net.corda.node.Corda_0.14.0/corda-jackson-0.14.0.jar:/home/laddha/.capsule/apps/net.corda.node.Corda_0.14.0/metrics-core-3.1.2.jar:/home/laddha/.capsule/apps/net.corda.node.Corda_0.14.0/jimfs-1.1.jar:/home/laddha/.capsule/apps/net.corda.node.Corda_0.14.0/config-1.3.1.jar:/home/laddha/.capsule/apps/net.corda.node.Corda_0.14.0/h2-1.4.194.jar:/home/laddha/.capsule/apps/net.corda.node.Corda_0.14.0/exposed-0.5.0.jar:/home/laddha/.capsule/apps/net.corda.node.Corda_0.14.0/HikariCP-2.5.1.jar:/home/laddha/.capsule/apps/net.corda.node.Corda_0.14.0/hibernate-core-5.2.6.Final.jar:/home/laddha/.capsule/apps/net.corda.node.Corda_0.14.0/hibernate-java8-5.2.6.Final.jar:/home/laddha/.capsule/apps/net.corda.node.Corda_0.14.0/copycat-client-1.2.3.jar:/home/laddha/.capsule/apps/net.corda.node.Corda_0.14.0/copycat-server-1.2.3.jar:/home/laddha/.capsule/apps/net.corda.node.Corda_0.14.0/catalyst-netty-1.1.2.jar:/home/laddha/.capsule/apps/net.corda.node.Corda_0.14.0/netty-all-4.1.9.Final.jar:/home/laddha/.capsule/apps/net.corda.node.Corda_0.14.0/crash.shell-9d242da2a10e686f33a3aefc69e4768824ad0716.jar:/home/laddha/.capsule/apps/net.corda.node.Corda_0.14.0/okhttp-3.5.0.jar:/home/laddha/.capsule/apps/net.corda.node.Corda_0.14.0/commons-codec-1.10.jar:/home/laddha/.capsule/apps/net.corda.node.Corda_0.14.0/library-master-v1.1-beta-g6215ec8-87.jar:/home/laddha/.capsule/apps/net.corda.node.Corda_0.14.0/requery-kotlin-1.3.1.jar:/home/laddha/.capsule/apps/net.corda.node.Corda_0.14.0/fast-classpath-scanner-2.0.21.jar:/home/laddha/.capsule/apps/net.corda.node.Corda_0.14.0/quasar-core-0.7.6-jdk8.jar:/home/laddha/.capsule/apps/net.corda.node.Corda_0.14.0/artemis-amqp-protocol-2.1.0.jar:/home/laddha/.capsule/apps/net.corda.node.Corda_0.14.0/corda-core-0.14.0.jar:/home/laddha/.capsule/apps/net.corda.node.Corda_0.14.0/artemis-commons-2.1.0.jar:/home/laddha/.capsule/apps/net.corda.node.Corda_0.14.0/commons-fileupload-1.3.2.jar:/home/laddha/.capsule/apps/net.corda.node.Corda_0.14.0/bcprov-jdk15on-1.57.jar:/home/laddha/.capsule/apps/net.corda.node.Corda_0.14.0/log4j-api-2.7.jar:/home/laddha/.capsule/apps/net.corda.node.Corda_0.14.0/log4j-core-2.7.jar:/home/laddha/.capsule/apps/net.corda.node.Corda_0.14.0/kotlin-stdlib-jre7-1.1.1.jar:/home/laddha/.capsule/apps/net.corda.node.Corda_0.14.0/kotlin-stdlib-1.1.1.jar:/home/laddha/.capsule/apps/net.corda.node.Corda_0.14.0/jboss-logging-3.3.0.Final.jar:/home/laddha/.capsule/apps/net.corda.node.Corda_0.14.0/artemis-selector-2.1.0.jar:/home/laddha/.capsule/apps/net.corda.node.Corda_0.14.0/artemis-journal-2.1.0.jar:/home/laddha/.capsule/apps/net.corda.node.Corda_0.14.0/artemis-jdbc-store-2.1.0.jar:/home/laddha/.capsule/apps/net.corda.node.Corda_0.14.0/jgroups-3.6.13.Final.jar:/home/laddha/.capsule/apps/net.corda.node.Corda_0.14.0/geronimo-json_1.0_spec-1.0-alpha-1.jar:/home/laddha/.capsule/apps/net.corda.node.Corda_0.14.0/johnzon-core-0.9.5.jar:/home/laddha/.capsule/apps/net.corda.node.Corda_0.14.0/jcabi-log-0.14.jar:/home/laddha/.capsule/apps/net.corda.node.Corda_0.14.0/forms-1.1-preview.jar:/home/laddha/.capsule/apps/net.corda.node.Corda_0.14.0/jdom-1.0.jar:/home/laddha/.capsule/apps/net.corda.node.Corda_0.14.0/jackson-module-kotlin-2.8.5.jar:/home/laddha/.capsule/apps/net.corda.node.Corda_0.14.0/jackson-dataformat-yaml-2.8.5.jar:/home/laddha/.capsule/apps/net.corda.node.Corda_0.14.0/jackson-datatype-jsr310-2.8.5.jar:/home/laddha/.capsule/apps/net.corda.node.Corda_0.14.0/joda-time-2.5.jar:/home/laddha/.capsule/apps/net.corda.node.Corda_0.14.0/hibernate-jpa-2.1-api-1.0.0.Final.jar:/home/laddha/.capsule/apps/net.corda.node.Corda_0.14.0/javassist-3.20.0-GA.jar:/home/laddha/.capsule/apps/net.corda.node.Corda_0.14.0/antlr-2.7.7.jar:/home/laddha/.capsule/apps/net.corda.node.Corda_0.14.0/geronimo-jta_1.1_spec-1.1.1.jar:/home/laddha/.capsule/apps/net.corda.node.Corda_0.14.0/jandex-2.0.3.Final.jar:/home/laddha/.capsule/apps/net.corda.node.Corda_0.14.0/classmate-1.3.0.jar:/home/laddha/.capsule/apps/net.corda.node.Corda_0.14.0/dom4j-1.6.1.jar:/home/laddha/.capsule/apps/net.corda.node.Corda_0.14.0/hibernate-commons-annotations-5.0.1.Final.jar:/home/laddha/.capsule/apps/net.corda.node.Corda_0.14.0/cdi-api-1.1.jar:/home/laddha/.capsule/apps/net.corda.node.Corda_0.14.0/copycat-protocol-1.2.3.jar:/home/laddha/.capsule/apps/net.corda.node.Corda_0.14.0/catalyst-transport-1.1.2.jar:/home/laddha/.capsule/apps/net.corda.node.Corda_0.14.0/crash.cli-9d242da2a10e686f33a3aefc69e4768824ad0716.jar:/home/laddha/.capsule/apps/net.corda.node.Corda_0.14.0/groovy-all-1.8.9.jar:/home/laddha/.capsule/apps/net.corda.node.Corda_0.14.0/okio-1.11.0.jar:/home/laddha/.capsule/apps/net.corda.node.Corda_0.14.0/requery-1.3.1.jar:/home/laddha/.capsule/apps/net.corda.node.Corda_0.14.0/artemis-jms-client-2.1.0.jar:/home/laddha/.capsule/apps/net.corda.node.Corda_0.14.0/jcl-over-slf4j-1.7.25.jar:/home/laddha/.capsule/apps/net.corda.node.Corda_0.14.0/rxjava-1.2.4.jar:/home/laddha/.capsule/apps/net.corda.node.Corda_0.14.0/kryo-4.0.0.jar:/home/laddha/.capsule/apps/net.corda.node.Corda_0.14.0/kryo-serializers-0.41.jar:/home/laddha/.capsule/apps/net.corda.node.Corda_0.14.0/commons-jexl3-3.0.jar:/home/laddha/.capsule/apps/net.corda.node.Corda_0.14.0/jackson-databind-2.8.5.jar:/home/laddha/.capsule/apps/net.corda.node.Corda_0.14.0/eddsa-0.2.0.jar:/home/laddha/.capsule/apps/net.corda.node.Corda_0.14.0/bcpkix-jdk15on-1.57.jar:/home/laddha/.capsule/apps/net.corda.node.Corda_0.14.0/proton-j-0.19.0.jar:/home/laddha/.capsule/apps/net.corda.node.Corda_0.14.0/commons-beanutils-1.9.2.jar:/home/laddha/.capsule/apps/net.corda.node.Corda_0.14.0/commons-io-2.2.jar:/home/laddha/.capsule/apps/net.corda.node.Corda_0.14.0/artemis-native-2.1.0.jar:/home/laddha/.capsule/apps/net.corda.node.Corda_0.14.0/jackson-core-2.8.5.jar:/home/laddha/.capsule/apps/net.corda.node.Corda_0.14.0/snakeyaml-1.17.jar:/home/laddha/.capsule/apps/net.corda.node.Corda_0.14.0/el-api-2.2.jar:/home/laddha/.capsule/apps/net.corda.node.Corda_0.14.0/jboss-interceptors-api_1.1_spec-1.0.0.Beta1.jar:/home/laddha/.capsule/apps/net.corda.node.Corda_0.14.0/jsr250-api-1.0.jar:/home/laddha/.capsule/apps/net.corda.node.Corda_0.14.0/javax.inject-1.jar:/home/laddha/.capsule/apps/net.corda.node.Corda_0.14.0/catalyst-concurrent-1.1.2.jar:/home/laddha/.capsule/apps/net.corda.node.Corda_0.14.0/geronimo-jms_2.0_spec-1.0-alpha-2.jar:/home/laddha/.capsule/apps/net.corda.node.Corda_0.14.0/reflectasm-1.11.3.jar:/home/laddha/.capsule/apps/net.corda.node.Corda_0.14.0/minlog-1.3.0.jar:/home/laddha/.capsule/apps/net.corda.node.Corda_0.14.0/objenesis-2.2.jar:/home/laddha/.capsule/apps/net.corda.node.Corda_0.14.0/commons-collections-3.2.1.jar:/home/laddha/.capsule/apps/net.corda.node.Corda_0.14.0/catalyst-serializer-1.1.2.jar:/home/laddha/.capsule/apps/net.corda.node.Corda_0.14.0/asm-5.0.4.jar:/home/laddha/.capsule/apps/net.corda.node.Corda_0.14.0/catalyst-buffer-1.1.2.jar:/home/laddha/.capsule/apps/net.corda.node.Corda_0.14.0/catalyst-common-1.1.2.jar:/home/laddha/.capsule/apps/net.corda.node.Corda_0.14.0/slf4j-api-1.7.25.jar:/home/laddha/.capsule/apps/net.corda.node.Corda_0.14.0/annotations-13.0.jar:/home/laddha/.capsule/apps/net.corda.node.Corda_0.14.0/jackson-annotations-2.8.5.jar:/home/laddha/.capsule/apps/net.corda.node.Corda_0.14.0/corda-node-0.14.0.jar:/home/laddha/forwards-check/build/nodes/NodeB/plugins/forwards-check-0.1.jar:/home/laddha/.capsule/apps/net.corda.node.Corda_0.14.0/quasar-core-0.7.6-jdk8.jar
[INFO ] 2018-07-11T07:35:43,285Z [main] internal.Node.logStartupInfo - VM OpenJDK 64-Bit Server VM Oracle Corporation 25.171-b11
[INFO ] 2018-07-11T07:35:43,288Z [main] internal.Node.logStartupInfo - Machine: A-Laptop-has-no-Name
[INFO ] 2018-07-11T07:35:43,289Z [main] internal.Node.logStartupInfo - Working Directory: /home/laddha/forwards-check/build/nodes/NodeB
[INFO ] 2018-07-11T07:35:43,306Z [main] internal.Node.logStartupInfo - Debug port: dt_socket:5006
[INFO ] 2018-07-11T07:35:43,309Z [main] internal.Node.logStartupInfo - Starting as node on localhost:10008
[WARN ] 2018-07-11T07:35:43,626Z [main] internal.Node.start - Corda node is running in dev mode.
[INFO ] 2018-07-11T07:35:45,978Z [main] internal.Node.start - Node starting up ...
[INFO ] 2018-07-11T07:35:48,072Z [main] BasicInfo.printBasicNodeInfo - Database connection url is              : jdbc:h2:tcp://127.0.1.1:40986/node
[INFO ] 2018-07-11T07:35:48,327Z [main] hikari.HikariDataSource.<init> - HikariPool-1 - Started.
[INFO ] 2018-07-11T07:35:49,658Z [main] internal.Node.invoke - Connected to h2 database.
[INFO ] 2018-07-11T07:35:50,358Z [main] hikari.HikariDataSource.<init> - HikariPool-2 - Started.
[INFO ] 2018-07-11T07:36:07,450Z [main] internal.Node.discoverPublicHost - Detected public address: /127.0.0.1:54518
[INFO ] 2018-07-11T07:36:07,788Z [main] BasicInfo.printBasicNodeInfo - Incoming connection address             : 127.0.0.1:10008
[INFO ] 2018-07-11T07:36:08,906Z [main] hikari.HikariDataSource.<init> - HikariPool-3 - Started.
[INFO ] 2018-07-11T07:36:08,962Z [main] database.HibernateConfiguration.makeSessionFactoryForSchemas - Creating session factory for schemas: java.util.Collections$1@544e6b
[INFO ] 2018-07-11T07:36:09,342Z [main] hibernate.Version.logVersion - HHH000412: Hibernate Core {5.2.6.Final}
[INFO ] 2018-07-11T07:36:09,345Z [main] cfg.Environment.<clinit> - HHH000206: hibernate.properties not found
[INFO ] 2018-07-11T07:36:09,516Z [main] common.Version.<clinit> - HCANN000001: Hibernate Commons Annotations {5.0.1.Final}
[INFO ] 2018-07-11T07:36:10,018Z [main] internal.ConnectionProviderInitiator.initiateService - HHH000130: Instantiating explicit connection provider: net.corda.node.services.database.HibernateConfiguration$NodeDatabaseConnectionProvider
[INFO ] 2018-07-11T07:36:10,111Z [main] dialect.Dialect.<init> - HHH000400: Using dialect: org.hibernate.dialect.H2Dialect
[INFO ] 2018-07-11T07:36:12,943Z [main] connections.access.getIsolatedConnection - HHH10001501: Connection obtained from JdbcConnectionAccess [org.hibernate.engine.jdbc.env.internal.JdbcEnvironmentInitiator$ConnectionProviderJdbcConnectionAccess@d4f2f3d] for (non-JTA) DDL execution was not in auto-commit mode; the Connection 'local transaction' will be committed and the Connection will be set into auto-commit mode.
[INFO ] 2018-07-11T07:36:13,096Z [main] database.HibernateConfiguration.makeSessionFactoryForSchemas - Created session factory for schemas: java.util.Collections$1@544e6b
[INFO ] 2018-07-11T07:36:13,098Z [main] database.HibernateConfiguration.makeSessionFactoryForSchemas - Creating session factory for schemas: java.util.Collections$1@315bb2bb
[INFO ] 2018-07-11T07:36:13,115Z [main] internal.ConnectionProviderInitiator.initiateService - HHH000130: Instantiating explicit connection provider: net.corda.node.services.database.HibernateConfiguration$NodeDatabaseConnectionProvider
[INFO ] 2018-07-11T07:36:13,130Z [main] dialect.Dialect.<init> - HHH000400: Using dialect: org.hibernate.dialect.H2Dialect
[INFO ] 2018-07-11T07:36:13,246Z [main] connections.access.getIsolatedConnection - HHH10001501: Connection obtained from JdbcConnectionAccess [org.hibernate.engine.jdbc.env.internal.JdbcEnvironmentInitiator$ConnectionProviderJdbcConnectionAccess@5c883b3f] for (non-JTA) DDL execution was not in auto-commit mode; the Connection 'local transaction' will be committed and the Connection will be set into auto-commit mode.
[INFO ] 2018-07-11T07:36:13,284Z [main] database.HibernateConfiguration.makeSessionFactoryForSchemas - Created session factory for schemas: java.util.Collections$1@315bb2bb
[INFO ] 2018-07-11T07:36:13,284Z [main] database.HibernateConfiguration.makeSessionFactoryForSchemas - Creating session factory for schemas: java.util.Collections$1@a47a011
[INFO ] 2018-07-11T07:36:13,298Z [main] internal.ConnectionProviderInitiator.initiateService - HHH000130: Instantiating explicit connection provider: net.corda.node.services.database.HibernateConfiguration$NodeDatabaseConnectionProvider
[INFO ] 2018-07-11T07:36:13,299Z [main] dialect.Dialect.<init> - HHH000400: Using dialect: org.hibernate.dialect.H2Dialect
[INFO ] 2018-07-11T07:36:13,803Z [main] connections.access.getIsolatedConnection - HHH10001501: Connection obtained from JdbcConnectionAccess [org.hibernate.engine.jdbc.env.internal.JdbcEnvironmentInitiator$ConnectionProviderJdbcConnectionAccess@750448fb] for (non-JTA) DDL execution was not in auto-commit mode; the Connection 'local transaction' will be committed and the Connection will be set into auto-commit mode.
[INFO ] 2018-07-11T07:36:13,980Z [main] database.HibernateConfiguration.makeSessionFactoryForSchemas - Created session factory for schemas: java.util.Collections$1@a47a011
[INFO ] 2018-07-11T07:36:13,982Z [main] database.HibernateConfiguration.makeSessionFactoryForSchemas - Creating session factory for schemas: kotlin.jvm.internal.ArrayIterator@32ae890
[INFO ] 2018-07-11T07:36:14,005Z [main] internal.ConnectionProviderInitiator.initiateService - HHH000130: Instantiating explicit connection provider: net.corda.node.services.database.HibernateConfiguration$NodeDatabaseConnectionProvider
[INFO ] 2018-07-11T07:36:14,019Z [main] dialect.Dialect.<init> - HHH000400: Using dialect: org.hibernate.dialect.H2Dialect
[INFO ] 2018-07-11T07:36:14,231Z [main] connections.access.getIsolatedConnection - HHH10001501: Connection obtained from JdbcConnectionAccess [org.hibernate.engine.jdbc.env.internal.JdbcEnvironmentInitiator$ConnectionProviderJdbcConnectionAccess@72499396] for (non-JTA) DDL execution was not in auto-commit mode; the Connection 'local transaction' will be committed and the Connection will be set into auto-commit mode.
[INFO ] 2018-07-11T07:36:14,299Z [main] database.HibernateConfiguration.makeSessionFactoryForSchemas - Created session factory for schemas: kotlin.jvm.internal.ArrayIterator@32ae890
[INFO ] 2018-07-11T07:36:15,062Z [main] database.HibernateConfiguration.makeSessionFactoryForSchemas - Creating session factory for schemas: java.util.Collections$1@3741a170
[INFO ] 2018-07-11T07:36:15,120Z [main] internal.ConnectionProviderInitiator.initiateService - HHH000130: Instantiating explicit connection provider: net.corda.node.services.database.HibernateConfiguration$NodeDatabaseConnectionProvider
[INFO ] 2018-07-11T07:36:15,123Z [main] dialect.Dialect.<init> - HHH000400: Using dialect: org.hibernate.dialect.H2Dialect
[INFO ] 2018-07-11T07:36:15,242Z [main] connections.access.getIsolatedConnection - HHH10001501: Connection obtained from JdbcConnectionAccess [org.hibernate.engine.jdbc.env.internal.JdbcEnvironmentInitiator$ConnectionProviderJdbcConnectionAccess@4ceac22d] for (non-JTA) DDL execution was not in auto-commit mode; the Connection 'local transaction' will be committed and the Connection will be set into auto-commit mode.
[INFO ] 2018-07-11T07:36:15,283Z [main] database.HibernateConfiguration.makeSessionFactoryForSchemas - Created session factory for schemas: java.util.Collections$1@3741a170
[INFO ] 2018-07-11T07:36:15,312Z [main] database.HibernateConfiguration.makeSessionFactoryForSchemas - Creating session factory for schemas: java.util.Collections$1@598f065f
[INFO ] 2018-07-11T07:36:15,328Z [main] internal.ConnectionProviderInitiator.initiateService - HHH000130: Instantiating explicit connection provider: net.corda.node.services.database.HibernateConfiguration$NodeDatabaseConnectionProvider
[INFO ] 2018-07-11T07:36:15,329Z [main] dialect.Dialect.<init> - HHH000400: Using dialect: org.hibernate.dialect.H2Dialect
[INFO ] 2018-07-11T07:36:15,379Z [main] connections.access.getIsolatedConnection - HHH10001501: Connection obtained from JdbcConnectionAccess [org.hibernate.engine.jdbc.env.internal.JdbcEnvironmentInitiator$ConnectionProviderJdbcConnectionAccess@fbc1de9] for (non-JTA) DDL execution was not in auto-commit mode; the Connection 'local transaction' will be committed and the Connection will be set into auto-commit mode.
[INFO ] 2018-07-11T07:36:15,417Z [main] database.HibernateConfiguration.makeSessionFactoryForSchemas - Created session factory for schemas: java.util.Collections$1@598f065f
[INFO ] 2018-07-11T07:36:15,417Z [main] database.HibernateConfiguration.makeSessionFactoryForSchemas - Creating session factory for schemas: java.util.Collections$1@295e9aef
[INFO ] 2018-07-11T07:36:15,422Z [main] internal.ConnectionProviderInitiator.initiateService - HHH000130: Instantiating explicit connection provider: net.corda.node.services.database.HibernateConfiguration$NodeDatabaseConnectionProvider
[INFO ] 2018-07-11T07:36:15,423Z [main] dialect.Dialect.<init> - HHH000400: Using dialect: org.hibernate.dialect.H2Dialect
[INFO ] 2018-07-11T07:36:15,482Z [main] connections.access.getIsolatedConnection - HHH10001501: Connection obtained from JdbcConnectionAccess [org.hibernate.engine.jdbc.env.internal.JdbcEnvironmentInitiator$ConnectionProviderJdbcConnectionAccess@6a6a60f3] for (non-JTA) DDL execution was not in auto-commit mode; the Connection 'local transaction' will be committed and the Connection will be set into auto-commit mode.
[INFO ] 2018-07-11T07:36:15,527Z [main] database.HibernateConfiguration.makeSessionFactoryForSchemas - Created session factory for schemas: java.util.Collections$1@295e9aef
[INFO ] 2018-07-11T07:36:17,553Z [main] BasicInfo.printBasicNodeInfo - Listening on port                       : 10008
[INFO ] 2018-07-11T07:36:17,553Z [main] BasicInfo.printBasicNodeInfo - RPC service listening on port           : 10009
[INFO ] 2018-07-11T07:36:17,595Z [main] messaging.NodeMessagingClient.start - Connecting to message broker: localhost:10008
[INFO ] 2018-07-11T07:36:18,224Z [main] internal.Node.scanCordapps - Scanning CorDapps in [/home/laddha/forwards-check/build/nodes/NodeB/plugins/forwards-check-0.1.jar]
[INFO ] 2018-07-11T07:36:20,247Z [main] internal.Node.registerInitiatedFlowInternal - Registered com.template.FutureFlow to initiate com.template.FutureFlowResponder (version 1)
[INFO ] 2018-07-11T07:36:20,362Z [main] internal.Node.registerInitiatedFlowInternal - Registered net.corda.flows.IssuerFlow$IssuanceRequester to initiate net.corda.flows.IssuerFlow$Issuer (version 1)
[INFO ] 2018-07-11T07:36:21,568Z [main] BasicInfo.printBasicNodeInfo - Loaded plugins                          : com.template.TemplatePlugin
[INFO ] 2018-07-11T07:36:21,596Z [main] messaging.RPCServer.start - Starting RPC server with configuration RPCServerConfiguration(rpcThreadPoolSize=4, consumerPoolSize=2, producerPoolBound=4, reapInterval=PT1S)
[WARN ] 2018-07-11T07:36:28,937Z [Node thread] messaging.NodeMessagingClient.invoke - Received message d79fb4f6-c1e8-48f9-bb86-d5e2b5fac42a for platform.network_map.push.0 that doesn't have any registered handlers yet
[WARN ] 2018-07-11T07:36:29,054Z [Node thread] messaging.NodeMessagingClient.invoke - Received message 6588d4ff-1177-4871-93f9-b0a81a46c5fe for platform.network_map.push.0 that doesn't have any registered handlers yet
[INFO ] 2018-07-11T07:36:29,730Z [Node thread] messaging.NodeMessagingClient.invoke - Network map is complete, so removing filter from P2P consumer.
[INFO ] 2018-07-11T07:36:29,793Z [Node thread] BasicInfo.printBasicNodeInfo - Node for "NodeB" started up and registered in 63.34 sec
[INFO ] 2018-07-11T07:36:31,768Z [Node thread] plugin.PluginManager.getPlugins - Loaded plugin Plugin[type=CRaSHShellFactory,interface=ShellFactory]
[INFO ] 2018-07-11T07:36:31,782Z [Node thread] plugin.PluginManager.getPlugins - Loaded plugin Plugin[type=GroovyLanguageProxy,interface=Language]
[INFO ] 2018-07-11T07:36:31,784Z [Node thread] plugin.PluginManager.getPlugins - Loaded plugin Plugin[type=JavaLanguage,interface=Language]
[INFO ] 2018-07-11T07:36:31,785Z [Node thread] plugin.PluginManager.getPlugins - Loaded plugin Plugin[type=ScriptLanguage,interface=Language]
[INFO ] 2018-07-11T07:36:31,787Z [Node thread] plugin.PluginManager.getPlugins - Loaded plugin Plugin[type=JaasAuthenticationPlugin,interface=AuthenticationPlugin]
[INFO ] 2018-07-11T07:36:31,789Z [Node thread] plugin.PluginManager.getPlugins - Loaded plugin Plugin[type=SimpleAuthenticationPlugin,interface=AuthenticationPlugin]
[INFO ] 2018-07-11T07:36:31,851Z [Node thread] plugin.PluginManager.getPlugins - Initialized plugin Plugin[type=GroovyLanguageProxy,interface=Language]
[INFO ] 2018-07-11T07:36:31,854Z [Node thread] plugin.PluginManager.getPlugins - Initialized plugin Plugin[type=ScriptLanguage,interface=Language]
[INFO ] 2018-07-11T07:36:31,874Z [Node thread] plugin.PluginManager.getPlugins - Initialized plugin Plugin[type=CRaSHShellFactory,interface=ShellFactory]
[INFO ] 2018-07-11T07:36:31,878Z [Node thread] plugin.PluginManager.getPlugins - Initialized plugin Plugin[type=JaasAuthenticationPlugin,interface=AuthenticationPlugin]
[INFO ] 2018-07-11T07:36:31,878Z [Node thread] plugin.PluginManager.getPlugins - Initialized plugin Plugin[type=SimpleAuthenticationPlugin,interface=AuthenticationPlugin]
[WARN ] 2018-07-11T07:41:41,215Z [Command line shell processor] console.Mode.on - Operation QUOTED_INSERT not mapped in  mode Mode.EMACS
[WARN ] 2018-07-11T07:46:31,430Z [Thread-1 (ActiveMQ-client-global-threads)] core.client.fail - AMQ212037: Connection failure has been detected: AMQ119015: The connection was disconnected because of server shutdown [code=DISCONNECTED]
[INFO ] 2018-07-11T07:46:33,835Z [Thread-4] BasicInfo.printBasicNodeInfo - Shutting down ...
[WARN ] 2018-07-11T07:46:33,872Z [Thread-1 (ActiveMQ-client-global-threads)] core.client.fail - AMQ212037: Connection failure has been detected: AMQ119015: The connection was disconnected because of server shutdown [code=DISCONNECTED]
[WARN ] 2018-07-11T07:46:33,890Z [Thread-1 (ActiveMQ-client-global-threads)] core.client.fail - AMQ212037: Connection failure has been detected: AMQ119015: The connection was disconnected because of server shutdown [code=DISCONNECTED]
[WARN ] 2018-07-11T07:46:33,898Z [Thread-2 (ActiveMQ-client-global-threads)] core.client.fail - AMQ212037: Connection failure has been detected: AMQ119015: The connection was disconnected because of server shutdown [code=DISCONNECTED]
[INFO ] 2018-07-11T07:46:33,989Z [Thread-4] pool.HikariPool.shutdown - HikariPool-1 - Close initiated...
[INFO ] 2018-07-11T07:46:33,993Z [Thread-4] pool.HikariPool.shutdown - HikariPool-1 - Closed.
[INFO ] 2018-07-11T07:46:33,993Z [Thread-4] internal.Node.stop - Shutdown complete
[INFO ] 2018-07-11T09:53:32,937Z [main] manifests.Manifests.info - 109 attributes loaded from 121 stream(s) in 7s, 109 saved, 1664 ignored: ["ActiveMQ-Version", "Agent-Class", "Ant-Version", "App-Class-Path", "Application-Class", "Application-Library-Allowable-Codebase", "Application-Name", "Application-Version", "Archiver-Version", "Bnd-LastModified", "Branch", "Build-Date", "Build-Host", "Build-Id", "Build-Java-Version", "Build-Jdk", "Build-Job", "Build-Number", "Build-Timestamp", "Built-By", "Built-OS", "Built-Status", "Bundle-Activator", "Bundle-Category", "Bundle-ClassPath", "Bundle-Description", "Bundle-DocURL", "Bundle-License", "Bundle-ManifestVersion", "Bundle-Name", "Bundle-RequiredExecutionEnvironment", "Bundle-SymbolicName", "Bundle-Vendor", "Bundle-Version", "CLDR-Version", "Caller-Allowable-Codebase", "Can-Redefine-Classes", "Can-Retransform-Classes", "Caplets", "Change", "Class-Path", "Codebase", "Corda-Platform-Version", "Corda-Release-Version", "Corda-Revision", "Corda-Vendor", "Created-By", "DynamicImport-Package", "Eclipse-BuddyPolicy", "Eclipse-LazyStart", "Export-Package", "Extension-Name", "Fragment-Host", "Gradle-Version", "Ignore-Package", "Implementation-Build", "Implementation-Build-Date", "Implementation-Title", "Implementation-URL", "Implementation-Url", "Implementation-Vendor", "Implementation-Vendor-Id", "Implementation-Version", "Import-Package", "Include-Resource", "JCabi-Build", "JCabi-Date", "JCabi-Version", "JVM-Args", "Java-Agents", "Java-Vendor", "Java-Version", "Kotlin-Runtime-Component", "Kotlin-Version", "Log4jReleaseKey", "Log4jReleaseManager", "Log4jReleaseVersion", "Main-Class", "Main-class", "Manifest-Version", "Min-Java-Version", "Min-Update-Version", "Module-Email", "Module-Origin", "Module-Owner", "Module-Source", "Originally-Created-By", "Os-Arch", "Os-Name", "Os-Version", "Package", "Permissions", "Premain-Class", "Private-Package", "Provide-Capability", "Require-Capability", "Scm-Connection", "Scm-Revision", "Scm-Url", "Service-Component", "Specification-Title", "Specification-Vendor", "Specification-Version", "System-Properties", "Time-Zone-Database-Version", "Tool", "Trusted-Library", "X-Compile-Source-JDK", "X-Compile-Target-JDK"]
[INFO ] 2018-07-11T09:53:34,762Z [main] BasicInfo.printBasicNodeInfo - Logs can be found in                    : /home/laddha/forwards-check/build/nodes/NodeB/logs
[INFO ] 2018-07-11T09:53:35,672Z [main] config.ConfigHelper.loadConfig - Config:
{
    # hardcoded value
    "basedir" : "/home/laddha/forwards-check/build/nodes/NodeB",
    # reference.conf @ jar:file:/home/laddha/.capsule/apps/net.corda.node.Corda_0.14.0/corda-node-0.14.0.jar!/reference.conf: 13
    "certificateSigningService" : "https://cordaci-netperm.corda.r3cev.com",
    # reference.conf @ jar:file:/home/laddha/.capsule/apps/net.corda.node.Corda_0.14.0/corda-node-0.14.0.jar!/reference.conf: 6
    "dataSourceProperties" : {
        # reference.conf @ jar:file:/home/laddha/.capsule/apps/net.corda.node.Corda_0.14.0/corda-node-0.14.0.jar!/reference.conf: 10
        "dataSource.password" : "",
        # merge of reference.conf @ jar:file:/home/laddha/.capsule/apps/net.corda.node.Corda_0.14.0/corda-node-0.14.0.jar!/reference.conf: 8,hardcoded value,reference.conf @ jar:file:/home/laddha/.capsule/apps/net.corda.node.Corda_0.14.0/corda-node-0.14.0.jar!/reference.conf: 8,reference.conf @ jar:file:/home/laddha/.capsule/apps/net.corda.node.Corda_0.14.0/corda-node-0.14.0.jar!/reference.conf: 15
        "dataSource.url" : "jdbc:h2:file:/home/laddha/forwards-check/build/nodes/NodeB/persistence;DB_CLOSE_ON_EXIT=FALSE;LOCK_TIMEOUT=10000;WRITE_DELAY=100;AUTO_SERVER_PORT=0",
        # reference.conf @ jar:file:/home/laddha/.capsule/apps/net.corda.node.Corda_0.14.0/corda-node-0.14.0.jar!/reference.conf: 9
        "dataSource.user" : "sa",
        # reference.conf @ jar:file:/home/laddha/.capsule/apps/net.corda.node.Corda_0.14.0/corda-node-0.14.0.jar!/reference.conf: 7
        "dataSourceClassName" : "org.h2.jdbcx.JdbcDataSource"
    },
    # reference.conf @ jar:file:/home/laddha/.capsule/apps/net.corda.node.Corda_0.14.0/corda-node-0.14.0.jar!/reference.conf: 12
    "devMode" : true,
    # reference.conf @ jar:file:/home/laddha/.capsule/apps/net.corda.node.Corda_0.14.0/corda-node-0.14.0.jar!/reference.conf: 2
    "emailAddress" : "admin@company.com",
    # reference.conf @ jar:file:/home/laddha/.capsule/apps/net.corda.node.Corda_0.14.0/corda-node-0.14.0.jar!/reference.conf: 3
    "exportJMXto" : "http",
    # /home/laddha/forwards-check/build/nodes/NodeB/node.conf: 1
    "extraAdvertisedServiceIds" : [],
    # reference.conf @ jar:file:/home/laddha/.capsule/apps/net.corda.node.Corda_0.14.0/corda-node-0.14.0.jar!/reference.conf: 15
    "h2port" : 0,
    # reference.conf @ jar:file:/home/laddha/.capsule/apps/net.corda.node.Corda_0.14.0/corda-node-0.14.0.jar!/reference.conf: 4
    "keyStorePassword" : "cordacadevpass",
    # /home/laddha/forwards-check/build/nodes/NodeB/node.conf: 2
    "myLegalName" : "CN=NodeB,O=NodeB,L=New York,C=US",
    # /home/laddha/forwards-check/build/nodes/NodeB/node.conf: 3
    "networkMapService" : {
        # /home/laddha/forwards-check/build/nodes/NodeB/node.conf: 4
        "address" : "localhost:10002",
        # /home/laddha/forwards-check/build/nodes/NodeB/node.conf: 5
        "legalName" : "CN=Controller,O=R3,OU=corda,L=London,C=UK"
    },
    # /home/laddha/forwards-check/build/nodes/NodeB/node.conf: 7
    "p2pAddress" : "localhost:10008",
    # /home/laddha/forwards-check/build/nodes/NodeB/node.conf: 8
    "rpcAddress" : "localhost:10009",
    # /home/laddha/forwards-check/build/nodes/NodeB/node.conf: 9
    "rpcUsers" : [
        # /home/laddha/forwards-check/build/nodes/NodeB/node.conf: 10
        {
            # /home/laddha/forwards-check/build/nodes/NodeB/node.conf: 11
            "password" : "test",
            # /home/laddha/forwards-check/build/nodes/NodeB/node.conf: 12
            "permissions" : [],
            # /home/laddha/forwards-check/build/nodes/NodeB/node.conf: 13
            "user" : "user1"
        }
    ],
    # reference.conf @ jar:file:/home/laddha/.capsule/apps/net.corda.node.Corda_0.14.0/corda-node-0.14.0.jar!/reference.conf: 5
    "trustStorePassword" : "trustpass",
    # reference.conf @ jar:file:/home/laddha/.capsule/apps/net.corda.node.Corda_0.14.0/corda-node-0.14.0.jar!/reference.conf: 14
    "useHTTPS" : false,
    # reference.conf @ jar:file:/home/laddha/.capsule/apps/net.corda.node.Corda_0.14.0/corda-node-0.14.0.jar!/reference.conf: 16
    "useTestClock" : false,
    # reference.conf @ jar:file:/home/laddha/.capsule/apps/net.corda.node.Corda_0.14.0/corda-node-0.14.0.jar!/reference.conf: 17
    "verifierType" : "InMemory",
    # /home/laddha/forwards-check/build/nodes/NodeB/node.conf: 16
    "webAddress" : "localhost:10010"
}

[WARN ] 2018-07-11T09:54:48,349Z [main] nodeapi.config.defaultToOldPath - Config key user has been deprecated and will be removed in a future release. Use username instead
[INFO ] 2018-07-11T09:54:50,588Z [main] internal.Node.logStartupInfo - Vendor: Corda Open Source
[INFO ] 2018-07-11T09:54:50,589Z [main] internal.Node.logStartupInfo - Release: 0.14.0
[INFO ] 2018-07-11T09:54:50,590Z [main] internal.Node.logStartupInfo - Platform Version: 1
[INFO ] 2018-07-11T09:54:50,590Z [main] internal.Node.logStartupInfo - Revision: 0bf3cb6795da38125cd1c0b2b797a9a5e9a65c0c
[INFO ] 2018-07-11T09:54:50,592Z [main] internal.Node.logStartupInfo - PID: 15571
[INFO ] 2018-07-11T09:54:50,593Z [main] internal.Node.logStartupInfo - Main class: /home/laddha/.capsule/apps/net.corda.node.Corda_0.14.0/corda-node-0.14.0.jar
[INFO ] 2018-07-11T09:54:50,593Z [main] internal.Node.logStartupInfo - CommandLine Args: -Xmx200m -XX:+UseG1GC -agentlib:jdwp=transport=dt_socket,server=y,suspend=n,address=5006 -javaagent:/home/laddha/.capsule/apps/net.corda.node.Corda_0.14.0/quasar-core-0.7.6-jdk8.jar -Dvisualvm.display.name=Corda -Djava.library.path=/usr/java/packages/lib/amd64:/usr/lib/x86_64-linux-gnu/jni:/lib/x86_64-linux-gnu:/usr/lib/x86_64-linux-gnu:/usr/lib/jni:/lib:/usr/lib:/home/laddha/.capsule/apps/net.corda.node.Corda_0.14.0 -Dcapsule.app=net.corda.node.Corda_0.14.0 -Dname=NodeB-corda.jar -Dcapsule.dir=/home/laddha/.capsule/apps/net.corda.node.Corda_0.14.0 -Dcapsule.jar=/home/laddha/forwards-check/build/nodes/NodeB/corda.jar
[INFO ] 2018-07-11T09:54:50,597Z [main] internal.Node.logStartupInfo - Application Args: 
[INFO ] 2018-07-11T09:54:50,598Z [main] internal.Node.logStartupInfo - bootclasspath: /usr/lib/jvm/java-8-openjdk-amd64/jre/lib/resources.jar:/usr/lib/jvm/java-8-openjdk-amd64/jre/lib/rt.jar:/usr/lib/jvm/java-8-openjdk-amd64/jre/lib/sunrsasign.jar:/usr/lib/jvm/java-8-openjdk-amd64/jre/lib/jsse.jar:/usr/lib/jvm/java-8-openjdk-amd64/jre/lib/jce.jar:/usr/lib/jvm/java-8-openjdk-amd64/jre/lib/charsets.jar:/usr/lib/jvm/java-8-openjdk-amd64/jre/lib/jfr.jar:/usr/lib/jvm/java-8-openjdk-amd64/jre/classes
[INFO ] 2018-07-11T09:54:50,598Z [main] internal.Node.logStartupInfo - classpath: /home/laddha/forwards-check/build/nodes/NodeB/corda.jar:/home/laddha/.capsule/apps/net.corda.node.Corda_0.14.0/jolokia-agent-war-2.0.0-M3.war:/home/laddha/.capsule/apps/net.corda.node.Corda_0.14.0/corda-finance-0.14.0.jar:/home/laddha/.capsule/apps/net.corda.node.Corda_0.14.0/corda-node-schemas-0.14.0.jar:/home/laddha/.capsule/apps/net.corda.node.Corda_0.14.0/corda-node-api-0.14.0.jar:/home/laddha/.capsule/apps/net.corda.node.Corda_0.14.0/corda-rpc-0.14.0.jar:/home/laddha/.capsule/apps/net.corda.node.Corda_0.14.0/cordform-common-0.14.0.jar:/home/laddha/.capsule/apps/net.corda.node.Corda_0.14.0/jsr305-3.0.1.jar:/home/laddha/.capsule/apps/net.corda.node.Corda_0.14.0/log4j-slf4j-impl-2.7.jar:/home/laddha/.capsule/apps/net.corda.node.Corda_0.14.0/log4j-web-2.7.jar:/home/laddha/.capsule/apps/net.corda.node.Corda_0.14.0/jul-to-slf4j-1.7.25.jar:/home/laddha/.capsule/apps/net.corda.node.Corda_0.14.0/kotlin-stdlib-jre8-1.1.1.jar:/home/laddha/.capsule/apps/net.corda.node.Corda_0.14.0/kotlin-reflect-1.1.1.jar:/home/laddha/.capsule/apps/net.corda.node.Corda_0.14.0/guava-21.0.jar:/home/laddha/.capsule/apps/net.corda.node.Corda_0.14.0/jopt-simple-5.0.2.jar:/home/laddha/.capsule/apps/net.corda.node.Corda_0.14.0/artemis-server-2.1.0.jar:/home/laddha/.capsule/apps/net.corda.node.Corda_0.14.0/artemis-core-client-2.1.0.jar:/home/laddha/.capsule/apps/net.corda.node.Corda_0.14.0/jansi-1.14.jar:/home/laddha/.capsule/apps/net.corda.node.Corda_0.14.0/jcabi-manifests-1.1.jar:/home/laddha/.capsule/apps/net.corda.node.Corda_0.14.0/forms_rt-7.0.3.jar:/home/laddha/.capsule/apps/net.corda.node.Corda_0.14.0/corda-jackson-0.14.0.jar:/home/laddha/.capsule/apps/net.corda.node.Corda_0.14.0/metrics-core-3.1.2.jar:/home/laddha/.capsule/apps/net.corda.node.Corda_0.14.0/jimfs-1.1.jar:/home/laddha/.capsule/apps/net.corda.node.Corda_0.14.0/config-1.3.1.jar:/home/laddha/.capsule/apps/net.corda.node.Corda_0.14.0/h2-1.4.194.jar:/home/laddha/.capsule/apps/net.corda.node.Corda_0.14.0/exposed-0.5.0.jar:/home/laddha/.capsule/apps/net.corda.node.Corda_0.14.0/HikariCP-2.5.1.jar:/home/laddha/.capsule/apps/net.corda.node.Corda_0.14.0/hibernate-core-5.2.6.Final.jar:/home/laddha/.capsule/apps/net.corda.node.Corda_0.14.0/hibernate-java8-5.2.6.Final.jar:/home/laddha/.capsule/apps/net.corda.node.Corda_0.14.0/copycat-client-1.2.3.jar:/home/laddha/.capsule/apps/net.corda.node.Corda_0.14.0/copycat-server-1.2.3.jar:/home/laddha/.capsule/apps/net.corda.node.Corda_0.14.0/catalyst-netty-1.1.2.jar:/home/laddha/.capsule/apps/net.corda.node.Corda_0.14.0/netty-all-4.1.9.Final.jar:/home/laddha/.capsule/apps/net.corda.node.Corda_0.14.0/crash.shell-9d242da2a10e686f33a3aefc69e4768824ad0716.jar:/home/laddha/.capsule/apps/net.corda.node.Corda_0.14.0/okhttp-3.5.0.jar:/home/laddha/.capsule/apps/net.corda.node.Corda_0.14.0/commons-codec-1.10.jar:/home/laddha/.capsule/apps/net.corda.node.Corda_0.14.0/library-master-v1.1-beta-g6215ec8-87.jar:/home/laddha/.capsule/apps/net.corda.node.Corda_0.14.0/requery-kotlin-1.3.1.jar:/home/laddha/.capsule/apps/net.corda.node.Corda_0.14.0/fast-classpath-scanner-2.0.21.jar:/home/laddha/.capsule/apps/net.corda.node.Corda_0.14.0/quasar-core-0.7.6-jdk8.jar:/home/laddha/.capsule/apps/net.corda.node.Corda_0.14.0/artemis-amqp-protocol-2.1.0.jar:/home/laddha/.capsule/apps/net.corda.node.Corda_0.14.0/corda-core-0.14.0.jar:/home/laddha/.capsule/apps/net.corda.node.Corda_0.14.0/artemis-commons-2.1.0.jar:/home/laddha/.capsule/apps/net.corda.node.Corda_0.14.0/commons-fileupload-1.3.2.jar:/home/laddha/.capsule/apps/net.corda.node.Corda_0.14.0/bcprov-jdk15on-1.57.jar:/home/laddha/.capsule/apps/net.corda.node.Corda_0.14.0/log4j-api-2.7.jar:/home/laddha/.capsule/apps/net.corda.node.Corda_0.14.0/log4j-core-2.7.jar:/home/laddha/.capsule/apps/net.corda.node.Corda_0.14.0/kotlin-stdlib-jre7-1.1.1.jar:/home/laddha/.capsule/apps/net.corda.node.Corda_0.14.0/kotlin-stdlib-1.1.1.jar:/home/laddha/.capsule/apps/net.corda.node.Corda_0.14.0/jboss-logging-3.3.0.Final.jar:/home/laddha/.capsule/apps/net.corda.node.Corda_0.14.0/artemis-selector-2.1.0.jar:/home/laddha/.capsule/apps/net.corda.node.Corda_0.14.0/artemis-journal-2.1.0.jar:/home/laddha/.capsule/apps/net.corda.node.Corda_0.14.0/artemis-jdbc-store-2.1.0.jar:/home/laddha/.capsule/apps/net.corda.node.Corda_0.14.0/jgroups-3.6.13.Final.jar:/home/laddha/.capsule/apps/net.corda.node.Corda_0.14.0/geronimo-json_1.0_spec-1.0-alpha-1.jar:/home/laddha/.capsule/apps/net.corda.node.Corda_0.14.0/johnzon-core-0.9.5.jar:/home/laddha/.capsule/apps/net.corda.node.Corda_0.14.0/jcabi-log-0.14.jar:/home/laddha/.capsule/apps/net.corda.node.Corda_0.14.0/forms-1.1-preview.jar:/home/laddha/.capsule/apps/net.corda.node.Corda_0.14.0/jdom-1.0.jar:/home/laddha/.capsule/apps/net.corda.node.Corda_0.14.0/jackson-module-kotlin-2.8.5.jar:/home/laddha/.capsule/apps/net.corda.node.Corda_0.14.0/jackson-dataformat-yaml-2.8.5.jar:/home/laddha/.capsule/apps/net.corda.node.Corda_0.14.0/jackson-datatype-jsr310-2.8.5.jar:/home/laddha/.capsule/apps/net.corda.node.Corda_0.14.0/joda-time-2.5.jar:/home/laddha/.capsule/apps/net.corda.node.Corda_0.14.0/hibernate-jpa-2.1-api-1.0.0.Final.jar:/home/laddha/.capsule/apps/net.corda.node.Corda_0.14.0/javassist-3.20.0-GA.jar:/home/laddha/.capsule/apps/net.corda.node.Corda_0.14.0/antlr-2.7.7.jar:/home/laddha/.capsule/apps/net.corda.node.Corda_0.14.0/geronimo-jta_1.1_spec-1.1.1.jar:/home/laddha/.capsule/apps/net.corda.node.Corda_0.14.0/jandex-2.0.3.Final.jar:/home/laddha/.capsule/apps/net.corda.node.Corda_0.14.0/classmate-1.3.0.jar:/home/laddha/.capsule/apps/net.corda.node.Corda_0.14.0/dom4j-1.6.1.jar:/home/laddha/.capsule/apps/net.corda.node.Corda_0.14.0/hibernate-commons-annotations-5.0.1.Final.jar:/home/laddha/.capsule/apps/net.corda.node.Corda_0.14.0/cdi-api-1.1.jar:/home/laddha/.capsule/apps/net.corda.node.Corda_0.14.0/copycat-protocol-1.2.3.jar:/home/laddha/.capsule/apps/net.corda.node.Corda_0.14.0/catalyst-transport-1.1.2.jar:/home/laddha/.capsule/apps/net.corda.node.Corda_0.14.0/crash.cli-9d242da2a10e686f33a3aefc69e4768824ad0716.jar:/home/laddha/.capsule/apps/net.corda.node.Corda_0.14.0/groovy-all-1.8.9.jar:/home/laddha/.capsule/apps/net.corda.node.Corda_0.14.0/okio-1.11.0.jar:/home/laddha/.capsule/apps/net.corda.node.Corda_0.14.0/requery-1.3.1.jar:/home/laddha/.capsule/apps/net.corda.node.Corda_0.14.0/artemis-jms-client-2.1.0.jar:/home/laddha/.capsule/apps/net.corda.node.Corda_0.14.0/jcl-over-slf4j-1.7.25.jar:/home/laddha/.capsule/apps/net.corda.node.Corda_0.14.0/rxjava-1.2.4.jar:/home/laddha/.capsule/apps/net.corda.node.Corda_0.14.0/kryo-4.0.0.jar:/home/laddha/.capsule/apps/net.corda.node.Corda_0.14.0/kryo-serializers-0.41.jar:/home/laddha/.capsule/apps/net.corda.node.Corda_0.14.0/commons-jexl3-3.0.jar:/home/laddha/.capsule/apps/net.corda.node.Corda_0.14.0/jackson-databind-2.8.5.jar:/home/laddha/.capsule/apps/net.corda.node.Corda_0.14.0/eddsa-0.2.0.jar:/home/laddha/.capsule/apps/net.corda.node.Corda_0.14.0/bcpkix-jdk15on-1.57.jar:/home/laddha/.capsule/apps/net.corda.node.Corda_0.14.0/proton-j-0.19.0.jar:/home/laddha/.capsule/apps/net.corda.node.Corda_0.14.0/commons-beanutils-1.9.2.jar:/home/laddha/.capsule/apps/net.corda.node.Corda_0.14.0/commons-io-2.2.jar:/home/laddha/.capsule/apps/net.corda.node.Corda_0.14.0/artemis-native-2.1.0.jar:/home/laddha/.capsule/apps/net.corda.node.Corda_0.14.0/jackson-core-2.8.5.jar:/home/laddha/.capsule/apps/net.corda.node.Corda_0.14.0/snakeyaml-1.17.jar:/home/laddha/.capsule/apps/net.corda.node.Corda_0.14.0/el-api-2.2.jar:/home/laddha/.capsule/apps/net.corda.node.Corda_0.14.0/jboss-interceptors-api_1.1_spec-1.0.0.Beta1.jar:/home/laddha/.capsule/apps/net.corda.node.Corda_0.14.0/jsr250-api-1.0.jar:/home/laddha/.capsule/apps/net.corda.node.Corda_0.14.0/javax.inject-1.jar:/home/laddha/.capsule/apps/net.corda.node.Corda_0.14.0/catalyst-concurrent-1.1.2.jar:/home/laddha/.capsule/apps/net.corda.node.Corda_0.14.0/geronimo-jms_2.0_spec-1.0-alpha-2.jar:/home/laddha/.capsule/apps/net.corda.node.Corda_0.14.0/reflectasm-1.11.3.jar:/home/laddha/.capsule/apps/net.corda.node.Corda_0.14.0/minlog-1.3.0.jar:/home/laddha/.capsule/apps/net.corda.node.Corda_0.14.0/objenesis-2.2.jar:/home/laddha/.capsule/apps/net.corda.node.Corda_0.14.0/commons-collections-3.2.1.jar:/home/laddha/.capsule/apps/net.corda.node.Corda_0.14.0/catalyst-serializer-1.1.2.jar:/home/laddha/.capsule/apps/net.corda.node.Corda_0.14.0/asm-5.0.4.jar:/home/laddha/.capsule/apps/net.corda.node.Corda_0.14.0/catalyst-buffer-1.1.2.jar:/home/laddha/.capsule/apps/net.corda.node.Corda_0.14.0/catalyst-common-1.1.2.jar:/home/laddha/.capsule/apps/net.corda.node.Corda_0.14.0/slf4j-api-1.7.25.jar:/home/laddha/.capsule/apps/net.corda.node.Corda_0.14.0/annotations-13.0.jar:/home/laddha/.capsule/apps/net.corda.node.Corda_0.14.0/jackson-annotations-2.8.5.jar:/home/laddha/.capsule/apps/net.corda.node.Corda_0.14.0/corda-node-0.14.0.jar:/home/laddha/forwards-check/build/nodes/NodeB/plugins/forwards-check-0.1.jar:/home/laddha/.capsule/apps/net.corda.node.Corda_0.14.0/quasar-core-0.7.6-jdk8.jar
[INFO ] 2018-07-11T09:54:50,602Z [main] internal.Node.logStartupInfo - VM OpenJDK 64-Bit Server VM Oracle Corporation 25.171-b11
[INFO ] 2018-07-11T09:54:50,603Z [main] internal.Node.logStartupInfo - Machine: A-Laptop-has-no-Name
[INFO ] 2018-07-11T09:54:50,603Z [main] internal.Node.logStartupInfo - Working Directory: /home/laddha/forwards-check/build/nodes/NodeB
[INFO ] 2018-07-11T09:54:50,603Z [main] internal.Node.logStartupInfo - Debug port: dt_socket:5006
[INFO ] 2018-07-11T09:54:50,604Z [main] internal.Node.logStartupInfo - Starting as node on localhost:10008
[WARN ] 2018-07-11T09:54:57,079Z [main] internal.Node.start - Corda node is running in dev mode.
[INFO ] 2018-07-11T09:55:21,278Z [main] internal.Node.start - Node starting up ...
[INFO ] 2018-07-11T09:55:30,433Z [main] BasicInfo.printBasicNodeInfo - Database connection url is              : jdbc:h2:tcp://127.0.1.1:43650/node
[INFO ] 2018-07-11T09:55:32,499Z [main] hikari.HikariDataSource.<init> - HikariPool-1 - Started.
[INFO ] 2018-07-11T09:55:44,457Z [main] internal.Node.invoke - Connected to h2 database.
[INFO ] 2018-07-11T09:55:47,826Z [main] hikari.HikariDataSource.<init> - HikariPool-2 - Started.
[INFO ] 2018-07-11T09:56:38,001Z [main] internal.Node.discoverPublicHost - Detected public address: /127.0.0.1:33696
[INFO ] 2018-07-11T09:56:38,312Z [main] BasicInfo.printBasicNodeInfo - Incoming connection address             : 127.0.0.1:10008
[INFO ] 2018-07-11T09:56:40,126Z [main] hikari.HikariDataSource.<init> - HikariPool-3 - Started.
[INFO ] 2018-07-11T09:56:40,307Z [main] database.HibernateConfiguration.makeSessionFactoryForSchemas - Creating session factory for schemas: java.util.Collections$1@42e4431
[INFO ] 2018-07-11T09:56:41,413Z [main] hibernate.Version.logVersion - HHH000412: Hibernate Core {5.2.6.Final}
[INFO ] 2018-07-11T09:56:41,417Z [main] cfg.Environment.<clinit> - HHH000206: hibernate.properties not found
[INFO ] 2018-07-11T09:56:41,675Z [main] common.Version.<clinit> - HCANN000001: Hibernate Commons Annotations {5.0.1.Final}
[INFO ] 2018-07-11T09:56:42,065Z [main] internal.ConnectionProviderInitiator.initiateService - HHH000130: Instantiating explicit connection provider: net.corda.node.services.database.HibernateConfiguration$NodeDatabaseConnectionProvider
[INFO ] 2018-07-11T09:56:42,126Z [main] dialect.Dialect.<init> - HHH000400: Using dialect: org.hibernate.dialect.H2Dialect
[INFO ] 2018-07-11T09:56:45,598Z [main] connections.access.getIsolatedConnection - HHH10001501: Connection obtained from JdbcConnectionAccess [org.hibernate.engine.jdbc.env.internal.JdbcEnvironmentInitiator$ConnectionProviderJdbcConnectionAccess@1142843c] for (non-JTA) DDL execution was not in auto-commit mode; the Connection 'local transaction' will be committed and the Connection will be set into auto-commit mode.
[INFO ] 2018-07-11T09:56:45,779Z [main] database.HibernateConfiguration.makeSessionFactoryForSchemas - Created session factory for schemas: java.util.Collections$1@42e4431
[INFO ] 2018-07-11T09:56:45,780Z [main] database.HibernateConfiguration.makeSessionFactoryForSchemas - Creating session factory for schemas: java.util.Collections$1@179cdf4f
[INFO ] 2018-07-11T09:56:45,814Z [main] internal.ConnectionProviderInitiator.initiateService - HHH000130: Instantiating explicit connection provider: net.corda.node.services.database.HibernateConfiguration$NodeDatabaseConnectionProvider
[INFO ] 2018-07-11T09:56:45,824Z [main] dialect.Dialect.<init> - HHH000400: Using dialect: org.hibernate.dialect.H2Dialect
[INFO ] 2018-07-11T09:56:46,001Z [main] connections.access.getIsolatedConnection - HHH10001501: Connection obtained from JdbcConnectionAccess [org.hibernate.engine.jdbc.env.internal.JdbcEnvironmentInitiator$ConnectionProviderJdbcConnectionAccess@4f0381cd] for (non-JTA) DDL execution was not in auto-commit mode; the Connection 'local transaction' will be committed and the Connection will be set into auto-commit mode.
[INFO ] 2018-07-11T09:56:46,045Z [main] database.HibernateConfiguration.makeSessionFactoryForSchemas - Created session factory for schemas: java.util.Collections$1@179cdf4f
[INFO ] 2018-07-11T09:56:46,046Z [main] database.HibernateConfiguration.makeSessionFactoryForSchemas - Creating session factory for schemas: java.util.Collections$1@7eb006bd
[INFO ] 2018-07-11T09:56:46,074Z [main] internal.ConnectionProviderInitiator.initiateService - HHH000130: Instantiating explicit connection provider: net.corda.node.services.database.HibernateConfiguration$NodeDatabaseConnectionProvider
[INFO ] 2018-07-11T09:56:46,082Z [main] dialect.Dialect.<init> - HHH000400: Using dialect: org.hibernate.dialect.H2Dialect
[INFO ] 2018-07-11T09:56:46,602Z [main] connections.access.getIsolatedConnection - HHH10001501: Connection obtained from JdbcConnectionAccess [org.hibernate.engine.jdbc.env.internal.JdbcEnvironmentInitiator$ConnectionProviderJdbcConnectionAccess@77d03738] for (non-JTA) DDL execution was not in auto-commit mode; the Connection 'local transaction' will be committed and the Connection will be set into auto-commit mode.
[INFO ] 2018-07-11T09:56:46,799Z [main] database.HibernateConfiguration.makeSessionFactoryForSchemas - Created session factory for schemas: java.util.Collections$1@7eb006bd
[INFO ] 2018-07-11T09:56:46,802Z [main] database.HibernateConfiguration.makeSessionFactoryForSchemas - Creating session factory for schemas: kotlin.jvm.internal.ArrayIterator@3681c285
[INFO ] 2018-07-11T09:56:46,830Z [main] internal.ConnectionProviderInitiator.initiateService - HHH000130: Instantiating explicit connection provider: net.corda.node.services.database.HibernateConfiguration$NodeDatabaseConnectionProvider
[INFO ] 2018-07-11T09:56:46,834Z [main] dialect.Dialect.<init> - HHH000400: Using dialect: org.hibernate.dialect.H2Dialect
[INFO ] 2018-07-11T09:56:47,029Z [main] connections.access.getIsolatedConnection - HHH10001501: Connection obtained from JdbcConnectionAccess [org.hibernate.engine.jdbc.env.internal.JdbcEnvironmentInitiator$ConnectionProviderJdbcConnectionAccess@3bb186b] for (non-JTA) DDL execution was not in auto-commit mode; the Connection 'local transaction' will be committed and the Connection will be set into auto-commit mode.
[INFO ] 2018-07-11T09:56:47,114Z [main] database.HibernateConfiguration.makeSessionFactoryForSchemas - Created session factory for schemas: kotlin.jvm.internal.ArrayIterator@3681c285
[INFO ] 2018-07-11T09:56:48,287Z [main] database.HibernateConfiguration.makeSessionFactoryForSchemas - Creating session factory for schemas: java.util.Collections$1@6b6b4177
[INFO ] 2018-07-11T09:56:48,341Z [main] internal.ConnectionProviderInitiator.initiateService - HHH000130: Instantiating explicit connection provider: net.corda.node.services.database.HibernateConfiguration$NodeDatabaseConnectionProvider
[INFO ] 2018-07-11T09:56:48,343Z [main] dialect.Dialect.<init> - HHH000400: Using dialect: org.hibernate.dialect.H2Dialect
[INFO ] 2018-07-11T09:56:48,399Z [main] connections.access.getIsolatedConnection - HHH10001501: Connection obtained from JdbcConnectionAccess [org.hibernate.engine.jdbc.env.internal.JdbcEnvironmentInitiator$ConnectionProviderJdbcConnectionAccess@4fd2b418] for (non-JTA) DDL execution was not in auto-commit mode; the Connection 'local transaction' will be committed and the Connection will be set into auto-commit mode.
[INFO ] 2018-07-11T09:56:48,429Z [main] database.HibernateConfiguration.makeSessionFactoryForSchemas - Created session factory for schemas: java.util.Collections$1@6b6b4177
[INFO ] 2018-07-11T09:56:48,430Z [main] database.HibernateConfiguration.makeSessionFactoryForSchemas - Creating session factory for schemas: java.util.Collections$1@dd5ea90
[INFO ] 2018-07-11T09:56:48,436Z [main] internal.ConnectionProviderInitiator.initiateService - HHH000130: Instantiating explicit connection provider: net.corda.node.services.database.HibernateConfiguration$NodeDatabaseConnectionProvider
[INFO ] 2018-07-11T09:56:48,438Z [main] dialect.Dialect.<init> - HHH000400: Using dialect: org.hibernate.dialect.H2Dialect
[INFO ] 2018-07-11T09:56:48,463Z [main] connections.access.getIsolatedConnection - HHH10001501: Connection obtained from JdbcConnectionAccess [org.hibernate.engine.jdbc.env.internal.JdbcEnvironmentInitiator$ConnectionProviderJdbcConnectionAccess@305230ea] for (non-JTA) DDL execution was not in auto-commit mode; the Connection 'local transaction' will be committed and the Connection will be set into auto-commit mode.
[INFO ] 2018-07-11T09:56:48,494Z [main] database.HibernateConfiguration.makeSessionFactoryForSchemas - Created session factory for schemas: java.util.Collections$1@dd5ea90
[INFO ] 2018-07-11T09:56:48,494Z [main] database.HibernateConfiguration.makeSessionFactoryForSchemas - Creating session factory for schemas: java.util.Collections$1@2493f9a8
[INFO ] 2018-07-11T09:56:48,506Z [main] internal.ConnectionProviderInitiator.initiateService - HHH000130: Instantiating explicit connection provider: net.corda.node.services.database.HibernateConfiguration$NodeDatabaseConnectionProvider
[INFO ] 2018-07-11T09:56:48,507Z [main] dialect.Dialect.<init> - HHH000400: Using dialect: org.hibernate.dialect.H2Dialect
[INFO ] 2018-07-11T09:56:48,628Z [main] connections.access.getIsolatedConnection - HHH10001501: Connection obtained from JdbcConnectionAccess [org.hibernate.engine.jdbc.env.internal.JdbcEnvironmentInitiator$ConnectionProviderJdbcConnectionAccess@4c0d7878] for (non-JTA) DDL execution was not in auto-commit mode; the Connection 'local transaction' will be committed and the Connection will be set into auto-commit mode.
[INFO ] 2018-07-11T09:56:48,738Z [main] database.HibernateConfiguration.makeSessionFactoryForSchemas - Created session factory for schemas: java.util.Collections$1@2493f9a8
[INFO ] 2018-07-11T09:56:55,432Z [main] BasicInfo.printBasicNodeInfo - Listening on port                       : 10008
[INFO ] 2018-07-11T09:56:55,434Z [main] BasicInfo.printBasicNodeInfo - RPC service listening on port           : 10009
[INFO ] 2018-07-11T09:56:55,485Z [main] messaging.NodeMessagingClient.start - Connecting to message broker: localhost:10008
[INFO ] 2018-07-11T09:56:56,575Z [main] internal.Node.scanCordapps - Scanning CorDapps in [/home/laddha/forwards-check/build/nodes/NodeB/plugins/forwards-check-0.1.jar]
[INFO ] 2018-07-11T09:57:02,053Z [main] internal.Node.registerInitiatedFlowInternal - Registered com.template.FutureFlow to initiate com.template.FutureFlowResponder (version 1)
[INFO ] 2018-07-11T09:57:02,230Z [main] internal.Node.registerInitiatedFlowInternal - Registered net.corda.flows.IssuerFlow$IssuanceRequester to initiate net.corda.flows.IssuerFlow$Issuer (version 1)
[INFO ] 2018-07-11T09:57:03,666Z [main] BasicInfo.printBasicNodeInfo - Loaded plugins                          : com.template.TemplatePlugin
[INFO ] 2018-07-11T09:57:03,670Z [main] messaging.RPCServer.start - Starting RPC server with configuration RPCServerConfiguration(rpcThreadPoolSize=4, consumerPoolSize=2, producerPoolBound=4, reapInterval=PT1S)
[WARN ] 2018-07-11T09:57:03,917Z [Node thread] messaging.NodeMessagingClient.invoke - Received message 73af0a0a-5aa0-4bad-ae2c-3808ee55bd3a for platform.network_map.push.0 that doesn't have any registered handlers yet
[WARN ] 2018-07-11T09:57:09,829Z [Node thread] messaging.NodeMessagingClient.invoke - Received message 8cc160ba-918a-4d60-87ab-2c7148c69619 for platform.network_map.push.0 that doesn't have any registered handlers yet
[INFO ] 2018-07-11T09:57:11,547Z [Node thread] messaging.NodeMessagingClient.invoke - Network map is complete, so removing filter from P2P consumer.
[INFO ] 2018-07-11T09:57:11,684Z [Node thread] BasicInfo.printBasicNodeInfo - Node for "NodeB" started up and registered in 228.82 sec
[INFO ] 2018-07-11T09:57:15,343Z [Node thread] plugin.PluginManager.getPlugins - Loaded plugin Plugin[type=CRaSHShellFactory,interface=ShellFactory]
[INFO ] 2018-07-11T09:57:15,347Z [Node thread] plugin.PluginManager.getPlugins - Loaded plugin Plugin[type=GroovyLanguageProxy,interface=Language]
[INFO ] 2018-07-11T09:57:15,348Z [Node thread] plugin.PluginManager.getPlugins - Loaded plugin Plugin[type=JavaLanguage,interface=Language]
[INFO ] 2018-07-11T09:57:15,350Z [Node thread] plugin.PluginManager.getPlugins - Loaded plugin Plugin[type=ScriptLanguage,interface=Language]
[INFO ] 2018-07-11T09:57:15,360Z [Node thread] plugin.PluginManager.getPlugins - Loaded plugin Plugin[type=JaasAuthenticationPlugin,interface=AuthenticationPlugin]
[INFO ] 2018-07-11T09:57:15,363Z [Node thread] plugin.PluginManager.getPlugins - Loaded plugin Plugin[type=SimpleAuthenticationPlugin,interface=AuthenticationPlugin]
[INFO ] 2018-07-11T09:57:15,451Z [Node thread] plugin.PluginManager.getPlugins - Initialized plugin Plugin[type=GroovyLanguageProxy,interface=Language]
[INFO ] 2018-07-11T09:57:15,451Z [Node thread] plugin.PluginManager.getPlugins - Initialized plugin Plugin[type=ScriptLanguage,interface=Language]
[INFO ] 2018-07-11T09:57:15,464Z [Node thread] plugin.PluginManager.getPlugins - Initialized plugin Plugin[type=CRaSHShellFactory,interface=ShellFactory]
[INFO ] 2018-07-11T09:57:15,468Z [Node thread] plugin.PluginManager.getPlugins - Initialized plugin Plugin[type=JaasAuthenticationPlugin,interface=AuthenticationPlugin]
[INFO ] 2018-07-11T09:57:15,469Z [Node thread] plugin.PluginManager.getPlugins - Initialized plugin Plugin[type=SimpleAuthenticationPlugin,interface=AuthenticationPlugin]
[INFO ] 2018-07-11T10:01:40,481Z [Messaging] messaging.NodeMessagingClient.createQueueIfAbsent - Create fresh queue internal.peers.8Kqd4oWdx4KQGHGRiffPyy11JLQEMYm8xA4pdrCmxj2r1k4YAsRLjfSTBby bound on same address
[INFO ] 2018-07-11T10:03:54,725Z [Command line shell terminator] shell.InteractiveShell.invoke - Command shell has exited
[INFO ] 2018-07-11T10:03:55,110Z [Command line shell terminator] BasicInfo.printBasicNodeInfo - Shutting down ...
