[INFO ] 2018-07-10T07:07:01,662Z [main] webserver.CmdLineOptions.loadConfig - Config:
{
    # hardcoded value
    "basedir" : "/home/laddha/forwards-check/build/nodes/NodeB",
    # /home/laddha/forwards-check/build/nodes/NodeB/node.conf: 1
    "extraAdvertisedServiceIds" : [],
    # web-reference.conf @ jar:file:/home/laddha/.capsule/apps/net.corda.webserver.WebServer_0.14.0/corda-webserver-impl-0.14.0.jar!/web-reference.conf: 2
    "keyStorePassword" : "cordacadevpass",
    # /home/laddha/forwards-check/build/nodes/NodeB/node.conf: 2
    "myLegalName" : "CN=NodeB,O=NodeB,L=New York,C=US",
    # /home/laddha/forwards-check/build/nodes/NodeB/node.conf: 3
    "networkMapService" : {
        # /home/laddha/forwards-check/build/nodes/NodeB/node.conf: 4
        "address" : "localhost:10002",
        # /home/laddha/forwards-check/build/nodes/NodeB/node.conf: 5
        "legalName" : "CN=Controller,O=R3,OU=corda,L=London,C=UK"
    },
    # /home/laddha/forwards-check/build/nodes/NodeB/node.conf: 7
    "p2pAddress" : "localhost:10008",
    # /home/laddha/forwards-check/build/nodes/NodeB/node.conf: 8
    "rpcAddress" : "localhost:10009",
    # /home/laddha/forwards-check/build/nodes/NodeB/node.conf: 9
    "rpcUsers" : [
        # /home/laddha/forwards-check/build/nodes/NodeB/node.conf: 10
        {
            # /home/laddha/forwards-check/build/nodes/NodeB/node.conf: 11
            "password" : "test",
            # /home/laddha/forwards-check/build/nodes/NodeB/node.conf: 12
            "permissions" : [],
            # /home/laddha/forwards-check/build/nodes/NodeB/node.conf: 13
            "user" : "user1"
        }
    ],
    # web-reference.conf @ jar:file:/home/laddha/.capsule/apps/net.corda.webserver.WebServer_0.14.0/corda-webserver-impl-0.14.0.jar!/web-reference.conf: 3
    "trustStorePassword" : "trustpass",
    # web-reference.conf @ jar:file:/home/laddha/.capsule/apps/net.corda.webserver.WebServer_0.14.0/corda-webserver-impl-0.14.0.jar!/web-reference.conf: 1
    "useHTTPS" : false,
    # /home/laddha/forwards-check/build/nodes/NodeB/node.conf: 16
    "webAddress" : "localhost:10010"
}

[INFO ] 2018-07-10T07:07:01,709Z [main] Main.main - Main class: /home/laddha/.capsule/apps/net.corda.webserver.WebServer_0.14.0/corda-webserver-impl-0.14.0.jar
[INFO ] 2018-07-10T07:07:01,970Z [main] Main.main - CommandLine Args: -Xmx200m -XX:+UseG1GC -agentlib:jdwp=transport=dt_socket,server=y,suspend=n,address=5007 -javaagent:/home/laddha/.capsule/apps/net.corda.webserver.WebServer_0.14.0/quasar-core-0.7.6-jdk8.jar -Dvisualvm.display.name=Corda -Djava.library.path=/usr/java/packages/lib/amd64:/usr/lib/x86_64-linux-gnu/jni:/lib/x86_64-linux-gnu:/usr/lib/x86_64-linux-gnu:/usr/lib/jni:/lib:/usr/lib:/home/laddha/.capsule/apps/net.corda.webserver.WebServer_0.14.0 -Dcapsule.app=net.corda.webserver.WebServer_0.14.0 -Dname=NodeB-corda-webserver.jar -DWebserver -Dcapsule.dir=/home/laddha/.capsule/apps/net.corda.webserver.WebServer_0.14.0 -Dcapsule.jar=/home/laddha/forwards-check/build/nodes/NodeB/corda-webserver.jar
[INFO ] 2018-07-10T07:07:02,371Z [main] Main.main - Application Args: 
[INFO ] 2018-07-10T07:07:02,371Z [main] Main.main - bootclasspath: /usr/lib/jvm/java-8-openjdk-amd64/jre/lib/resources.jar:/usr/lib/jvm/java-8-openjdk-amd64/jre/lib/rt.jar:/usr/lib/jvm/java-8-openjdk-amd64/jre/lib/sunrsasign.jar:/usr/lib/jvm/java-8-openjdk-amd64/jre/lib/jsse.jar:/usr/lib/jvm/java-8-openjdk-amd64/jre/lib/jce.jar:/usr/lib/jvm/java-8-openjdk-amd64/jre/lib/charsets.jar:/usr/lib/jvm/java-8-openjdk-amd64/jre/lib/jfr.jar:/usr/lib/jvm/java-8-openjdk-amd64/jre/classes
[INFO ] 2018-07-10T07:07:02,372Z [main] Main.main - classpath: /home/laddha/forwards-check/build/nodes/NodeB/corda-webserver.jar:/home/laddha/.capsule/apps/net.corda.webserver.WebServer_0.14.0/corda-core-0.14.0.jar:/home/laddha/.capsule/apps/net.corda.webserver.WebServer_0.14.0/corda-finance-0.14.0.jar:/home/laddha/.capsule/apps/net.corda.webserver.WebServer_0.14.0/corda-rpc-0.14.0.jar:/home/laddha/.capsule/apps/net.corda.webserver.WebServer_0.14.0/corda-jackson-0.14.0.jar:/home/laddha/.capsule/apps/net.corda.webserver.WebServer_0.14.0/jetty-servlet-9.3.9.v20160517.jar:/home/laddha/.capsule/apps/net.corda.webserver.WebServer_0.14.0/jetty-webapp-9.3.9.v20160517.jar:/home/laddha/.capsule/apps/net.corda.webserver.WebServer_0.14.0/javax.servlet-api-3.1.0.jar:/home/laddha/.capsule/apps/net.corda.webserver.WebServer_0.14.0/commons-fileupload-1.3.2.jar:/home/laddha/.capsule/apps/net.corda.webserver.WebServer_0.14.0/log4j-slf4j-impl-2.7.jar:/home/laddha/.capsule/apps/net.corda.webserver.WebServer_0.14.0/log4j-core-2.7.jar:/home/laddha/.capsule/apps/net.corda.webserver.WebServer_0.14.0/jopt-simple-5.0.2.jar:/home/laddha/.capsule/apps/net.corda.webserver.WebServer_0.14.0/jersey-server-2.25.jar:/home/laddha/.capsule/apps/net.corda.webserver.WebServer_0.14.0/jersey-container-servlet-core-2.25.jar:/home/laddha/.capsule/apps/net.corda.webserver.WebServer_0.14.0/jersey-container-jetty-http-2.25.jar:/home/laddha/.capsule/apps/net.corda.webserver.WebServer_0.14.0/jersey-media-json-jackson-2.25.jar:/home/laddha/.capsule/apps/net.corda.webserver.WebServer_0.14.0/kotlinx-html-jvm-0.6.3.jar:/home/laddha/.capsule/apps/net.corda.webserver.WebServer_0.14.0/kotlin-stdlib-jre8-1.1.1.jar:/home/laddha/.capsule/apps/net.corda.webserver.WebServer_0.14.0/kotlin-reflect-1.1.1.jar:/home/laddha/.capsule/apps/net.corda.webserver.WebServer_0.14.0/jsr305-3.0.1.jar:/home/laddha/.capsule/apps/net.corda.webserver.WebServer_0.14.0/jcl-over-slf4j-1.7.25.jar:/home/laddha/.capsule/apps/net.corda.webserver.WebServer_0.14.0/slf4j-api-1.7.25.jar:/home/laddha/.capsule/apps/net.corda.webserver.WebServer_0.14.0/guava-21.0.jar:/home/laddha/.capsule/apps/net.corda.webserver.WebServer_0.14.0/rxjava-1.2.4.jar:/home/laddha/.capsule/apps/net.corda.webserver.WebServer_0.14.0/kryo-4.0.0.jar:/home/laddha/.capsule/apps/net.corda.webserver.WebServer_0.14.0/kryo-serializers-0.41.jar:/home/laddha/.capsule/apps/net.corda.webserver.WebServer_0.14.0/commons-jexl3-3.0.jar:/home/laddha/.capsule/apps/net.corda.webserver.WebServer_0.14.0/jackson-databind-2.8.5.jar:/home/laddha/.capsule/apps/net.corda.webserver.WebServer_0.14.0/eddsa-0.2.0.jar:/home/laddha/.capsule/apps/net.corda.webserver.WebServer_0.14.0/bcprov-jdk15on-1.57.jar:/home/laddha/.capsule/apps/net.corda.webserver.WebServer_0.14.0/bcpkix-jdk15on-1.57.jar:/home/laddha/.capsule/apps/net.corda.webserver.WebServer_0.14.0/hibernate-jpa-2.1-api-1.0.0.Final.jar:/home/laddha/.capsule/apps/net.corda.webserver.WebServer_0.14.0/requery-kotlin-1.3.1.jar:/home/laddha/.capsule/apps/net.corda.webserver.WebServer_0.14.0/proton-j-0.19.0.jar:/home/laddha/.capsule/apps/net.corda.webserver.WebServer_0.14.0/quasar-core-0.7.6-jdk8.jar:/home/laddha/.capsule/apps/net.corda.webserver.WebServer_0.14.0/corda-node-schemas-0.14.0.jar:/home/laddha/.capsule/apps/net.corda.webserver.WebServer_0.14.0/corda-node-api-0.14.0.jar:/home/laddha/.capsule/apps/net.corda.webserver.WebServer_0.14.0/jackson-module-kotlin-2.8.5.jar:/home/laddha/.capsule/apps/net.corda.webserver.WebServer_0.14.0/jackson-dataformat-yaml-2.8.5.jar:/home/laddha/.capsule/apps/net.corda.webserver.WebServer_0.14.0/jackson-datatype-jsr310-2.8.5.jar:/home/laddha/.capsule/apps/net.corda.webserver.WebServer_0.14.0/jetty-security-9.3.9.v20160517.jar:/home/laddha/.capsule/apps/net.corda.webserver.WebServer_0.14.0/jetty-xml-9.3.9.v20160517.jar:/home/laddha/.capsule/apps/net.corda.webserver.WebServer_0.14.0/jolokia-server-core-2.0.0-M3.jar:/home/laddha/.capsule/apps/net.corda.webserver.WebServer_0.14.0/jolokia-server-detector-2.0.0-M3.jar:/home/laddha/.capsule/apps/net.corda.webserver.WebServer_0.14.0/jolokia-service-jmx-2.0.0-M3.jar:/home/laddha/.capsule/apps/net.corda.webserver.WebServer_0.14.0/jolokia-service-serializer-2.0.0-M3.jar:/home/laddha/.capsule/apps/net.corda.webserver.WebServer_0.14.0/jolokia-service-notif-pull-2.0.0-M3.jar:/home/laddha/.capsule/apps/net.corda.webserver.WebServer_0.14.0/jolokia-service-notif-sse-2.0.0-M3.jar:/home/laddha/.capsule/apps/net.corda.webserver.WebServer_0.14.0/jolokia-service-discovery-2.0.0-M3.jar:/home/laddha/.capsule/apps/net.corda.webserver.WebServer_0.14.0/jolokia-service-history-2.0.0-M3.jar:/home/laddha/.capsule/apps/net.corda.webserver.WebServer_0.14.0/jolokia-service-jsr160-2.0.0-M3.jar:/home/laddha/.capsule/apps/net.corda.webserver.WebServer_0.14.0/commons-io-2.2.jar:/home/laddha/.capsule/apps/net.corda.webserver.WebServer_0.14.0/log4j-api-2.7.jar:/home/laddha/.capsule/apps/net.corda.webserver.WebServer_0.14.0/jersey-common-2.25.jar:/home/laddha/.capsule/apps/net.corda.webserver.WebServer_0.14.0/jersey-client-2.25.jar:/home/laddha/.capsule/apps/net.corda.webserver.WebServer_0.14.0/javax.ws.rs-api-2.0.1.jar:/home/laddha/.capsule/apps/net.corda.webserver.WebServer_0.14.0/jersey-media-jaxb-2.25.jar:/home/laddha/.capsule/apps/net.corda.webserver.WebServer_0.14.0/javax.annotation-api-1.2.jar:/home/laddha/.capsule/apps/net.corda.webserver.WebServer_0.14.0/hk2-api-2.5.0-b30.jar:/home/laddha/.capsule/apps/net.corda.webserver.WebServer_0.14.0/javax.inject-2.5.0-b30.jar:/home/laddha/.capsule/apps/net.corda.webserver.WebServer_0.14.0/hk2-locator-2.5.0-b30.jar:/home/laddha/.capsule/apps/net.corda.webserver.WebServer_0.14.0/validation-api-1.1.0.Final.jar:/home/laddha/.capsule/apps/net.corda.webserver.WebServer_0.14.0/jetty-continuation-9.2.14.v20151106.jar:/home/laddha/.capsule/apps/net.corda.webserver.WebServer_0.14.0/jersey-entity-filtering-2.25.jar:/home/laddha/.capsule/apps/net.corda.webserver.WebServer_0.14.0/jackson-jaxrs-base-2.8.4.jar:/home/laddha/.capsule/apps/net.corda.webserver.WebServer_0.14.0/jackson-jaxrs-json-provider-2.8.4.jar:/home/laddha/.capsule/apps/net.corda.webserver.WebServer_0.14.0/kotlin-stdlib-1.1.1.jar:/home/laddha/.capsule/apps/net.corda.webserver.WebServer_0.14.0/kotlin-stdlib-jre7-1.1.1.jar:/home/laddha/.capsule/apps/net.corda.webserver.WebServer_0.14.0/reflectasm-1.11.3.jar:/home/laddha/.capsule/apps/net.corda.webserver.WebServer_0.14.0/minlog-1.3.0.jar:/home/laddha/.capsule/apps/net.corda.webserver.WebServer_0.14.0/objenesis-2.2.jar:/home/laddha/.capsule/apps/net.corda.webserver.WebServer_0.14.0/jackson-core-2.8.5.jar:/home/laddha/.capsule/apps/net.corda.webserver.WebServer_0.14.0/requery-1.3.1.jar:/home/laddha/.capsule/apps/net.corda.webserver.WebServer_0.14.0/artemis-core-client-2.1.0.jar:/home/laddha/.capsule/apps/net.corda.webserver.WebServer_0.14.0/artemis-commons-2.1.0.jar:/home/laddha/.capsule/apps/net.corda.webserver.WebServer_0.14.0/config-1.3.1.jar:/home/laddha/.capsule/apps/net.corda.webserver.WebServer_0.14.0/snakeyaml-1.17.jar:/home/laddha/.capsule/apps/net.corda.webserver.WebServer_0.14.0/json-simple-1.1.1.jar:/home/laddha/.capsule/apps/net.corda.webserver.WebServer_0.14.0/jersey-guava-2.25.jar:/home/laddha/.capsule/apps/net.corda.webserver.WebServer_0.14.0/osgi-resource-locator-1.0.1.jar:/home/laddha/.capsule/apps/net.corda.webserver.WebServer_0.14.0/hk2-utils-2.5.0-b30.jar:/home/laddha/.capsule/apps/net.corda.webserver.WebServer_0.14.0/aopalliance-repackaged-2.5.0-b30.jar:/home/laddha/.capsule/apps/net.corda.webserver.WebServer_0.14.0/javassist-3.20.0-GA.jar:/home/laddha/.capsule/apps/net.corda.webserver.WebServer_0.14.0/jackson-module-jaxb-annotations-2.8.4.jar:/home/laddha/.capsule/apps/net.corda.webserver.WebServer_0.14.0/asm-5.0.4.jar:/home/laddha/.capsule/apps/net.corda.webserver.WebServer_0.14.0/jgroups-3.6.13.Final.jar:/home/laddha/.capsule/apps/net.corda.webserver.WebServer_0.14.0/netty-all-4.1.9.Final.jar:/home/laddha/.capsule/apps/net.corda.webserver.WebServer_0.14.0/geronimo-json_1.0_spec-1.0-alpha-1.jar:/home/laddha/.capsule/apps/net.corda.webserver.WebServer_0.14.0/johnzon-core-0.9.5.jar:/home/laddha/.capsule/apps/net.corda.webserver.WebServer_0.14.0/jboss-logging-3.3.0.Final.jar:/home/laddha/.capsule/apps/net.corda.webserver.WebServer_0.14.0/commons-beanutils-1.9.2.jar:/home/laddha/.capsule/apps/net.corda.webserver.WebServer_0.14.0/javax.inject-1.jar:/home/laddha/.capsule/apps/net.corda.webserver.WebServer_0.14.0/commons-collections-3.2.1.jar:/home/laddha/.capsule/apps/net.corda.webserver.WebServer_0.14.0/jackson-annotations-2.8.5.jar:/home/laddha/.capsule/apps/net.corda.webserver.WebServer_0.14.0/annotations-13.0.jar:/home/laddha/.capsule/apps/net.corda.webserver.WebServer_0.14.0/jetty-server-9.3.9.v20160517.jar:/home/laddha/.capsule/apps/net.corda.webserver.WebServer_0.14.0/jetty-http-9.3.9.v20160517.jar:/home/laddha/.capsule/apps/net.corda.webserver.WebServer_0.14.0/jetty-io-9.3.9.v20160517.jar:/home/laddha/.capsule/apps/net.corda.webserver.WebServer_0.14.0/jetty-util-9.3.9.v20160517.jar:/home/laddha/.capsule/apps/net.corda.webserver.WebServer_0.14.0/corda-webserver-impl-0.14.0.jar:/home/laddha/forwards-check/build/nodes/NodeB/plugins/forwards-check-0.1.jar:/home/laddha/.capsule/apps/net.corda.webserver.WebServer_0.14.0/quasar-core-0.7.6-jdk8.jar
[INFO ] 2018-07-10T07:07:02,382Z [main] Main.main - VM OpenJDK 64-Bit Server VM Oracle Corporation 25.171-b11
[INFO ] 2018-07-10T07:07:02,383Z [main] Main.main - Machine: A-Laptop-has-no-Name
[INFO ] 2018-07-10T07:07:02,383Z [main] Main.main - Working Directory: /home/laddha/forwards-check/build/nodes/NodeB
[INFO ] 2018-07-10T07:07:07,242Z [main] Main.main - Starting as webserver on localhost:10010
[INFO ] 2018-07-10T07:07:07,411Z [main] BasicInfo.logAndMaybePrint - Starting as webserver: localhost:10010
[INFO ] 2018-07-10T07:07:07,440Z [main] internal.NodeWebServer.connectLocalRpcAsNodeUser - Connecting to node at localhost:10008 as node user
[WARN ] 2018-07-10T07:07:12,273Z [main] core.client.createTransportConnection - AMQ212007: connector.create or connectorFactory.createConnector should never throw an exception, implementation is badly behaved, but we will deal with it anyway.
java.lang.IllegalStateException: Unable to create NettyConnector for localhost:10008
	at org.apache.activemq.artemis.core.remoting.impl.netty.NettyConnector.start(NettyConnector.java:494) ~[artemis-core-client-2.1.0.jar:2.1.0]
	at org.apache.activemq.artemis.core.client.impl.ClientSessionFactoryImpl.openTransportConnection(ClientSessionFactoryImpl.java:1034) ~[artemis-core-client-2.1.0.jar:2.1.0]
	at org.apache.activemq.artemis.core.client.impl.ClientSessionFactoryImpl.createTransportConnection(ClientSessionFactoryImpl.java:1076) [artemis-core-client-2.1.0.jar:2.1.0]
	at org.apache.activemq.artemis.core.client.impl.ClientSessionFactoryImpl.establishNewConnection(ClientSessionFactoryImpl.java:1254) [artemis-core-client-2.1.0.jar:2.1.0]
	at org.apache.activemq.artemis.core.client.impl.ClientSessionFactoryImpl.getConnection(ClientSessionFactoryImpl.java:891) [artemis-core-client-2.1.0.jar:2.1.0]
	at org.apache.activemq.artemis.core.client.impl.ClientSessionFactoryImpl.getConnectionWithRetry(ClientSessionFactoryImpl.java:795) [artemis-core-client-2.1.0.jar:2.1.0]
	at org.apache.activemq.artemis.core.client.impl.ClientSessionFactoryImpl.connect(ClientSessionFactoryImpl.java:238) [artemis-core-client-2.1.0.jar:2.1.0]
	at org.apache.activemq.artemis.core.client.impl.ServerLocatorImpl.createSessionFactory(ServerLocatorImpl.java:772) [artemis-core-client-2.1.0.jar:2.1.0]
	at net.corda.client.rpc.internal.RPCClientProxyHandler$sessionAndProducerPool$1.invoke(RPCClientProxyHandler.kt:146) [corda-rpc-0.14.0.jar:?]
	at net.corda.client.rpc.internal.RPCClientProxyHandler$sessionAndProducerPool$1.invoke(RPCClientProxyHandler.kt:60) [corda-rpc-0.14.0.jar:?]
	at net.corda.core.internal.LazyPool.borrow(LazyPool.kt:42) [corda-core-0.14.0.jar:?]
	at net.corda.client.rpc.internal.RPCClientProxyHandler.start(RPCClientProxyHandler.kt:423) [corda-rpc-0.14.0.jar:?]
	at net.corda.client.rpc.internal.RPCClient$start$1.invoke(RPCClient.kt:155) [corda-rpc-0.14.0.jar:?]
	at net.corda.client.rpc.internal.RPCClient$start$1.invoke(RPCClient.kt:88) [corda-rpc-0.14.0.jar:?]
	at net.corda.core.internal.InternalUtilsKt.logElapsedTime(InternalUtils.kt:161) [corda-core-0.14.0.jar:?]
	at net.corda.core.internal.InternalUtilsKt.logElapsedTime(InternalUtils.kt:153) [corda-core-0.14.0.jar:?]
	at net.corda.client.rpc.internal.RPCClient.start(RPCClient.kt:142) [corda-rpc-0.14.0.jar:?]
	at net.corda.client.rpc.CordaRPCClient.start(CordaRPCClient.kt:62) [corda-rpc-0.14.0.jar:?]
	at net.corda.webserver.internal.NodeWebServer.connectLocalRpcAsNodeUser(NodeWebServer.kt:202) [corda-webserver-impl-0.14.0.jar:?]
	at net.corda.webserver.internal.NodeWebServer.retryConnectLocalRpc(NodeWebServer.kt:180) [corda-webserver-impl-0.14.0.jar:?]
	at net.corda.webserver.internal.NodeWebServer.start(NodeWebServer.kt:43) [corda-webserver-impl-0.14.0.jar:?]
	at net.corda.webserver.WebServer.main(WebServer.kt:61) [corda-webserver-impl-0.14.0.jar:?]
Caused by: java.lang.Exception: Failed to find a store at /home/laddha/forwards-check/build/nodes/NodeB/certificates/sslkeystore.jks
	at org.apache.activemq.artemis.core.remoting.impl.ssl.SSLSupport.validateStoreURL(SSLSupport.java:148) ~[artemis-core-client-2.1.0.jar:2.1.0]
	at org.apache.activemq.artemis.core.remoting.impl.ssl.SSLSupport.loadKeystore(SSLSupport.java:101) ~[artemis-core-client-2.1.0.jar:2.1.0]
	at org.apache.activemq.artemis.core.remoting.impl.ssl.SSLSupport.loadKeyManagers(SSLSupport.java:123) ~[artemis-core-client-2.1.0.jar:2.1.0]
	at org.apache.activemq.artemis.core.remoting.impl.ssl.SSLSupport.createContext(SSLSupport.java:52) ~[artemis-core-client-2.1.0.jar:2.1.0]
	at org.apache.activemq.artemis.core.remoting.impl.netty.NettyConnector.start(NettyConnector.java:490) ~[artemis-core-client-2.1.0.jar:2.1.0]
	... 21 more
[INFO ] 2018-07-10T07:07:12,531Z [main] internal.RPCClient.logElapsedTime - Startup took 4364 msec
[INFO ] 2018-07-10T07:07:13,548Z [main] internal.NodeWebServer.connectLocalRpcAsNodeUser - Connecting to node at localhost:10008 as node user
[WARN ] 2018-07-10T07:07:13,931Z [main] core.client.createTransportConnection - AMQ212007: connector.create or connectorFactory.createConnector should never throw an exception, implementation is badly behaved, but we will deal with it anyway.
java.lang.IllegalStateException: Unable to create NettyConnector for localhost:10008
	at org.apache.activemq.artemis.core.remoting.impl.netty.NettyConnector.start(NettyConnector.java:494) ~[artemis-core-client-2.1.0.jar:2.1.0]
	at org.apache.activemq.artemis.core.client.impl.ClientSessionFactoryImpl.openTransportConnection(ClientSessionFactoryImpl.java:1034) ~[artemis-core-client-2.1.0.jar:2.1.0]
	at org.apache.activemq.artemis.core.client.impl.ClientSessionFactoryImpl.createTransportConnection(ClientSessionFactoryImpl.java:1076) [artemis-core-client-2.1.0.jar:2.1.0]
	at org.apache.activemq.artemis.core.client.impl.ClientSessionFactoryImpl.establishNewConnection(ClientSessionFactoryImpl.java:1254) [artemis-core-client-2.1.0.jar:2.1.0]
	at org.apache.activemq.artemis.core.client.impl.ClientSessionFactoryImpl.getConnection(ClientSessionFactoryImpl.java:891) [artemis-core-client-2.1.0.jar:2.1.0]
	at org.apache.activemq.artemis.core.client.impl.ClientSessionFactoryImpl.getConnectionWithRetry(ClientSessionFactoryImpl.java:795) [artemis-core-client-2.1.0.jar:2.1.0]
	at org.apache.activemq.artemis.core.client.impl.ClientSessionFactoryImpl.connect(ClientSessionFactoryImpl.java:238) [artemis-core-client-2.1.0.jar:2.1.0]
	at org.apache.activemq.artemis.core.client.impl.ServerLocatorImpl.createSessionFactory(ServerLocatorImpl.java:772) [artemis-core-client-2.1.0.jar:2.1.0]
	at net.corda.client.rpc.internal.RPCClientProxyHandler$sessionAndProducerPool$1.invoke(RPCClientProxyHandler.kt:146) [corda-rpc-0.14.0.jar:?]
	at net.corda.client.rpc.internal.RPCClientProxyHandler$sessionAndProducerPool$1.invoke(RPCClientProxyHandler.kt:60) [corda-rpc-0.14.0.jar:?]
	at net.corda.core.internal.LazyPool.borrow(LazyPool.kt:42) [corda-core-0.14.0.jar:?]
	at net.corda.client.rpc.internal.RPCClientProxyHandler.start(RPCClientProxyHandler.kt:423) [corda-rpc-0.14.0.jar:?]
	at net.corda.client.rpc.internal.RPCClient$start$1.invoke(RPCClient.kt:155) [corda-rpc-0.14.0.jar:?]
	at net.corda.client.rpc.internal.RPCClient$start$1.invoke(RPCClient.kt:88) [corda-rpc-0.14.0.jar:?]
	at net.corda.core.internal.InternalUtilsKt.logElapsedTime(InternalUtils.kt:161) [corda-core-0.14.0.jar:?]
	at net.corda.core.internal.InternalUtilsKt.logElapsedTime(InternalUtils.kt:153) [corda-core-0.14.0.jar:?]
	at net.corda.client.rpc.internal.RPCClient.start(RPCClient.kt:142) [corda-rpc-0.14.0.jar:?]
	at net.corda.client.rpc.CordaRPCClient.start(CordaRPCClient.kt:62) [corda-rpc-0.14.0.jar:?]
	at net.corda.webserver.internal.NodeWebServer.connectLocalRpcAsNodeUser(NodeWebServer.kt:202) [corda-webserver-impl-0.14.0.jar:?]
	at net.corda.webserver.internal.NodeWebServer.retryConnectLocalRpc(NodeWebServer.kt:180) [corda-webserver-impl-0.14.0.jar:?]
	at net.corda.webserver.internal.NodeWebServer.start(NodeWebServer.kt:43) [corda-webserver-impl-0.14.0.jar:?]
	at net.corda.webserver.WebServer.main(WebServer.kt:61) [corda-webserver-impl-0.14.0.jar:?]
Caused by: java.lang.Exception: Failed to find a store at /home/laddha/forwards-check/build/nodes/NodeB/certificates/sslkeystore.jks
	at org.apache.activemq.artemis.core.remoting.impl.ssl.SSLSupport.validateStoreURL(SSLSupport.java:148) ~[artemis-core-client-2.1.0.jar:2.1.0]
	at org.apache.activemq.artemis.core.remoting.impl.ssl.SSLSupport.loadKeystore(SSLSupport.java:101) ~[artemis-core-client-2.1.0.jar:2.1.0]
	at org.apache.activemq.artemis.core.remoting.impl.ssl.SSLSupport.loadKeyManagers(SSLSupport.java:123) ~[artemis-core-client-2.1.0.jar:2.1.0]
	at org.apache.activemq.artemis.core.remoting.impl.ssl.SSLSupport.createContext(SSLSupport.java:52) ~[artemis-core-client-2.1.0.jar:2.1.0]
	at org.apache.activemq.artemis.core.remoting.impl.netty.NettyConnector.start(NettyConnector.java:490) ~[artemis-core-client-2.1.0.jar:2.1.0]
	... 21 more
[INFO ] 2018-07-10T07:07:13,933Z [main] internal.RPCClient.logElapsedTime - Startup took 45 msec
[INFO ] 2018-07-10T07:07:14,934Z [main] internal.NodeWebServer.connectLocalRpcAsNodeUser - Connecting to node at localhost:10008 as node user
[WARN ] 2018-07-10T07:07:14,966Z [main] core.client.createTransportConnection - AMQ212007: connector.create or connectorFactory.createConnector should never throw an exception, implementation is badly behaved, but we will deal with it anyway.
java.lang.IllegalStateException: Unable to create NettyConnector for localhost:10008
	at org.apache.activemq.artemis.core.remoting.impl.netty.NettyConnector.start(NettyConnector.java:494) ~[artemis-core-client-2.1.0.jar:2.1.0]
	at org.apache.activemq.artemis.core.client.impl.ClientSessionFactoryImpl.openTransportConnection(ClientSessionFactoryImpl.java:1034) ~[artemis-core-client-2.1.0.jar:2.1.0]
	at org.apache.activemq.artemis.core.client.impl.ClientSessionFactoryImpl.createTransportConnection(ClientSessionFactoryImpl.java:1076) [artemis-core-client-2.1.0.jar:2.1.0]
	at org.apache.activemq.artemis.core.client.impl.ClientSessionFactoryImpl.establishNewConnection(ClientSessionFactoryImpl.java:1254) [artemis-core-client-2.1.0.jar:2.1.0]
	at org.apache.activemq.artemis.core.client.impl.ClientSessionFactoryImpl.getConnection(ClientSessionFactoryImpl.java:891) [artemis-core-client-2.1.0.jar:2.1.0]
	at org.apache.activemq.artemis.core.client.impl.ClientSessionFactoryImpl.getConnectionWithRetry(ClientSessionFactoryImpl.java:795) [artemis-core-client-2.1.0.jar:2.1.0]
	at org.apache.activemq.artemis.core.client.impl.ClientSessionFactoryImpl.connect(ClientSessionFactoryImpl.java:238) [artemis-core-client-2.1.0.jar:2.1.0]
	at org.apache.activemq.artemis.core.client.impl.ServerLocatorImpl.createSessionFactory(ServerLocatorImpl.java:772) [artemis-core-client-2.1.0.jar:2.1.0]
	at net.corda.client.rpc.internal.RPCClientProxyHandler$sessionAndProducerPool$1.invoke(RPCClientProxyHandler.kt:146) [corda-rpc-0.14.0.jar:?]
	at net.corda.client.rpc.internal.RPCClientProxyHandler$sessionAndProducerPool$1.invoke(RPCClientProxyHandler.kt:60) [corda-rpc-0.14.0.jar:?]
	at net.corda.core.internal.LazyPool.borrow(LazyPool.kt:42) [corda-core-0.14.0.jar:?]
	at net.corda.client.rpc.internal.RPCClientProxyHandler.start(RPCClientProxyHandler.kt:423) [corda-rpc-0.14.0.jar:?]
	at net.corda.client.rpc.internal.RPCClient$start$1.invoke(RPCClient.kt:155) [corda-rpc-0.14.0.jar:?]
	at net.corda.client.rpc.internal.RPCClient$start$1.invoke(RPCClient.kt:88) [corda-rpc-0.14.0.jar:?]
	at net.corda.core.internal.InternalUtilsKt.logElapsedTime(InternalUtils.kt:161) [corda-core-0.14.0.jar:?]
	at net.corda.core.internal.InternalUtilsKt.logElapsedTime(InternalUtils.kt:153) [corda-core-0.14.0.jar:?]
	at net.corda.client.rpc.internal.RPCClient.start(RPCClient.kt:142) [corda-rpc-0.14.0.jar:?]
	at net.corda.client.rpc.CordaRPCClient.start(CordaRPCClient.kt:62) [corda-rpc-0.14.0.jar:?]
	at net.corda.webserver.internal.NodeWebServer.connectLocalRpcAsNodeUser(NodeWebServer.kt:202) [corda-webserver-impl-0.14.0.jar:?]
	at net.corda.webserver.internal.NodeWebServer.retryConnectLocalRpc(NodeWebServer.kt:180) [corda-webserver-impl-0.14.0.jar:?]
	at net.corda.webserver.internal.NodeWebServer.start(NodeWebServer.kt:43) [corda-webserver-impl-0.14.0.jar:?]
	at net.corda.webserver.WebServer.main(WebServer.kt:61) [corda-webserver-impl-0.14.0.jar:?]
Caused by: java.lang.Exception: Failed to find a store at /home/laddha/forwards-check/build/nodes/NodeB/certificates/sslkeystore.jks
	at org.apache.activemq.artemis.core.remoting.impl.ssl.SSLSupport.validateStoreURL(SSLSupport.java:148) ~[artemis-core-client-2.1.0.jar:2.1.0]
	at org.apache.activemq.artemis.core.remoting.impl.ssl.SSLSupport.loadKeystore(SSLSupport.java:101) ~[artemis-core-client-2.1.0.jar:2.1.0]
	at org.apache.activemq.artemis.core.remoting.impl.ssl.SSLSupport.loadKeyManagers(SSLSupport.java:123) ~[artemis-core-client-2.1.0.jar:2.1.0]
	at org.apache.activemq.artemis.core.remoting.impl.ssl.SSLSupport.createContext(SSLSupport.java:52) ~[artemis-core-client-2.1.0.jar:2.1.0]
	at org.apache.activemq.artemis.core.remoting.impl.netty.NettyConnector.start(NettyConnector.java:490) ~[artemis-core-client-2.1.0.jar:2.1.0]
	... 21 more
[INFO ] 2018-07-10T07:07:14,968Z [main] internal.RPCClient.logElapsedTime - Startup took 32 msec
[INFO ] 2018-07-10T07:07:15,969Z [main] internal.NodeWebServer.connectLocalRpcAsNodeUser - Connecting to node at localhost:10008 as node user
[WARN ] 2018-07-10T07:07:16,020Z [main] core.client.createTransportConnection - AMQ212007: connector.create or connectorFactory.createConnector should never throw an exception, implementation is badly behaved, but we will deal with it anyway.
java.lang.IllegalStateException: Unable to create NettyConnector for localhost:10008
	at org.apache.activemq.artemis.core.remoting.impl.netty.NettyConnector.start(NettyConnector.java:494) ~[artemis-core-client-2.1.0.jar:2.1.0]
	at org.apache.activemq.artemis.core.client.impl.ClientSessionFactoryImpl.openTransportConnection(ClientSessionFactoryImpl.java:1034) ~[artemis-core-client-2.1.0.jar:2.1.0]
	at org.apache.activemq.artemis.core.client.impl.ClientSessionFactoryImpl.createTransportConnection(ClientSessionFactoryImpl.java:1076) [artemis-core-client-2.1.0.jar:2.1.0]
	at org.apache.activemq.artemis.core.client.impl.ClientSessionFactoryImpl.establishNewConnection(ClientSessionFactoryImpl.java:1254) [artemis-core-client-2.1.0.jar:2.1.0]
	at org.apache.activemq.artemis.core.client.impl.ClientSessionFactoryImpl.getConnection(ClientSessionFactoryImpl.java:891) [artemis-core-client-2.1.0.jar:2.1.0]
	at org.apache.activemq.artemis.core.client.impl.ClientSessionFactoryImpl.getConnectionWithRetry(ClientSessionFactoryImpl.java:795) [artemis-core-client-2.1.0.jar:2.1.0]
	at org.apache.activemq.artemis.core.client.impl.ClientSessionFactoryImpl.connect(ClientSessionFactoryImpl.java:238) [artemis-core-client-2.1.0.jar:2.1.0]
	at org.apache.activemq.artemis.core.client.impl.ServerLocatorImpl.createSessionFactory(ServerLocatorImpl.java:772) [artemis-core-client-2.1.0.jar:2.1.0]
	at net.corda.client.rpc.internal.RPCClientProxyHandler$sessionAndProducerPool$1.invoke(RPCClientProxyHandler.kt:146) [corda-rpc-0.14.0.jar:?]
	at net.corda.client.rpc.internal.RPCClientProxyHandler$sessionAndProducerPool$1.invoke(RPCClientProxyHandler.kt:60) [corda-rpc-0.14.0.jar:?]
	at net.corda.core.internal.LazyPool.borrow(LazyPool.kt:42) [corda-core-0.14.0.jar:?]
	at net.corda.client.rpc.internal.RPCClientProxyHandler.start(RPCClientProxyHandler.kt:423) [corda-rpc-0.14.0.jar:?]
	at net.corda.client.rpc.internal.RPCClient$start$1.invoke(RPCClient.kt:155) [corda-rpc-0.14.0.jar:?]
	at net.corda.client.rpc.internal.RPCClient$start$1.invoke(RPCClient.kt:88) [corda-rpc-0.14.0.jar:?]
	at net.corda.core.internal.InternalUtilsKt.logElapsedTime(InternalUtils.kt:161) [corda-core-0.14.0.jar:?]
	at net.corda.core.internal.InternalUtilsKt.logElapsedTime(InternalUtils.kt:153) [corda-core-0.14.0.jar:?]
	at net.corda.client.rpc.internal.RPCClient.start(RPCClient.kt:142) [corda-rpc-0.14.0.jar:?]
	at net.corda.client.rpc.CordaRPCClient.start(CordaRPCClient.kt:62) [corda-rpc-0.14.0.jar:?]
	at net.corda.webserver.internal.NodeWebServer.connectLocalRpcAsNodeUser(NodeWebServer.kt:202) [corda-webserver-impl-0.14.0.jar:?]
	at net.corda.webserver.internal.NodeWebServer.retryConnectLocalRpc(NodeWebServer.kt:180) [corda-webserver-impl-0.14.0.jar:?]
	at net.corda.webserver.internal.NodeWebServer.start(NodeWebServer.kt:43) [corda-webserver-impl-0.14.0.jar:?]
	at net.corda.webserver.WebServer.main(WebServer.kt:61) [corda-webserver-impl-0.14.0.jar:?]
Caused by: java.lang.Exception: Failed to find a store at /home/laddha/forwards-check/build/nodes/NodeB/certificates/sslkeystore.jks
	at org.apache.activemq.artemis.core.remoting.impl.ssl.SSLSupport.validateStoreURL(SSLSupport.java:148) ~[artemis-core-client-2.1.0.jar:2.1.0]
	at org.apache.activemq.artemis.core.remoting.impl.ssl.SSLSupport.loadKeystore(SSLSupport.java:101) ~[artemis-core-client-2.1.0.jar:2.1.0]
	at org.apache.activemq.artemis.core.remoting.impl.ssl.SSLSupport.loadKeyManagers(SSLSupport.java:123) ~[artemis-core-client-2.1.0.jar:2.1.0]
	at org.apache.activemq.artemis.core.remoting.impl.ssl.SSLSupport.createContext(SSLSupport.java:52) ~[artemis-core-client-2.1.0.jar:2.1.0]
	at org.apache.activemq.artemis.core.remoting.impl.netty.NettyConnector.start(NettyConnector.java:490) ~[artemis-core-client-2.1.0.jar:2.1.0]
	... 21 more
[INFO ] 2018-07-10T07:07:16,040Z [main] internal.RPCClient.logElapsedTime - Startup took 63 msec
[INFO ] 2018-07-10T07:07:17,041Z [main] internal.NodeWebServer.connectLocalRpcAsNodeUser - Connecting to node at localhost:10008 as node user
[INFO ] 2018-07-10T07:07:18,421Z [main] internal.RPCClient.logElapsedTime - Startup took 1378 msec
[INFO ] 2018-07-10T07:07:19,422Z [main] internal.NodeWebServer.connectLocalRpcAsNodeUser - Connecting to node at localhost:10008 as node user
[INFO ] 2018-07-10T07:07:19,471Z [main] internal.RPCClient.logElapsedTime - Startup took 47 msec
[INFO ] 2018-07-10T07:07:20,471Z [main] internal.NodeWebServer.connectLocalRpcAsNodeUser - Connecting to node at localhost:10008 as node user
[INFO ] 2018-07-10T07:07:20,511Z [main] internal.RPCClient.logElapsedTime - Startup took 38 msec
[INFO ] 2018-07-10T07:07:21,512Z [main] internal.NodeWebServer.connectLocalRpcAsNodeUser - Connecting to node at localhost:10008 as node user
[INFO ] 2018-07-10T07:07:21,600Z [main] internal.RPCClient.logElapsedTime - Startup took 87 msec
[INFO ] 2018-07-10T07:07:22,601Z [main] internal.NodeWebServer.connectLocalRpcAsNodeUser - Connecting to node at localhost:10008 as node user
[INFO ] 2018-07-10T07:07:22,650Z [main] internal.RPCClient.logElapsedTime - Startup took 47 msec
[INFO ] 2018-07-10T07:07:23,651Z [main] internal.NodeWebServer.connectLocalRpcAsNodeUser - Connecting to node at localhost:10008 as node user
[INFO ] 2018-07-10T07:07:23,726Z [main] internal.RPCClient.logElapsedTime - Startup took 63 msec
[INFO ] 2018-07-10T07:07:24,727Z [main] internal.NodeWebServer.connectLocalRpcAsNodeUser - Connecting to node at localhost:10008 as node user
[INFO ] 2018-07-10T07:07:24,753Z [main] internal.RPCClient.logElapsedTime - Startup took 24 msec
[INFO ] 2018-07-10T07:07:25,754Z [main] internal.NodeWebServer.connectLocalRpcAsNodeUser - Connecting to node at localhost:10008 as node user
[INFO ] 2018-07-10T07:07:25,771Z [main] internal.RPCClient.logElapsedTime - Startup took 16 msec
[INFO ] 2018-07-10T07:07:26,772Z [main] internal.NodeWebServer.connectLocalRpcAsNodeUser - Connecting to node at localhost:10008 as node user
[INFO ] 2018-07-10T07:07:26,815Z [main] internal.RPCClient.logElapsedTime - Startup took 42 msec
[INFO ] 2018-07-10T07:07:27,815Z [main] internal.NodeWebServer.connectLocalRpcAsNodeUser - Connecting to node at localhost:10008 as node user
[INFO ] 2018-07-10T07:07:27,838Z [main] internal.RPCClient.logElapsedTime - Startup took 21 msec
[INFO ] 2018-07-10T07:07:28,839Z [main] internal.NodeWebServer.connectLocalRpcAsNodeUser - Connecting to node at localhost:10008 as node user
[INFO ] 2018-07-10T07:07:28,863Z [main] internal.RPCClient.logElapsedTime - Startup took 23 msec
[INFO ] 2018-07-10T07:07:29,865Z [main] internal.NodeWebServer.connectLocalRpcAsNodeUser - Connecting to node at localhost:10008 as node user
[INFO ] 2018-07-10T07:07:29,881Z [main] internal.RPCClient.logElapsedTime - Startup took 14 msec
[INFO ] 2018-07-10T07:07:30,881Z [main] internal.NodeWebServer.connectLocalRpcAsNodeUser - Connecting to node at localhost:10008 as node user
[INFO ] 2018-07-10T07:07:30,903Z [main] internal.RPCClient.logElapsedTime - Startup took 20 msec
[INFO ] 2018-07-10T07:07:31,907Z [main] internal.NodeWebServer.connectLocalRpcAsNodeUser - Connecting to node at localhost:10008 as node user
[INFO ] 2018-07-10T07:07:31,924Z [main] internal.RPCClient.logElapsedTime - Startup took 16 msec
[INFO ] 2018-07-10T07:07:32,925Z [main] internal.NodeWebServer.connectLocalRpcAsNodeUser - Connecting to node at localhost:10008 as node user
[INFO ] 2018-07-10T07:07:32,950Z [main] internal.RPCClient.logElapsedTime - Startup took 24 msec
[INFO ] 2018-07-10T07:07:33,955Z [main] internal.NodeWebServer.connectLocalRpcAsNodeUser - Connecting to node at localhost:10008 as node user
[INFO ] 2018-07-10T07:07:33,969Z [main] internal.RPCClient.logElapsedTime - Startup took 12 msec
[INFO ] 2018-07-10T07:07:34,974Z [main] internal.NodeWebServer.connectLocalRpcAsNodeUser - Connecting to node at localhost:10008 as node user
[INFO ] 2018-07-10T07:07:35,012Z [main] internal.RPCClient.logElapsedTime - Startup took 36 msec
[INFO ] 2018-07-10T07:07:36,013Z [main] internal.NodeWebServer.connectLocalRpcAsNodeUser - Connecting to node at localhost:10008 as node user
[INFO ] 2018-07-10T07:07:36,060Z [main] internal.RPCClient.logElapsedTime - Startup took 45 msec
[INFO ] 2018-07-10T07:07:37,060Z [main] internal.NodeWebServer.connectLocalRpcAsNodeUser - Connecting to node at localhost:10008 as node user
[INFO ] 2018-07-10T07:07:37,092Z [main] internal.RPCClient.logElapsedTime - Startup took 30 msec
[INFO ] 2018-07-10T07:07:38,093Z [main] internal.NodeWebServer.connectLocalRpcAsNodeUser - Connecting to node at localhost:10008 as node user
[INFO ] 2018-07-10T07:07:38,107Z [main] internal.RPCClient.logElapsedTime - Startup took 13 msec
[INFO ] 2018-07-10T07:07:39,108Z [main] internal.NodeWebServer.connectLocalRpcAsNodeUser - Connecting to node at localhost:10008 as node user
[INFO ] 2018-07-10T07:07:39,135Z [main] internal.RPCClient.logElapsedTime - Startup took 25 msec
[INFO ] 2018-07-10T07:07:40,136Z [main] internal.NodeWebServer.connectLocalRpcAsNodeUser - Connecting to node at localhost:10008 as node user
[INFO ] 2018-07-10T07:07:40,159Z [main] internal.RPCClient.logElapsedTime - Startup took 21 msec
[INFO ] 2018-07-10T07:07:41,160Z [main] internal.NodeWebServer.connectLocalRpcAsNodeUser - Connecting to node at localhost:10008 as node user
[INFO ] 2018-07-10T07:07:41,194Z [main] internal.RPCClient.logElapsedTime - Startup took 32 msec
[INFO ] 2018-07-10T07:07:42,201Z [main] internal.NodeWebServer.connectLocalRpcAsNodeUser - Connecting to node at localhost:10008 as node user
[INFO ] 2018-07-10T07:07:42,220Z [main] internal.RPCClient.logElapsedTime - Startup took 17 msec
[INFO ] 2018-07-10T07:07:43,220Z [main] internal.NodeWebServer.connectLocalRpcAsNodeUser - Connecting to node at localhost:10008 as node user
[INFO ] 2018-07-10T07:07:43,237Z [main] internal.RPCClient.logElapsedTime - Startup took 14 msec
[INFO ] 2018-07-10T07:07:44,237Z [main] internal.NodeWebServer.connectLocalRpcAsNodeUser - Connecting to node at localhost:10008 as node user
[INFO ] 2018-07-10T07:07:44,257Z [main] internal.RPCClient.logElapsedTime - Startup took 16 msec
[INFO ] 2018-07-10T07:07:45,258Z [main] internal.NodeWebServer.connectLocalRpcAsNodeUser - Connecting to node at localhost:10008 as node user
[INFO ] 2018-07-10T07:07:45,315Z [main] internal.RPCClient.logElapsedTime - Startup took 55 msec
[INFO ] 2018-07-10T07:07:46,315Z [main] internal.NodeWebServer.connectLocalRpcAsNodeUser - Connecting to node at localhost:10008 as node user
[INFO ] 2018-07-10T07:07:46,334Z [main] internal.RPCClient.logElapsedTime - Startup took 14 msec
[INFO ] 2018-07-10T07:07:47,335Z [main] internal.NodeWebServer.connectLocalRpcAsNodeUser - Connecting to node at localhost:10008 as node user
[INFO ] 2018-07-10T07:07:47,377Z [main] internal.RPCClient.logElapsedTime - Startup took 41 msec
[INFO ] 2018-07-10T07:07:48,378Z [main] internal.NodeWebServer.connectLocalRpcAsNodeUser - Connecting to node at localhost:10008 as node user
[INFO ] 2018-07-10T07:07:54,932Z [main] internal.RPCClient.logElapsedTime - Startup took 6549 msec
[INFO ] 2018-07-10T07:07:55,036Z [main] util.log.initialized - Logging initialized @62798ms
[WARN ] 2018-07-10T07:07:55,111Z [main] internal.NodeWebServer.initWebServer - Unable to locate Jolokia WAR on classpath
[INFO ] 2018-07-10T07:07:57,779Z [main] internal.NodeWebServer.buildServletContextHandler - Add plugin web API from attachment com.template.CheckKt$sam$Function$5d7cf681@4b61e97
[INFO ] 2018-07-10T07:07:58,101Z [main] server.Server.doStart - jetty-9.3.9.v20160517
[INFO ] 2018-07-10T07:08:02,162Z [main] handler.ContextHandler.doStart - Started o.e.j.s.ServletContextHandler@5f5c0eda{/,null,AVAILABLE}
[INFO ] 2018-07-10T07:08:02,263Z [main] server.AbstractConnector.doStart - Started ServerConnector@45648e75{HTTP/1.1,[http/1.1]}{0.0.0.0:10010}
[INFO ] 2018-07-10T07:08:02,263Z [main] server.Server.doStart - Started @70040ms
[INFO ] 2018-07-10T07:08:02,263Z [main] internal.NodeWebServer.initWebServer - Starting webserver on address localhost:10010
[WARN ] 2018-07-10T07:08:27,201Z [Thread-0 (ActiveMQ-client-global-threads)] core.client.fail - AMQ212037: Connection failure has been detected: AMQ119015: The connection was disconnected because of server shutdown [code=DISCONNECTED]
[WARN ] 2018-07-10T07:08:27,242Z [Thread-1 (ActiveMQ-client-global-threads)] core.client.fail - AMQ212037: Connection failure has been detected: AMQ119015: The connection was disconnected because of server shutdown [code=DISCONNECTED]
[INFO ] 2018-07-11T07:35:31,128Z [main] webserver.CmdLineOptions.loadConfig - Config:
{
    # hardcoded value
    "basedir" : "/home/laddha/forwards-check/build/nodes/NodeB",
    # /home/laddha/forwards-check/build/nodes/NodeB/node.conf: 1
    "extraAdvertisedServiceIds" : [],
    # web-reference.conf @ jar:file:/home/laddha/.capsule/apps/net.corda.webserver.WebServer_0.14.0/corda-webserver-impl-0.14.0.jar!/web-reference.conf: 2
    "keyStorePassword" : "cordacadevpass",
    # /home/laddha/forwards-check/build/nodes/NodeB/node.conf: 2
    "myLegalName" : "CN=NodeB,O=NodeB,L=New York,C=US",
    # /home/laddha/forwards-check/build/nodes/NodeB/node.conf: 3
    "networkMapService" : {
        # /home/laddha/forwards-check/build/nodes/NodeB/node.conf: 4
        "address" : "localhost:10002",
        # /home/laddha/forwards-check/build/nodes/NodeB/node.conf: 5
        "legalName" : "CN=Controller,O=R3,OU=corda,L=London,C=UK"
    },
    # /home/laddha/forwards-check/build/nodes/NodeB/node.conf: 7
    "p2pAddress" : "localhost:10008",
    # /home/laddha/forwards-check/build/nodes/NodeB/node.conf: 8
    "rpcAddress" : "localhost:10009",
    # /home/laddha/forwards-check/build/nodes/NodeB/node.conf: 9
    "rpcUsers" : [
        # /home/laddha/forwards-check/build/nodes/NodeB/node.conf: 10
        {
            # /home/laddha/forwards-check/build/nodes/NodeB/node.conf: 11
            "password" : "test",
            # /home/laddha/forwards-check/build/nodes/NodeB/node.conf: 12
            "permissions" : [],
            # /home/laddha/forwards-check/build/nodes/NodeB/node.conf: 13
            "user" : "user1"
        }
    ],
    # web-reference.conf @ jar:file:/home/laddha/.capsule/apps/net.corda.webserver.WebServer_0.14.0/corda-webserver-impl-0.14.0.jar!/web-reference.conf: 3
    "trustStorePassword" : "trustpass",
    # web-reference.conf @ jar:file:/home/laddha/.capsule/apps/net.corda.webserver.WebServer_0.14.0/corda-webserver-impl-0.14.0.jar!/web-reference.conf: 1
    "useHTTPS" : false,
    # /home/laddha/forwards-check/build/nodes/NodeB/node.conf: 16
    "webAddress" : "localhost:10010"
}

[INFO ] 2018-07-11T07:35:31,193Z [main] Main.main - Main class: /home/laddha/.capsule/apps/net.corda.webserver.WebServer_0.14.0/corda-webserver-impl-0.14.0.jar
[INFO ] 2018-07-11T07:35:31,508Z [main] Main.main - CommandLine Args: -Xmx200m -XX:+UseG1GC -agentlib:jdwp=transport=dt_socket,server=y,suspend=n,address=5007 -javaagent:/home/laddha/.capsule/apps/net.corda.webserver.WebServer_0.14.0/quasar-core-0.7.6-jdk8.jar -Dvisualvm.display.name=Corda -Djava.library.path=/usr/java/packages/lib/amd64:/usr/lib/x86_64-linux-gnu/jni:/lib/x86_64-linux-gnu:/usr/lib/x86_64-linux-gnu:/usr/lib/jni:/lib:/usr/lib:/home/laddha/.capsule/apps/net.corda.webserver.WebServer_0.14.0 -Dcapsule.app=net.corda.webserver.WebServer_0.14.0 -Dname=NodeB-corda-webserver.jar -DWebserver -Dcapsule.dir=/home/laddha/.capsule/apps/net.corda.webserver.WebServer_0.14.0 -Dcapsule.jar=/home/laddha/forwards-check/build/nodes/NodeB/corda-webserver.jar
[INFO ] 2018-07-11T07:35:32,106Z [main] Main.main - Application Args: 
[INFO ] 2018-07-11T07:35:32,107Z [main] Main.main - bootclasspath: /usr/lib/jvm/java-8-openjdk-amd64/jre/lib/resources.jar:/usr/lib/jvm/java-8-openjdk-amd64/jre/lib/rt.jar:/usr/lib/jvm/java-8-openjdk-amd64/jre/lib/sunrsasign.jar:/usr/lib/jvm/java-8-openjdk-amd64/jre/lib/jsse.jar:/usr/lib/jvm/java-8-openjdk-amd64/jre/lib/jce.jar:/usr/lib/jvm/java-8-openjdk-amd64/jre/lib/charsets.jar:/usr/lib/jvm/java-8-openjdk-amd64/jre/lib/jfr.jar:/usr/lib/jvm/java-8-openjdk-amd64/jre/classes
[INFO ] 2018-07-11T07:35:32,109Z [main] Main.main - classpath: /home/laddha/forwards-check/build/nodes/NodeB/corda-webserver.jar:/home/laddha/.capsule/apps/net.corda.webserver.WebServer_0.14.0/corda-core-0.14.0.jar:/home/laddha/.capsule/apps/net.corda.webserver.WebServer_0.14.0/corda-finance-0.14.0.jar:/home/laddha/.capsule/apps/net.corda.webserver.WebServer_0.14.0/corda-rpc-0.14.0.jar:/home/laddha/.capsule/apps/net.corda.webserver.WebServer_0.14.0/corda-jackson-0.14.0.jar:/home/laddha/.capsule/apps/net.corda.webserver.WebServer_0.14.0/jetty-servlet-9.3.9.v20160517.jar:/home/laddha/.capsule/apps/net.corda.webserver.WebServer_0.14.0/jetty-webapp-9.3.9.v20160517.jar:/home/laddha/.capsule/apps/net.corda.webserver.WebServer_0.14.0/javax.servlet-api-3.1.0.jar:/home/laddha/.capsule/apps/net.corda.webserver.WebServer_0.14.0/commons-fileupload-1.3.2.jar:/home/laddha/.capsule/apps/net.corda.webserver.WebServer_0.14.0/log4j-slf4j-impl-2.7.jar:/home/laddha/.capsule/apps/net.corda.webserver.WebServer_0.14.0/log4j-core-2.7.jar:/home/laddha/.capsule/apps/net.corda.webserver.WebServer_0.14.0/jopt-simple-5.0.2.jar:/home/laddha/.capsule/apps/net.corda.webserver.WebServer_0.14.0/jersey-server-2.25.jar:/home/laddha/.capsule/apps/net.corda.webserver.WebServer_0.14.0/jersey-container-servlet-core-2.25.jar:/home/laddha/.capsule/apps/net.corda.webserver.WebServer_0.14.0/jersey-container-jetty-http-2.25.jar:/home/laddha/.capsule/apps/net.corda.webserver.WebServer_0.14.0/jersey-media-json-jackson-2.25.jar:/home/laddha/.capsule/apps/net.corda.webserver.WebServer_0.14.0/kotlinx-html-jvm-0.6.3.jar:/home/laddha/.capsule/apps/net.corda.webserver.WebServer_0.14.0/kotlin-stdlib-jre8-1.1.1.jar:/home/laddha/.capsule/apps/net.corda.webserver.WebServer_0.14.0/kotlin-reflect-1.1.1.jar:/home/laddha/.capsule/apps/net.corda.webserver.WebServer_0.14.0/jsr305-3.0.1.jar:/home/laddha/.capsule/apps/net.corda.webserver.WebServer_0.14.0/jcl-over-slf4j-1.7.25.jar:/home/laddha/.capsule/apps/net.corda.webserver.WebServer_0.14.0/slf4j-api-1.7.25.jar:/home/laddha/.capsule/apps/net.corda.webserver.WebServer_0.14.0/guava-21.0.jar:/home/laddha/.capsule/apps/net.corda.webserver.WebServer_0.14.0/rxjava-1.2.4.jar:/home/laddha/.capsule/apps/net.corda.webserver.WebServer_0.14.0/kryo-4.0.0.jar:/home/laddha/.capsule/apps/net.corda.webserver.WebServer_0.14.0/kryo-serializers-0.41.jar:/home/laddha/.capsule/apps/net.corda.webserver.WebServer_0.14.0/commons-jexl3-3.0.jar:/home/laddha/.capsule/apps/net.corda.webserver.WebServer_0.14.0/jackson-databind-2.8.5.jar:/home/laddha/.capsule/apps/net.corda.webserver.WebServer_0.14.0/eddsa-0.2.0.jar:/home/laddha/.capsule/apps/net.corda.webserver.WebServer_0.14.0/bcprov-jdk15on-1.57.jar:/home/laddha/.capsule/apps/net.corda.webserver.WebServer_0.14.0/bcpkix-jdk15on-1.57.jar:/home/laddha/.capsule/apps/net.corda.webserver.WebServer_0.14.0/hibernate-jpa-2.1-api-1.0.0.Final.jar:/home/laddha/.capsule/apps/net.corda.webserver.WebServer_0.14.0/requery-kotlin-1.3.1.jar:/home/laddha/.capsule/apps/net.corda.webserver.WebServer_0.14.0/proton-j-0.19.0.jar:/home/laddha/.capsule/apps/net.corda.webserver.WebServer_0.14.0/quasar-core-0.7.6-jdk8.jar:/home/laddha/.capsule/apps/net.corda.webserver.WebServer_0.14.0/corda-node-schemas-0.14.0.jar:/home/laddha/.capsule/apps/net.corda.webserver.WebServer_0.14.0/corda-node-api-0.14.0.jar:/home/laddha/.capsule/apps/net.corda.webserver.WebServer_0.14.0/jackson-module-kotlin-2.8.5.jar:/home/laddha/.capsule/apps/net.corda.webserver.WebServer_0.14.0/jackson-dataformat-yaml-2.8.5.jar:/home/laddha/.capsule/apps/net.corda.webserver.WebServer_0.14.0/jackson-datatype-jsr310-2.8.5.jar:/home/laddha/.capsule/apps/net.corda.webserver.WebServer_0.14.0/jetty-security-9.3.9.v20160517.jar:/home/laddha/.capsule/apps/net.corda.webserver.WebServer_0.14.0/jetty-xml-9.3.9.v20160517.jar:/home/laddha/.capsule/apps/net.corda.webserver.WebServer_0.14.0/jolokia-server-core-2.0.0-M3.jar:/home/laddha/.capsule/apps/net.corda.webserver.WebServer_0.14.0/jolokia-server-detector-2.0.0-M3.jar:/home/laddha/.capsule/apps/net.corda.webserver.WebServer_0.14.0/jolokia-service-jmx-2.0.0-M3.jar:/home/laddha/.capsule/apps/net.corda.webserver.WebServer_0.14.0/jolokia-service-serializer-2.0.0-M3.jar:/home/laddha/.capsule/apps/net.corda.webserver.WebServer_0.14.0/jolokia-service-notif-pull-2.0.0-M3.jar:/home/laddha/.capsule/apps/net.corda.webserver.WebServer_0.14.0/jolokia-service-notif-sse-2.0.0-M3.jar:/home/laddha/.capsule/apps/net.corda.webserver.WebServer_0.14.0/jolokia-service-discovery-2.0.0-M3.jar:/home/laddha/.capsule/apps/net.corda.webserver.WebServer_0.14.0/jolokia-service-history-2.0.0-M3.jar:/home/laddha/.capsule/apps/net.corda.webserver.WebServer_0.14.0/jolokia-service-jsr160-2.0.0-M3.jar:/home/laddha/.capsule/apps/net.corda.webserver.WebServer_0.14.0/commons-io-2.2.jar:/home/laddha/.capsule/apps/net.corda.webserver.WebServer_0.14.0/log4j-api-2.7.jar:/home/laddha/.capsule/apps/net.corda.webserver.WebServer_0.14.0/jersey-common-2.25.jar:/home/laddha/.capsule/apps/net.corda.webserver.WebServer_0.14.0/jersey-client-2.25.jar:/home/laddha/.capsule/apps/net.corda.webserver.WebServer_0.14.0/javax.ws.rs-api-2.0.1.jar:/home/laddha/.capsule/apps/net.corda.webserver.WebServer_0.14.0/jersey-media-jaxb-2.25.jar:/home/laddha/.capsule/apps/net.corda.webserver.WebServer_0.14.0/javax.annotation-api-1.2.jar:/home/laddha/.capsule/apps/net.corda.webserver.WebServer_0.14.0/hk2-api-2.5.0-b30.jar:/home/laddha/.capsule/apps/net.corda.webserver.WebServer_0.14.0/javax.inject-2.5.0-b30.jar:/home/laddha/.capsule/apps/net.corda.webserver.WebServer_0.14.0/hk2-locator-2.5.0-b30.jar:/home/laddha/.capsule/apps/net.corda.webserver.WebServer_0.14.0/validation-api-1.1.0.Final.jar:/home/laddha/.capsule/apps/net.corda.webserver.WebServer_0.14.0/jetty-continuation-9.2.14.v20151106.jar:/home/laddha/.capsule/apps/net.corda.webserver.WebServer_0.14.0/jersey-entity-filtering-2.25.jar:/home/laddha/.capsule/apps/net.corda.webserver.WebServer_0.14.0/jackson-jaxrs-base-2.8.4.jar:/home/laddha/.capsule/apps/net.corda.webserver.WebServer_0.14.0/jackson-jaxrs-json-provider-2.8.4.jar:/home/laddha/.capsule/apps/net.corda.webserver.WebServer_0.14.0/kotlin-stdlib-1.1.1.jar:/home/laddha/.capsule/apps/net.corda.webserver.WebServer_0.14.0/kotlin-stdlib-jre7-1.1.1.jar:/home/laddha/.capsule/apps/net.corda.webserver.WebServer_0.14.0/reflectasm-1.11.3.jar:/home/laddha/.capsule/apps/net.corda.webserver.WebServer_0.14.0/minlog-1.3.0.jar:/home/laddha/.capsule/apps/net.corda.webserver.WebServer_0.14.0/objenesis-2.2.jar:/home/laddha/.capsule/apps/net.corda.webserver.WebServer_0.14.0/jackson-core-2.8.5.jar:/home/laddha/.capsule/apps/net.corda.webserver.WebServer_0.14.0/requery-1.3.1.jar:/home/laddha/.capsule/apps/net.corda.webserver.WebServer_0.14.0/artemis-core-client-2.1.0.jar:/home/laddha/.capsule/apps/net.corda.webserver.WebServer_0.14.0/artemis-commons-2.1.0.jar:/home/laddha/.capsule/apps/net.corda.webserver.WebServer_0.14.0/config-1.3.1.jar:/home/laddha/.capsule/apps/net.corda.webserver.WebServer_0.14.0/snakeyaml-1.17.jar:/home/laddha/.capsule/apps/net.corda.webserver.WebServer_0.14.0/json-simple-1.1.1.jar:/home/laddha/.capsule/apps/net.corda.webserver.WebServer_0.14.0/jersey-guava-2.25.jar:/home/laddha/.capsule/apps/net.corda.webserver.WebServer_0.14.0/osgi-resource-locator-1.0.1.jar:/home/laddha/.capsule/apps/net.corda.webserver.WebServer_0.14.0/hk2-utils-2.5.0-b30.jar:/home/laddha/.capsule/apps/net.corda.webserver.WebServer_0.14.0/aopalliance-repackaged-2.5.0-b30.jar:/home/laddha/.capsule/apps/net.corda.webserver.WebServer_0.14.0/javassist-3.20.0-GA.jar:/home/laddha/.capsule/apps/net.corda.webserver.WebServer_0.14.0/jackson-module-jaxb-annotations-2.8.4.jar:/home/laddha/.capsule/apps/net.corda.webserver.WebServer_0.14.0/asm-5.0.4.jar:/home/laddha/.capsule/apps/net.corda.webserver.WebServer_0.14.0/jgroups-3.6.13.Final.jar:/home/laddha/.capsule/apps/net.corda.webserver.WebServer_0.14.0/netty-all-4.1.9.Final.jar:/home/laddha/.capsule/apps/net.corda.webserver.WebServer_0.14.0/geronimo-json_1.0_spec-1.0-alpha-1.jar:/home/laddha/.capsule/apps/net.corda.webserver.WebServer_0.14.0/johnzon-core-0.9.5.jar:/home/laddha/.capsule/apps/net.corda.webserver.WebServer_0.14.0/jboss-logging-3.3.0.Final.jar:/home/laddha/.capsule/apps/net.corda.webserver.WebServer_0.14.0/commons-beanutils-1.9.2.jar:/home/laddha/.capsule/apps/net.corda.webserver.WebServer_0.14.0/javax.inject-1.jar:/home/laddha/.capsule/apps/net.corda.webserver.WebServer_0.14.0/commons-collections-3.2.1.jar:/home/laddha/.capsule/apps/net.corda.webserver.WebServer_0.14.0/jackson-annotations-2.8.5.jar:/home/laddha/.capsule/apps/net.corda.webserver.WebServer_0.14.0/annotations-13.0.jar:/home/laddha/.capsule/apps/net.corda.webserver.WebServer_0.14.0/jetty-server-9.3.9.v20160517.jar:/home/laddha/.capsule/apps/net.corda.webserver.WebServer_0.14.0/jetty-http-9.3.9.v20160517.jar:/home/laddha/.capsule/apps/net.corda.webserver.WebServer_0.14.0/jetty-io-9.3.9.v20160517.jar:/home/laddha/.capsule/apps/net.corda.webserver.WebServer_0.14.0/jetty-util-9.3.9.v20160517.jar:/home/laddha/.capsule/apps/net.corda.webserver.WebServer_0.14.0/corda-webserver-impl-0.14.0.jar:/home/laddha/forwards-check/build/nodes/NodeB/plugins/forwards-check-0.1.jar:/home/laddha/.capsule/apps/net.corda.webserver.WebServer_0.14.0/quasar-core-0.7.6-jdk8.jar
[INFO ] 2018-07-11T07:35:32,116Z [main] Main.main - VM OpenJDK 64-Bit Server VM Oracle Corporation 25.171-b11
[INFO ] 2018-07-11T07:35:32,117Z [main] Main.main - Machine: A-Laptop-has-no-Name
[INFO ] 2018-07-11T07:35:32,120Z [main] Main.main - Working Directory: /home/laddha/forwards-check/build/nodes/NodeB
[INFO ] 2018-07-11T07:35:36,929Z [main] Main.main - Starting as webserver on localhost:10010
[INFO ] 2018-07-11T07:35:37,123Z [main] BasicInfo.logAndMaybePrint - Starting as webserver: localhost:10010
[INFO ] 2018-07-11T07:35:37,128Z [main] internal.NodeWebServer.connectLocalRpcAsNodeUser - Connecting to node at localhost:10008 as node user
[INFO ] 2018-07-11T07:35:44,854Z [main] internal.RPCClient.logElapsedTime - Startup took 7155 msec
[INFO ] 2018-07-11T07:35:45,861Z [main] internal.NodeWebServer.connectLocalRpcAsNodeUser - Connecting to node at localhost:10008 as node user
[INFO ] 2018-07-11T07:35:46,230Z [main] internal.RPCClient.logElapsedTime - Startup took 72 msec
[INFO ] 2018-07-11T07:35:47,231Z [main] internal.NodeWebServer.connectLocalRpcAsNodeUser - Connecting to node at localhost:10008 as node user
[INFO ] 2018-07-11T07:35:47,267Z [main] internal.RPCClient.logElapsedTime - Startup took 34 msec
[INFO ] 2018-07-11T07:35:48,268Z [main] internal.NodeWebServer.connectLocalRpcAsNodeUser - Connecting to node at localhost:10008 as node user
[INFO ] 2018-07-11T07:35:48,313Z [main] internal.RPCClient.logElapsedTime - Startup took 44 msec
[INFO ] 2018-07-11T07:35:49,314Z [main] internal.NodeWebServer.connectLocalRpcAsNodeUser - Connecting to node at localhost:10008 as node user
[INFO ] 2018-07-11T07:35:49,355Z [main] internal.RPCClient.logElapsedTime - Startup took 39 msec
[INFO ] 2018-07-11T07:35:50,356Z [main] internal.NodeWebServer.connectLocalRpcAsNodeUser - Connecting to node at localhost:10008 as node user
[INFO ] 2018-07-11T07:35:50,378Z [main] internal.RPCClient.logElapsedTime - Startup took 21 msec
[INFO ] 2018-07-11T07:35:51,379Z [main] internal.NodeWebServer.connectLocalRpcAsNodeUser - Connecting to node at localhost:10008 as node user
[INFO ] 2018-07-11T07:35:51,427Z [main] internal.RPCClient.logElapsedTime - Startup took 46 msec
[INFO ] 2018-07-11T07:35:52,427Z [main] internal.NodeWebServer.connectLocalRpcAsNodeUser - Connecting to node at localhost:10008 as node user
[INFO ] 2018-07-11T07:35:52,459Z [main] internal.RPCClient.logElapsedTime - Startup took 29 msec
[INFO ] 2018-07-11T07:35:53,460Z [main] internal.NodeWebServer.connectLocalRpcAsNodeUser - Connecting to node at localhost:10008 as node user
[INFO ] 2018-07-11T07:35:53,490Z [main] internal.RPCClient.logElapsedTime - Startup took 23 msec
[INFO ] 2018-07-11T07:35:54,491Z [main] internal.NodeWebServer.connectLocalRpcAsNodeUser - Connecting to node at localhost:10008 as node user
[INFO ] 2018-07-11T07:35:54,535Z [main] internal.RPCClient.logElapsedTime - Startup took 42 msec
[INFO ] 2018-07-11T07:35:55,535Z [main] internal.NodeWebServer.connectLocalRpcAsNodeUser - Connecting to node at localhost:10008 as node user
[INFO ] 2018-07-11T07:35:55,577Z [main] internal.RPCClient.logElapsedTime - Startup took 41 msec
[INFO ] 2018-07-11T07:35:56,581Z [main] internal.NodeWebServer.connectLocalRpcAsNodeUser - Connecting to node at localhost:10008 as node user
[INFO ] 2018-07-11T07:35:56,623Z [main] internal.RPCClient.logElapsedTime - Startup took 41 msec
[INFO ] 2018-07-11T07:35:57,624Z [main] internal.NodeWebServer.connectLocalRpcAsNodeUser - Connecting to node at localhost:10008 as node user
[INFO ] 2018-07-11T07:35:57,632Z [main] internal.RPCClient.logElapsedTime - Startup took 7 msec
[INFO ] 2018-07-11T07:35:58,633Z [main] internal.NodeWebServer.connectLocalRpcAsNodeUser - Connecting to node at localhost:10008 as node user
[INFO ] 2018-07-11T07:35:58,662Z [main] internal.RPCClient.logElapsedTime - Startup took 24 msec
[INFO ] 2018-07-11T07:35:59,665Z [main] internal.NodeWebServer.connectLocalRpcAsNodeUser - Connecting to node at localhost:10008 as node user
[INFO ] 2018-07-11T07:35:59,679Z [main] internal.RPCClient.logElapsedTime - Startup took 12 msec
[INFO ] 2018-07-11T07:36:00,679Z [main] internal.NodeWebServer.connectLocalRpcAsNodeUser - Connecting to node at localhost:10008 as node user
[INFO ] 2018-07-11T07:36:00,699Z [main] internal.RPCClient.logElapsedTime - Startup took 18 msec
[INFO ] 2018-07-11T07:36:01,700Z [main] internal.NodeWebServer.connectLocalRpcAsNodeUser - Connecting to node at localhost:10008 as node user
[INFO ] 2018-07-11T07:36:01,723Z [main] internal.RPCClient.logElapsedTime - Startup took 22 msec
[INFO ] 2018-07-11T07:36:02,724Z [main] internal.NodeWebServer.connectLocalRpcAsNodeUser - Connecting to node at localhost:10008 as node user
[INFO ] 2018-07-11T07:36:02,742Z [main] internal.RPCClient.logElapsedTime - Startup took 17 msec
[INFO ] 2018-07-11T07:36:03,743Z [main] internal.NodeWebServer.connectLocalRpcAsNodeUser - Connecting to node at localhost:10008 as node user
[INFO ] 2018-07-11T07:36:03,750Z [main] internal.RPCClient.logElapsedTime - Startup took 5 msec
[INFO ] 2018-07-11T07:36:04,750Z [main] internal.NodeWebServer.connectLocalRpcAsNodeUser - Connecting to node at localhost:10008 as node user
[INFO ] 2018-07-11T07:36:04,778Z [main] internal.RPCClient.logElapsedTime - Startup took 26 msec
[INFO ] 2018-07-11T07:36:05,781Z [main] internal.NodeWebServer.connectLocalRpcAsNodeUser - Connecting to node at localhost:10008 as node user
[INFO ] 2018-07-11T07:36:05,793Z [main] internal.RPCClient.logElapsedTime - Startup took 9 msec
[INFO ] 2018-07-11T07:36:06,794Z [main] internal.NodeWebServer.connectLocalRpcAsNodeUser - Connecting to node at localhost:10008 as node user
[INFO ] 2018-07-11T07:36:06,820Z [main] internal.RPCClient.logElapsedTime - Startup took 25 msec
[INFO ] 2018-07-11T07:36:07,833Z [main] internal.NodeWebServer.connectLocalRpcAsNodeUser - Connecting to node at localhost:10008 as node user
[INFO ] 2018-07-11T07:36:07,854Z [main] internal.RPCClient.logElapsedTime - Startup took 20 msec
[INFO ] 2018-07-11T07:36:08,855Z [main] internal.NodeWebServer.connectLocalRpcAsNodeUser - Connecting to node at localhost:10008 as node user
[INFO ] 2018-07-11T07:36:08,885Z [main] internal.RPCClient.logElapsedTime - Startup took 29 msec
[INFO ] 2018-07-11T07:36:09,886Z [main] internal.NodeWebServer.connectLocalRpcAsNodeUser - Connecting to node at localhost:10008 as node user
[INFO ] 2018-07-11T07:36:09,911Z [main] internal.RPCClient.logElapsedTime - Startup took 23 msec
[INFO ] 2018-07-11T07:36:10,911Z [main] internal.NodeWebServer.connectLocalRpcAsNodeUser - Connecting to node at localhost:10008 as node user
[INFO ] 2018-07-11T07:36:10,947Z [main] internal.RPCClient.logElapsedTime - Startup took 35 msec
[INFO ] 2018-07-11T07:36:11,948Z [main] internal.NodeWebServer.connectLocalRpcAsNodeUser - Connecting to node at localhost:10008 as node user
[INFO ] 2018-07-11T07:36:11,968Z [main] internal.RPCClient.logElapsedTime - Startup took 18 msec
[INFO ] 2018-07-11T07:36:12,968Z [main] internal.NodeWebServer.connectLocalRpcAsNodeUser - Connecting to node at localhost:10008 as node user
[INFO ] 2018-07-11T07:36:12,997Z [main] internal.RPCClient.logElapsedTime - Startup took 27 msec
[INFO ] 2018-07-11T07:36:13,998Z [main] internal.NodeWebServer.connectLocalRpcAsNodeUser - Connecting to node at localhost:10008 as node user
[INFO ] 2018-07-11T07:36:14,033Z [main] internal.RPCClient.logElapsedTime - Startup took 34 msec
[INFO ] 2018-07-11T07:36:15,034Z [main] internal.NodeWebServer.connectLocalRpcAsNodeUser - Connecting to node at localhost:10008 as node user
[INFO ] 2018-07-11T07:36:15,064Z [main] internal.RPCClient.logElapsedTime - Startup took 27 msec
[INFO ] 2018-07-11T07:36:16,065Z [main] internal.NodeWebServer.connectLocalRpcAsNodeUser - Connecting to node at localhost:10008 as node user
[INFO ] 2018-07-11T07:36:16,082Z [main] internal.RPCClient.logElapsedTime - Startup took 14 msec
[INFO ] 2018-07-11T07:36:17,083Z [main] internal.NodeWebServer.connectLocalRpcAsNodeUser - Connecting to node at localhost:10008 as node user
[INFO ] 2018-07-11T07:36:17,100Z [main] internal.RPCClient.logElapsedTime - Startup took 16 msec
[INFO ] 2018-07-11T07:36:18,101Z [main] internal.NodeWebServer.connectLocalRpcAsNodeUser - Connecting to node at localhost:10008 as node user
[INFO ] 2018-07-11T07:36:24,280Z [main] internal.RPCClient.logElapsedTime - Startup took 6178 msec
[INFO ] 2018-07-11T07:36:24,358Z [main] util.log.initialized - Logging initialized @60715ms
[WARN ] 2018-07-11T07:36:24,460Z [main] internal.NodeWebServer.initWebServer - Unable to locate Jolokia WAR on classpath
[INFO ] 2018-07-11T07:36:26,690Z [main] internal.NodeWebServer.buildServletContextHandler - Add plugin web API from attachment com.template.CheckKt$sam$Function$5d7cf681@156ff70f
[INFO ] 2018-07-11T07:36:26,930Z [main] server.Server.doStart - jetty-9.3.9.v20160517
[INFO ] 2018-07-11T07:36:30,635Z [main] handler.ContextHandler.doStart - Started o.e.j.s.ServletContextHandler@19c24321{/,null,AVAILABLE}
[INFO ] 2018-07-11T07:36:30,811Z [main] server.AbstractConnector.doStart - Started ServerConnector@766db6f9{HTTP/1.1,[http/1.1]}{0.0.0.0:10010}
[INFO ] 2018-07-11T07:36:30,812Z [main] server.Server.doStart - Started @67181ms
[INFO ] 2018-07-11T07:36:30,812Z [main] internal.NodeWebServer.initWebServer - Starting webserver on address localhost:10010
[WARN ] 2018-07-11T07:46:33,910Z [Thread-2 (ActiveMQ-client-global-threads)] core.client.fail - AMQ212037: Connection failure has been detected: AMQ119015: The connection was disconnected because of server shutdown [code=DISCONNECTED]
[WARN ] 2018-07-11T07:46:33,914Z [Thread-1 (ActiveMQ-client-global-threads)] core.client.fail - AMQ212037: Connection failure has been detected: AMQ119015: The connection was disconnected because of server shutdown [code=DISCONNECTED]
[INFO ] 2018-07-11T09:53:34,367Z [main] webserver.CmdLineOptions.loadConfig - Config:
{
    # hardcoded value
    "basedir" : "/home/laddha/forwards-check/build/nodes/NodeB",
    # /home/laddha/forwards-check/build/nodes/NodeB/node.conf: 1
    "extraAdvertisedServiceIds" : [],
    # web-reference.conf @ jar:file:/home/laddha/.capsule/apps/net.corda.webserver.WebServer_0.14.0/corda-webserver-impl-0.14.0.jar!/web-reference.conf: 2
    "keyStorePassword" : "cordacadevpass",
    # /home/laddha/forwards-check/build/nodes/NodeB/node.conf: 2
    "myLegalName" : "CN=NodeB,O=NodeB,L=New York,C=US",
    # /home/laddha/forwards-check/build/nodes/NodeB/node.conf: 3
    "networkMapService" : {
        # /home/laddha/forwards-check/build/nodes/NodeB/node.conf: 4
        "address" : "localhost:10002",
        # /home/laddha/forwards-check/build/nodes/NodeB/node.conf: 5
        "legalName" : "CN=Controller,O=R3,OU=corda,L=London,C=UK"
    },
    # /home/laddha/forwards-check/build/nodes/NodeB/node.conf: 7
    "p2pAddress" : "localhost:10008",
    # /home/laddha/forwards-check/build/nodes/NodeB/node.conf: 8
    "rpcAddress" : "localhost:10009",
    # /home/laddha/forwards-check/build/nodes/NodeB/node.conf: 9
    "rpcUsers" : [
        # /home/laddha/forwards-check/build/nodes/NodeB/node.conf: 10
        {
            # /home/laddha/forwards-check/build/nodes/NodeB/node.conf: 11
            "password" : "test",
            # /home/laddha/forwards-check/build/nodes/NodeB/node.conf: 12
            "permissions" : [],
            # /home/laddha/forwards-check/build/nodes/NodeB/node.conf: 13
            "user" : "user1"
        }
    ],
    # web-reference.conf @ jar:file:/home/laddha/.capsule/apps/net.corda.webserver.WebServer_0.14.0/corda-webserver-impl-0.14.0.jar!/web-reference.conf: 3
    "trustStorePassword" : "trustpass",
    # web-reference.conf @ jar:file:/home/laddha/.capsule/apps/net.corda.webserver.WebServer_0.14.0/corda-webserver-impl-0.14.0.jar!/web-reference.conf: 1
    "useHTTPS" : false,
    # /home/laddha/forwards-check/build/nodes/NodeB/node.conf: 16
    "webAddress" : "localhost:10010"
}

[INFO ] 2018-07-11T09:53:34,423Z [main] Main.main - Main class: /home/laddha/.capsule/apps/net.corda.webserver.WebServer_0.14.0/corda-webserver-impl-0.14.0.jar
[INFO ] 2018-07-11T09:53:34,802Z [main] Main.main - CommandLine Args: -Xmx200m -XX:+UseG1GC -agentlib:jdwp=transport=dt_socket,server=y,suspend=n,address=5007 -javaagent:/home/laddha/.capsule/apps/net.corda.webserver.WebServer_0.14.0/quasar-core-0.7.6-jdk8.jar -Dvisualvm.display.name=Corda -Djava.library.path=/usr/java/packages/lib/amd64:/usr/lib/x86_64-linux-gnu/jni:/lib/x86_64-linux-gnu:/usr/lib/x86_64-linux-gnu:/usr/lib/jni:/lib:/usr/lib:/home/laddha/.capsule/apps/net.corda.webserver.WebServer_0.14.0 -Dcapsule.app=net.corda.webserver.WebServer_0.14.0 -Dname=NodeB-corda-webserver.jar -DWebserver -Dcapsule.dir=/home/laddha/.capsule/apps/net.corda.webserver.WebServer_0.14.0 -Dcapsule.jar=/home/laddha/forwards-check/build/nodes/NodeB/corda-webserver.jar
[INFO ] 2018-07-11T09:53:35,272Z [main] Main.main - Application Args: 
[INFO ] 2018-07-11T09:53:35,300Z [main] Main.main - bootclasspath: /usr/lib/jvm/java-8-openjdk-amd64/jre/lib/resources.jar:/usr/lib/jvm/java-8-openjdk-amd64/jre/lib/rt.jar:/usr/lib/jvm/java-8-openjdk-amd64/jre/lib/sunrsasign.jar:/usr/lib/jvm/java-8-openjdk-amd64/jre/lib/jsse.jar:/usr/lib/jvm/java-8-openjdk-amd64/jre/lib/jce.jar:/usr/lib/jvm/java-8-openjdk-amd64/jre/lib/charsets.jar:/usr/lib/jvm/java-8-openjdk-amd64/jre/lib/jfr.jar:/usr/lib/jvm/java-8-openjdk-amd64/jre/classes
[INFO ] 2018-07-11T09:53:35,302Z [main] Main.main - classpath: /home/laddha/forwards-check/build/nodes/NodeB/corda-webserver.jar:/home/laddha/.capsule/apps/net.corda.webserver.WebServer_0.14.0/corda-core-0.14.0.jar:/home/laddha/.capsule/apps/net.corda.webserver.WebServer_0.14.0/corda-finance-0.14.0.jar:/home/laddha/.capsule/apps/net.corda.webserver.WebServer_0.14.0/corda-rpc-0.14.0.jar:/home/laddha/.capsule/apps/net.corda.webserver.WebServer_0.14.0/corda-jackson-0.14.0.jar:/home/laddha/.capsule/apps/net.corda.webserver.WebServer_0.14.0/jetty-servlet-9.3.9.v20160517.jar:/home/laddha/.capsule/apps/net.corda.webserver.WebServer_0.14.0/jetty-webapp-9.3.9.v20160517.jar:/home/laddha/.capsule/apps/net.corda.webserver.WebServer_0.14.0/javax.servlet-api-3.1.0.jar:/home/laddha/.capsule/apps/net.corda.webserver.WebServer_0.14.0/commons-fileupload-1.3.2.jar:/home/laddha/.capsule/apps/net.corda.webserver.WebServer_0.14.0/log4j-slf4j-impl-2.7.jar:/home/laddha/.capsule/apps/net.corda.webserver.WebServer_0.14.0/log4j-core-2.7.jar:/home/laddha/.capsule/apps/net.corda.webserver.WebServer_0.14.0/jopt-simple-5.0.2.jar:/home/laddha/.capsule/apps/net.corda.webserver.WebServer_0.14.0/jersey-server-2.25.jar:/home/laddha/.capsule/apps/net.corda.webserver.WebServer_0.14.0/jersey-container-servlet-core-2.25.jar:/home/laddha/.capsule/apps/net.corda.webserver.WebServer_0.14.0/jersey-container-jetty-http-2.25.jar:/home/laddha/.capsule/apps/net.corda.webserver.WebServer_0.14.0/jersey-media-json-jackson-2.25.jar:/home/laddha/.capsule/apps/net.corda.webserver.WebServer_0.14.0/kotlinx-html-jvm-0.6.3.jar:/home/laddha/.capsule/apps/net.corda.webserver.WebServer_0.14.0/kotlin-stdlib-jre8-1.1.1.jar:/home/laddha/.capsule/apps/net.corda.webserver.WebServer_0.14.0/kotlin-reflect-1.1.1.jar:/home/laddha/.capsule/apps/net.corda.webserver.WebServer_0.14.0/jsr305-3.0.1.jar:/home/laddha/.capsule/apps/net.corda.webserver.WebServer_0.14.0/jcl-over-slf4j-1.7.25.jar:/home/laddha/.capsule/apps/net.corda.webserver.WebServer_0.14.0/slf4j-api-1.7.25.jar:/home/laddha/.capsule/apps/net.corda.webserver.WebServer_0.14.0/guava-21.0.jar:/home/laddha/.capsule/apps/net.corda.webserver.WebServer_0.14.0/rxjava-1.2.4.jar:/home/laddha/.capsule/apps/net.corda.webserver.WebServer_0.14.0/kryo-4.0.0.jar:/home/laddha/.capsule/apps/net.corda.webserver.WebServer_0.14.0/kryo-serializers-0.41.jar:/home/laddha/.capsule/apps/net.corda.webserver.WebServer_0.14.0/commons-jexl3-3.0.jar:/home/laddha/.capsule/apps/net.corda.webserver.WebServer_0.14.0/jackson-databind-2.8.5.jar:/home/laddha/.capsule/apps/net.corda.webserver.WebServer_0.14.0/eddsa-0.2.0.jar:/home/laddha/.capsule/apps/net.corda.webserver.WebServer_0.14.0/bcprov-jdk15on-1.57.jar:/home/laddha/.capsule/apps/net.corda.webserver.WebServer_0.14.0/bcpkix-jdk15on-1.57.jar:/home/laddha/.capsule/apps/net.corda.webserver.WebServer_0.14.0/hibernate-jpa-2.1-api-1.0.0.Final.jar:/home/laddha/.capsule/apps/net.corda.webserver.WebServer_0.14.0/requery-kotlin-1.3.1.jar:/home/laddha/.capsule/apps/net.corda.webserver.WebServer_0.14.0/proton-j-0.19.0.jar:/home/laddha/.capsule/apps/net.corda.webserver.WebServer_0.14.0/quasar-core-0.7.6-jdk8.jar:/home/laddha/.capsule/apps/net.corda.webserver.WebServer_0.14.0/corda-node-schemas-0.14.0.jar:/home/laddha/.capsule/apps/net.corda.webserver.WebServer_0.14.0/corda-node-api-0.14.0.jar:/home/laddha/.capsule/apps/net.corda.webserver.WebServer_0.14.0/jackson-module-kotlin-2.8.5.jar:/home/laddha/.capsule/apps/net.corda.webserver.WebServer_0.14.0/jackson-dataformat-yaml-2.8.5.jar:/home/laddha/.capsule/apps/net.corda.webserver.WebServer_0.14.0/jackson-datatype-jsr310-2.8.5.jar:/home/laddha/.capsule/apps/net.corda.webserver.WebServer_0.14.0/jetty-security-9.3.9.v20160517.jar:/home/laddha/.capsule/apps/net.corda.webserver.WebServer_0.14.0/jetty-xml-9.3.9.v20160517.jar:/home/laddha/.capsule/apps/net.corda.webserver.WebServer_0.14.0/jolokia-server-core-2.0.0-M3.jar:/home/laddha/.capsule/apps/net.corda.webserver.WebServer_0.14.0/jolokia-server-detector-2.0.0-M3.jar:/home/laddha/.capsule/apps/net.corda.webserver.WebServer_0.14.0/jolokia-service-jmx-2.0.0-M3.jar:/home/laddha/.capsule/apps/net.corda.webserver.WebServer_0.14.0/jolokia-service-serializer-2.0.0-M3.jar:/home/laddha/.capsule/apps/net.corda.webserver.WebServer_0.14.0/jolokia-service-notif-pull-2.0.0-M3.jar:/home/laddha/.capsule/apps/net.corda.webserver.WebServer_0.14.0/jolokia-service-notif-sse-2.0.0-M3.jar:/home/laddha/.capsule/apps/net.corda.webserver.WebServer_0.14.0/jolokia-service-discovery-2.0.0-M3.jar:/home/laddha/.capsule/apps/net.corda.webserver.WebServer_0.14.0/jolokia-service-history-2.0.0-M3.jar:/home/laddha/.capsule/apps/net.corda.webserver.WebServer_0.14.0/jolokia-service-jsr160-2.0.0-M3.jar:/home/laddha/.capsule/apps/net.corda.webserver.WebServer_0.14.0/commons-io-2.2.jar:/home/laddha/.capsule/apps/net.corda.webserver.WebServer_0.14.0/log4j-api-2.7.jar:/home/laddha/.capsule/apps/net.corda.webserver.WebServer_0.14.0/jersey-common-2.25.jar:/home/laddha/.capsule/apps/net.corda.webserver.WebServer_0.14.0/jersey-client-2.25.jar:/home/laddha/.capsule/apps/net.corda.webserver.WebServer_0.14.0/javax.ws.rs-api-2.0.1.jar:/home/laddha/.capsule/apps/net.corda.webserver.WebServer_0.14.0/jersey-media-jaxb-2.25.jar:/home/laddha/.capsule/apps/net.corda.webserver.WebServer_0.14.0/javax.annotation-api-1.2.jar:/home/laddha/.capsule/apps/net.corda.webserver.WebServer_0.14.0/hk2-api-2.5.0-b30.jar:/home/laddha/.capsule/apps/net.corda.webserver.WebServer_0.14.0/javax.inject-2.5.0-b30.jar:/home/laddha/.capsule/apps/net.corda.webserver.WebServer_0.14.0/hk2-locator-2.5.0-b30.jar:/home/laddha/.capsule/apps/net.corda.webserver.WebServer_0.14.0/validation-api-1.1.0.Final.jar:/home/laddha/.capsule/apps/net.corda.webserver.WebServer_0.14.0/jetty-continuation-9.2.14.v20151106.jar:/home/laddha/.capsule/apps/net.corda.webserver.WebServer_0.14.0/jersey-entity-filtering-2.25.jar:/home/laddha/.capsule/apps/net.corda.webserver.WebServer_0.14.0/jackson-jaxrs-base-2.8.4.jar:/home/laddha/.capsule/apps/net.corda.webserver.WebServer_0.14.0/jackson-jaxrs-json-provider-2.8.4.jar:/home/laddha/.capsule/apps/net.corda.webserver.WebServer_0.14.0/kotlin-stdlib-1.1.1.jar:/home/laddha/.capsule/apps/net.corda.webserver.WebServer_0.14.0/kotlin-stdlib-jre7-1.1.1.jar:/home/laddha/.capsule/apps/net.corda.webserver.WebServer_0.14.0/reflectasm-1.11.3.jar:/home/laddha/.capsule/apps/net.corda.webserver.WebServer_0.14.0/minlog-1.3.0.jar:/home/laddha/.capsule/apps/net.corda.webserver.WebServer_0.14.0/objenesis-2.2.jar:/home/laddha/.capsule/apps/net.corda.webserver.WebServer_0.14.0/jackson-core-2.8.5.jar:/home/laddha/.capsule/apps/net.corda.webserver.WebServer_0.14.0/requery-1.3.1.jar:/home/laddha/.capsule/apps/net.corda.webserver.WebServer_0.14.0/artemis-core-client-2.1.0.jar:/home/laddha/.capsule/apps/net.corda.webserver.WebServer_0.14.0/artemis-commons-2.1.0.jar:/home/laddha/.capsule/apps/net.corda.webserver.WebServer_0.14.0/config-1.3.1.jar:/home/laddha/.capsule/apps/net.corda.webserver.WebServer_0.14.0/snakeyaml-1.17.jar:/home/laddha/.capsule/apps/net.corda.webserver.WebServer_0.14.0/json-simple-1.1.1.jar:/home/laddha/.capsule/apps/net.corda.webserver.WebServer_0.14.0/jersey-guava-2.25.jar:/home/laddha/.capsule/apps/net.corda.webserver.WebServer_0.14.0/osgi-resource-locator-1.0.1.jar:/home/laddha/.capsule/apps/net.corda.webserver.WebServer_0.14.0/hk2-utils-2.5.0-b30.jar:/home/laddha/.capsule/apps/net.corda.webserver.WebServer_0.14.0/aopalliance-repackaged-2.5.0-b30.jar:/home/laddha/.capsule/apps/net.corda.webserver.WebServer_0.14.0/javassist-3.20.0-GA.jar:/home/laddha/.capsule/apps/net.corda.webserver.WebServer_0.14.0/jackson-module-jaxb-annotations-2.8.4.jar:/home/laddha/.capsule/apps/net.corda.webserver.WebServer_0.14.0/asm-5.0.4.jar:/home/laddha/.capsule/apps/net.corda.webserver.WebServer_0.14.0/jgroups-3.6.13.Final.jar:/home/laddha/.capsule/apps/net.corda.webserver.WebServer_0.14.0/netty-all-4.1.9.Final.jar:/home/laddha/.capsule/apps/net.corda.webserver.WebServer_0.14.0/geronimo-json_1.0_spec-1.0-alpha-1.jar:/home/laddha/.capsule/apps/net.corda.webserver.WebServer_0.14.0/johnzon-core-0.9.5.jar:/home/laddha/.capsule/apps/net.corda.webserver.WebServer_0.14.0/jboss-logging-3.3.0.Final.jar:/home/laddha/.capsule/apps/net.corda.webserver.WebServer_0.14.0/commons-beanutils-1.9.2.jar:/home/laddha/.capsule/apps/net.corda.webserver.WebServer_0.14.0/javax.inject-1.jar:/home/laddha/.capsule/apps/net.corda.webserver.WebServer_0.14.0/commons-collections-3.2.1.jar:/home/laddha/.capsule/apps/net.corda.webserver.WebServer_0.14.0/jackson-annotations-2.8.5.jar:/home/laddha/.capsule/apps/net.corda.webserver.WebServer_0.14.0/annotations-13.0.jar:/home/laddha/.capsule/apps/net.corda.webserver.WebServer_0.14.0/jetty-server-9.3.9.v20160517.jar:/home/laddha/.capsule/apps/net.corda.webserver.WebServer_0.14.0/jetty-http-9.3.9.v20160517.jar:/home/laddha/.capsule/apps/net.corda.webserver.WebServer_0.14.0/jetty-io-9.3.9.v20160517.jar:/home/laddha/.capsule/apps/net.corda.webserver.WebServer_0.14.0/jetty-util-9.3.9.v20160517.jar:/home/laddha/.capsule/apps/net.corda.webserver.WebServer_0.14.0/corda-webserver-impl-0.14.0.jar:/home/laddha/forwards-check/build/nodes/NodeB/plugins/forwards-check-0.1.jar:/home/laddha/.capsule/apps/net.corda.webserver.WebServer_0.14.0/quasar-core-0.7.6-jdk8.jar
[INFO ] 2018-07-11T09:53:35,308Z [main] Main.main - VM OpenJDK 64-Bit Server VM Oracle Corporation 25.171-b11
[INFO ] 2018-07-11T09:53:35,310Z [main] Main.main - Machine: A-Laptop-has-no-Name
[INFO ] 2018-07-11T09:53:35,314Z [main] Main.main - Working Directory: /home/laddha/forwards-check/build/nodes/NodeB
[INFO ] 2018-07-11T09:54:34,765Z [main] Main.main - Starting as webserver on localhost:10010
[INFO ] 2018-07-11T09:54:39,051Z [main] BasicInfo.logAndMaybePrint - Starting as webserver: localhost:10010
[INFO ] 2018-07-11T09:54:39,053Z [main] internal.NodeWebServer.connectLocalRpcAsNodeUser - Connecting to node at localhost:10008 as node user
[INFO ] 2018-07-11T09:55:27,255Z [main] internal.RPCClient.logElapsedTime - Startup took 36161 msec
[INFO ] 2018-07-11T09:55:28,258Z [main] internal.NodeWebServer.connectLocalRpcAsNodeUser - Connecting to node at localhost:10008 as node user
[INFO ] 2018-07-11T09:55:29,492Z [main] internal.RPCClient.logElapsedTime - Startup took 33 msec
[INFO ] 2018-07-11T09:55:30,494Z [main] internal.NodeWebServer.connectLocalRpcAsNodeUser - Connecting to node at localhost:10008 as node user
[INFO ] 2018-07-11T09:55:30,518Z [main] internal.RPCClient.logElapsedTime - Startup took 21 msec
[INFO ] 2018-07-11T09:55:31,520Z [main] internal.NodeWebServer.connectLocalRpcAsNodeUser - Connecting to node at localhost:10008 as node user
[INFO ] 2018-07-11T09:55:31,548Z [main] internal.RPCClient.logElapsedTime - Startup took 26 msec
[INFO ] 2018-07-11T09:55:32,549Z [main] internal.NodeWebServer.connectLocalRpcAsNodeUser - Connecting to node at localhost:10008 as node user
[INFO ] 2018-07-11T09:55:32,556Z [main] internal.RPCClient.logElapsedTime - Startup took 6 msec
[INFO ] 2018-07-11T09:55:33,560Z [main] internal.NodeWebServer.connectLocalRpcAsNodeUser - Connecting to node at localhost:10008 as node user
[INFO ] 2018-07-11T09:55:33,569Z [main] internal.RPCClient.logElapsedTime - Startup took 7 msec
[INFO ] 2018-07-11T09:55:34,570Z [main] internal.NodeWebServer.connectLocalRpcAsNodeUser - Connecting to node at localhost:10008 as node user
[INFO ] 2018-07-11T09:55:34,578Z [main] internal.RPCClient.logElapsedTime - Startup took 5 msec
[INFO ] 2018-07-11T09:55:35,579Z [main] internal.NodeWebServer.connectLocalRpcAsNodeUser - Connecting to node at localhost:10008 as node user
[INFO ] 2018-07-11T09:55:35,589Z [main] internal.RPCClient.logElapsedTime - Startup took 7 msec
[INFO ] 2018-07-11T09:55:36,590Z [main] internal.NodeWebServer.connectLocalRpcAsNodeUser - Connecting to node at localhost:10008 as node user
[INFO ] 2018-07-11T09:55:36,601Z [main] internal.RPCClient.logElapsedTime - Startup took 7 msec
[INFO ] 2018-07-11T09:55:37,602Z [main] internal.NodeWebServer.connectLocalRpcAsNodeUser - Connecting to node at localhost:10008 as node user
[INFO ] 2018-07-11T09:55:37,616Z [main] internal.RPCClient.logElapsedTime - Startup took 11 msec
[INFO ] 2018-07-11T09:55:38,617Z [main] internal.NodeWebServer.connectLocalRpcAsNodeUser - Connecting to node at localhost:10008 as node user
[INFO ] 2018-07-11T09:55:38,629Z [main] internal.RPCClient.logElapsedTime - Startup took 8 msec
[INFO ] 2018-07-11T09:55:39,630Z [main] internal.NodeWebServer.connectLocalRpcAsNodeUser - Connecting to node at localhost:10008 as node user
[INFO ] 2018-07-11T09:55:39,656Z [main] internal.RPCClient.logElapsedTime - Startup took 22 msec
[INFO ] 2018-07-11T09:55:40,657Z [main] internal.NodeWebServer.connectLocalRpcAsNodeUser - Connecting to node at localhost:10008 as node user
[INFO ] 2018-07-11T09:55:40,663Z [main] internal.RPCClient.logElapsedTime - Startup took 4 msec
[INFO ] 2018-07-11T09:55:41,664Z [main] internal.NodeWebServer.connectLocalRpcAsNodeUser - Connecting to node at localhost:10008 as node user
[INFO ] 2018-07-11T09:55:41,672Z [main] internal.RPCClient.logElapsedTime - Startup took 6 msec
[INFO ] 2018-07-11T09:55:42,673Z [main] internal.NodeWebServer.connectLocalRpcAsNodeUser - Connecting to node at localhost:10008 as node user
[INFO ] 2018-07-11T09:55:42,687Z [main] internal.RPCClient.logElapsedTime - Startup took 12 msec
[INFO ] 2018-07-11T09:55:43,688Z [main] internal.NodeWebServer.connectLocalRpcAsNodeUser - Connecting to node at localhost:10008 as node user
[INFO ] 2018-07-11T09:55:43,715Z [main] internal.RPCClient.logElapsedTime - Startup took 24 msec
[INFO ] 2018-07-11T09:55:44,716Z [main] internal.NodeWebServer.connectLocalRpcAsNodeUser - Connecting to node at localhost:10008 as node user
[INFO ] 2018-07-11T09:55:44,758Z [main] internal.RPCClient.logElapsedTime - Startup took 41 msec
[INFO ] 2018-07-11T09:55:45,760Z [main] internal.NodeWebServer.connectLocalRpcAsNodeUser - Connecting to node at localhost:10008 as node user
[INFO ] 2018-07-11T09:55:45,766Z [main] internal.RPCClient.logElapsedTime - Startup took 5 msec
[INFO ] 2018-07-11T09:55:46,770Z [main] internal.NodeWebServer.connectLocalRpcAsNodeUser - Connecting to node at localhost:10008 as node user
[INFO ] 2018-07-11T09:55:46,780Z [main] internal.RPCClient.logElapsedTime - Startup took 8 msec
[INFO ] 2018-07-11T09:55:47,781Z [main] internal.NodeWebServer.connectLocalRpcAsNodeUser - Connecting to node at localhost:10008 as node user
[INFO ] 2018-07-11T09:55:47,794Z [main] internal.RPCClient.logElapsedTime - Startup took 11 msec
[INFO ] 2018-07-11T09:55:48,795Z [main] internal.NodeWebServer.connectLocalRpcAsNodeUser - Connecting to node at localhost:10008 as node user
[INFO ] 2018-07-11T09:55:48,802Z [main] internal.RPCClient.logElapsedTime - Startup took 6 msec
[INFO ] 2018-07-11T09:55:49,805Z [main] internal.NodeWebServer.connectLocalRpcAsNodeUser - Connecting to node at localhost:10008 as node user
[INFO ] 2018-07-11T09:55:49,828Z [main] internal.RPCClient.logElapsedTime - Startup took 22 msec
[INFO ] 2018-07-11T09:55:50,833Z [main] internal.NodeWebServer.connectLocalRpcAsNodeUser - Connecting to node at localhost:10008 as node user
[INFO ] 2018-07-11T09:55:50,859Z [main] internal.RPCClient.logElapsedTime - Startup took 24 msec
[INFO ] 2018-07-11T09:55:51,859Z [main] internal.NodeWebServer.connectLocalRpcAsNodeUser - Connecting to node at localhost:10008 as node user
[INFO ] 2018-07-11T09:55:51,897Z [main] internal.RPCClient.logElapsedTime - Startup took 36 msec
[INFO ] 2018-07-11T09:55:52,900Z [main] internal.NodeWebServer.connectLocalRpcAsNodeUser - Connecting to node at localhost:10008 as node user
[INFO ] 2018-07-11T09:55:52,933Z [main] internal.RPCClient.logElapsedTime - Startup took 31 msec
[INFO ] 2018-07-11T09:55:53,934Z [main] internal.NodeWebServer.connectLocalRpcAsNodeUser - Connecting to node at localhost:10008 as node user
[INFO ] 2018-07-11T09:55:53,967Z [main] internal.RPCClient.logElapsedTime - Startup took 31 msec
[INFO ] 2018-07-11T09:55:54,971Z [main] internal.NodeWebServer.connectLocalRpcAsNodeUser - Connecting to node at localhost:10008 as node user
[INFO ] 2018-07-11T09:55:55,037Z [main] internal.RPCClient.logElapsedTime - Startup took 64 msec
[INFO ] 2018-07-11T09:55:56,038Z [main] internal.NodeWebServer.connectLocalRpcAsNodeUser - Connecting to node at localhost:10008 as node user
[INFO ] 2018-07-11T09:55:56,058Z [main] internal.RPCClient.logElapsedTime - Startup took 18 msec
[INFO ] 2018-07-11T09:55:57,060Z [main] internal.NodeWebServer.connectLocalRpcAsNodeUser - Connecting to node at localhost:10008 as node user
[INFO ] 2018-07-11T09:55:57,102Z [main] internal.RPCClient.logElapsedTime - Startup took 41 msec
[INFO ] 2018-07-11T09:55:58,104Z [main] internal.NodeWebServer.connectLocalRpcAsNodeUser - Connecting to node at localhost:10008 as node user
[INFO ] 2018-07-11T09:55:58,125Z [main] internal.RPCClient.logElapsedTime - Startup took 19 msec
[INFO ] 2018-07-11T09:55:59,126Z [main] internal.NodeWebServer.connectLocalRpcAsNodeUser - Connecting to node at localhost:10008 as node user
[INFO ] 2018-07-11T09:55:59,134Z [main] internal.RPCClient.logElapsedTime - Startup took 6 msec
[INFO ] 2018-07-11T09:56:00,134Z [main] internal.NodeWebServer.connectLocalRpcAsNodeUser - Connecting to node at localhost:10008 as node user
[INFO ] 2018-07-11T09:56:00,139Z [main] internal.RPCClient.logElapsedTime - Startup took 4 msec
[INFO ] 2018-07-11T09:56:01,140Z [main] internal.NodeWebServer.connectLocalRpcAsNodeUser - Connecting to node at localhost:10008 as node user
[INFO ] 2018-07-11T09:56:01,149Z [main] internal.RPCClient.logElapsedTime - Startup took 7 msec
[INFO ] 2018-07-11T09:56:02,150Z [main] internal.NodeWebServer.connectLocalRpcAsNodeUser - Connecting to node at localhost:10008 as node user
[INFO ] 2018-07-11T09:56:02,154Z [main] internal.RPCClient.logElapsedTime - Startup took 4 msec
[INFO ] 2018-07-11T09:56:03,155Z [main] internal.NodeWebServer.connectLocalRpcAsNodeUser - Connecting to node at localhost:10008 as node user
[INFO ] 2018-07-11T09:56:03,166Z [main] internal.RPCClient.logElapsedTime - Startup took 8 msec
[INFO ] 2018-07-11T09:56:04,167Z [main] internal.NodeWebServer.connectLocalRpcAsNodeUser - Connecting to node at localhost:10008 as node user
[INFO ] 2018-07-11T09:56:04,172Z [main] internal.RPCClient.logElapsedTime - Startup took 4 msec
[INFO ] 2018-07-11T09:56:05,173Z [main] internal.NodeWebServer.connectLocalRpcAsNodeUser - Connecting to node at localhost:10008 as node user
[INFO ] 2018-07-11T09:56:05,185Z [main] internal.RPCClient.logElapsedTime - Startup took 10 msec
[INFO ] 2018-07-11T09:56:06,186Z [main] internal.NodeWebServer.connectLocalRpcAsNodeUser - Connecting to node at localhost:10008 as node user
[INFO ] 2018-07-11T09:56:06,190Z [main] internal.RPCClient.logElapsedTime - Startup took 3 msec
[INFO ] 2018-07-11T09:56:07,191Z [main] internal.NodeWebServer.connectLocalRpcAsNodeUser - Connecting to node at localhost:10008 as node user
[INFO ] 2018-07-11T09:56:07,206Z [main] internal.RPCClient.logElapsedTime - Startup took 13 msec
[INFO ] 2018-07-11T09:56:08,209Z [main] internal.NodeWebServer.connectLocalRpcAsNodeUser - Connecting to node at localhost:10008 as node user
[INFO ] 2018-07-11T09:56:08,219Z [main] internal.RPCClient.logElapsedTime - Startup took 9 msec
[INFO ] 2018-07-11T09:56:09,220Z [main] internal.NodeWebServer.connectLocalRpcAsNodeUser - Connecting to node at localhost:10008 as node user
[INFO ] 2018-07-11T09:56:09,227Z [main] internal.RPCClient.logElapsedTime - Startup took 5 msec
[INFO ] 2018-07-11T09:56:10,228Z [main] internal.NodeWebServer.connectLocalRpcAsNodeUser - Connecting to node at localhost:10008 as node user
[INFO ] 2018-07-11T09:56:10,236Z [main] internal.RPCClient.logElapsedTime - Startup took 6 msec
[INFO ] 2018-07-11T09:56:11,237Z [main] internal.NodeWebServer.connectLocalRpcAsNodeUser - Connecting to node at localhost:10008 as node user
[INFO ] 2018-07-11T09:56:11,247Z [main] internal.RPCClient.logElapsedTime - Startup took 7 msec
[INFO ] 2018-07-11T09:56:12,248Z [main] internal.NodeWebServer.connectLocalRpcAsNodeUser - Connecting to node at localhost:10008 as node user
[INFO ] 2018-07-11T09:56:12,252Z [main] internal.RPCClient.logElapsedTime - Startup took 2 msec
[INFO ] 2018-07-11T09:56:13,253Z [main] internal.NodeWebServer.connectLocalRpcAsNodeUser - Connecting to node at localhost:10008 as node user
[INFO ] 2018-07-11T09:56:13,261Z [main] internal.RPCClient.logElapsedTime - Startup took 7 msec
[INFO ] 2018-07-11T09:56:14,262Z [main] internal.NodeWebServer.connectLocalRpcAsNodeUser - Connecting to node at localhost:10008 as node user
[INFO ] 2018-07-11T09:56:14,272Z [main] internal.RPCClient.logElapsedTime - Startup took 7 msec
[INFO ] 2018-07-11T09:56:15,273Z [main] internal.NodeWebServer.connectLocalRpcAsNodeUser - Connecting to node at localhost:10008 as node user
[INFO ] 2018-07-11T09:56:15,279Z [main] internal.RPCClient.logElapsedTime - Startup took 4 msec
[INFO ] 2018-07-11T09:56:16,281Z [main] internal.NodeWebServer.connectLocalRpcAsNodeUser - Connecting to node at localhost:10008 as node user
[INFO ] 2018-07-11T09:56:16,287Z [main] internal.RPCClient.logElapsedTime - Startup took 4 msec
[INFO ] 2018-07-11T09:56:17,288Z [main] internal.NodeWebServer.connectLocalRpcAsNodeUser - Connecting to node at localhost:10008 as node user
[INFO ] 2018-07-11T09:56:17,291Z [main] internal.RPCClient.logElapsedTime - Startup took 2 msec
[INFO ] 2018-07-11T09:56:18,292Z [main] internal.NodeWebServer.connectLocalRpcAsNodeUser - Connecting to node at localhost:10008 as node user
[INFO ] 2018-07-11T09:56:18,297Z [main] internal.RPCClient.logElapsedTime - Startup took 4 msec
[INFO ] 2018-07-11T09:56:19,298Z [main] internal.NodeWebServer.connectLocalRpcAsNodeUser - Connecting to node at localhost:10008 as node user
[INFO ] 2018-07-11T09:56:19,311Z [main] internal.RPCClient.logElapsedTime - Startup took 11 msec
[INFO ] 2018-07-11T09:56:20,312Z [main] internal.NodeWebServer.connectLocalRpcAsNodeUser - Connecting to node at localhost:10008 as node user
[INFO ] 2018-07-11T09:56:20,332Z [main] internal.RPCClient.logElapsedTime - Startup took 19 msec
[INFO ] 2018-07-11T09:56:21,333Z [main] internal.NodeWebServer.connectLocalRpcAsNodeUser - Connecting to node at localhost:10008 as node user
[INFO ] 2018-07-11T09:56:21,355Z [main] internal.RPCClient.logElapsedTime - Startup took 19 msec
[INFO ] 2018-07-11T09:56:22,357Z [main] internal.NodeWebServer.connectLocalRpcAsNodeUser - Connecting to node at localhost:10008 as node user
[INFO ] 2018-07-11T09:56:22,365Z [main] internal.RPCClient.logElapsedTime - Startup took 6 msec
[INFO ] 2018-07-11T09:56:23,366Z [main] internal.NodeWebServer.connectLocalRpcAsNodeUser - Connecting to node at localhost:10008 as node user
[INFO ] 2018-07-11T09:56:23,373Z [main] internal.RPCClient.logElapsedTime - Startup took 6 msec
[INFO ] 2018-07-11T09:56:24,375Z [main] internal.NodeWebServer.connectLocalRpcAsNodeUser - Connecting to node at localhost:10008 as node user
[INFO ] 2018-07-11T09:56:24,386Z [main] internal.RPCClient.logElapsedTime - Startup took 9 msec
[INFO ] 2018-07-11T09:56:25,387Z [main] internal.NodeWebServer.connectLocalRpcAsNodeUser - Connecting to node at localhost:10008 as node user
[INFO ] 2018-07-11T09:56:25,399Z [main] internal.RPCClient.logElapsedTime - Startup took 9 msec
[INFO ] 2018-07-11T09:56:26,400Z [main] internal.NodeWebServer.connectLocalRpcAsNodeUser - Connecting to node at localhost:10008 as node user
[INFO ] 2018-07-11T09:56:26,411Z [main] internal.RPCClient.logElapsedTime - Startup took 8 msec
[INFO ] 2018-07-11T09:56:27,413Z [main] internal.NodeWebServer.connectLocalRpcAsNodeUser - Connecting to node at localhost:10008 as node user
[INFO ] 2018-07-11T09:56:27,422Z [main] internal.RPCClient.logElapsedTime - Startup took 6 msec
[INFO ] 2018-07-11T09:56:28,423Z [main] internal.NodeWebServer.connectLocalRpcAsNodeUser - Connecting to node at localhost:10008 as node user
[INFO ] 2018-07-11T09:56:28,432Z [main] internal.RPCClient.logElapsedTime - Startup took 7 msec
[INFO ] 2018-07-11T09:56:29,434Z [main] internal.NodeWebServer.connectLocalRpcAsNodeUser - Connecting to node at localhost:10008 as node user
[INFO ] 2018-07-11T09:56:29,448Z [main] internal.RPCClient.logElapsedTime - Startup took 12 msec
[INFO ] 2018-07-11T09:56:30,451Z [main] internal.NodeWebServer.connectLocalRpcAsNodeUser - Connecting to node at localhost:10008 as node user
[INFO ] 2018-07-11T09:56:30,466Z [main] internal.RPCClient.logElapsedTime - Startup took 13 msec
[INFO ] 2018-07-11T09:56:31,467Z [main] internal.NodeWebServer.connectLocalRpcAsNodeUser - Connecting to node at localhost:10008 as node user
[INFO ] 2018-07-11T09:56:31,478Z [main] internal.RPCClient.logElapsedTime - Startup took 8 msec
[INFO ] 2018-07-11T09:56:32,479Z [main] internal.NodeWebServer.connectLocalRpcAsNodeUser - Connecting to node at localhost:10008 as node user
[INFO ] 2018-07-11T09:56:32,539Z [main] internal.RPCClient.logElapsedTime - Startup took 58 msec
[INFO ] 2018-07-11T09:56:33,540Z [main] internal.NodeWebServer.connectLocalRpcAsNodeUser - Connecting to node at localhost:10008 as node user
[INFO ] 2018-07-11T09:56:33,558Z [main] internal.RPCClient.logElapsedTime - Startup took 17 msec
[INFO ] 2018-07-11T09:56:34,559Z [main] internal.NodeWebServer.connectLocalRpcAsNodeUser - Connecting to node at localhost:10008 as node user
[INFO ] 2018-07-11T09:56:34,572Z [main] internal.RPCClient.logElapsedTime - Startup took 10 msec
[INFO ] 2018-07-11T09:56:35,574Z [main] internal.NodeWebServer.connectLocalRpcAsNodeUser - Connecting to node at localhost:10008 as node user
[INFO ] 2018-07-11T09:56:35,577Z [main] internal.RPCClient.logElapsedTime - Startup took 2 msec
[INFO ] 2018-07-11T09:56:36,577Z [main] internal.NodeWebServer.connectLocalRpcAsNodeUser - Connecting to node at localhost:10008 as node user
[INFO ] 2018-07-11T09:56:36,580Z [main] internal.RPCClient.logElapsedTime - Startup took 2 msec
[INFO ] 2018-07-11T09:56:37,581Z [main] internal.NodeWebServer.connectLocalRpcAsNodeUser - Connecting to node at localhost:10008 as node user
[INFO ] 2018-07-11T09:56:37,591Z [main] internal.RPCClient.logElapsedTime - Startup took 9 msec
[INFO ] 2018-07-11T09:56:38,593Z [main] internal.NodeWebServer.connectLocalRpcAsNodeUser - Connecting to node at localhost:10008 as node user
[INFO ] 2018-07-11T09:56:38,612Z [main] internal.RPCClient.logElapsedTime - Startup took 18 msec
[INFO ] 2018-07-11T09:56:39,613Z [main] internal.NodeWebServer.connectLocalRpcAsNodeUser - Connecting to node at localhost:10008 as node user
[INFO ] 2018-07-11T09:56:39,629Z [main] internal.RPCClient.logElapsedTime - Startup took 15 msec
[INFO ] 2018-07-11T09:56:40,630Z [main] internal.NodeWebServer.connectLocalRpcAsNodeUser - Connecting to node at localhost:10008 as node user
[INFO ] 2018-07-11T09:56:40,646Z [main] internal.RPCClient.logElapsedTime - Startup took 14 msec
[INFO ] 2018-07-11T09:56:41,648Z [main] internal.NodeWebServer.connectLocalRpcAsNodeUser - Connecting to node at localhost:10008 as node user
[INFO ] 2018-07-11T09:56:41,672Z [main] internal.RPCClient.logElapsedTime - Startup took 22 msec
[INFO ] 2018-07-11T09:56:42,673Z [main] internal.NodeWebServer.connectLocalRpcAsNodeUser - Connecting to node at localhost:10008 as node user
[INFO ] 2018-07-11T09:56:42,688Z [main] internal.RPCClient.logElapsedTime - Startup took 14 msec
[INFO ] 2018-07-11T09:56:43,690Z [main] internal.NodeWebServer.connectLocalRpcAsNodeUser - Connecting to node at localhost:10008 as node user
[INFO ] 2018-07-11T09:56:43,730Z [main] internal.RPCClient.logElapsedTime - Startup took 38 msec
[INFO ] 2018-07-11T09:56:44,730Z [main] internal.NodeWebServer.connectLocalRpcAsNodeUser - Connecting to node at localhost:10008 as node user
[INFO ] 2018-07-11T09:56:44,747Z [main] internal.RPCClient.logElapsedTime - Startup took 15 msec
[INFO ] 2018-07-11T09:56:45,748Z [main] internal.NodeWebServer.connectLocalRpcAsNodeUser - Connecting to node at localhost:10008 as node user
[INFO ] 2018-07-11T09:56:45,772Z [main] internal.RPCClient.logElapsedTime - Startup took 19 msec
[INFO ] 2018-07-11T09:56:46,773Z [main] internal.NodeWebServer.connectLocalRpcAsNodeUser - Connecting to node at localhost:10008 as node user
[INFO ] 2018-07-11T09:56:46,788Z [main] internal.RPCClient.logElapsedTime - Startup took 14 msec
[INFO ] 2018-07-11T09:56:47,789Z [main] internal.NodeWebServer.connectLocalRpcAsNodeUser - Connecting to node at localhost:10008 as node user
[INFO ] 2018-07-11T09:56:47,809Z [main] internal.RPCClient.logElapsedTime - Startup took 19 msec
[INFO ] 2018-07-11T09:56:48,810Z [main] internal.NodeWebServer.connectLocalRpcAsNodeUser - Connecting to node at localhost:10008 as node user
[INFO ] 2018-07-11T09:56:48,831Z [main] internal.RPCClient.logElapsedTime - Startup took 20 msec
[INFO ] 2018-07-11T09:56:49,832Z [main] internal.NodeWebServer.connectLocalRpcAsNodeUser - Connecting to node at localhost:10008 as node user
[INFO ] 2018-07-11T09:56:49,848Z [main] internal.RPCClient.logElapsedTime - Startup took 15 msec
[INFO ] 2018-07-11T09:56:50,849Z [main] internal.NodeWebServer.connectLocalRpcAsNodeUser - Connecting to node at localhost:10008 as node user
[INFO ] 2018-07-11T09:56:50,853Z [main] internal.RPCClient.logElapsedTime - Startup took 3 msec
[INFO ] 2018-07-11T09:56:51,853Z [main] internal.NodeWebServer.connectLocalRpcAsNodeUser - Connecting to node at localhost:10008 as node user
[INFO ] 2018-07-11T09:56:51,857Z [main] internal.RPCClient.logElapsedTime - Startup took 2 msec
[INFO ] 2018-07-11T09:56:52,858Z [main] internal.NodeWebServer.connectLocalRpcAsNodeUser - Connecting to node at localhost:10008 as node user
[INFO ] 2018-07-11T09:56:52,868Z [main] internal.RPCClient.logElapsedTime - Startup took 8 msec
[INFO ] 2018-07-11T09:56:53,869Z [main] internal.NodeWebServer.connectLocalRpcAsNodeUser - Connecting to node at localhost:10008 as node user
[INFO ] 2018-07-11T09:56:53,876Z [main] internal.RPCClient.logElapsedTime - Startup took 5 msec
[INFO ] 2018-07-11T09:56:54,877Z [main] internal.NodeWebServer.connectLocalRpcAsNodeUser - Connecting to node at localhost:10008 as node user
[INFO ] 2018-07-11T09:56:54,887Z [main] internal.RPCClient.logElapsedTime - Startup took 8 msec
[INFO ] 2018-07-11T09:56:55,887Z [main] internal.NodeWebServer.connectLocalRpcAsNodeUser - Connecting to node at localhost:10008 as node user
[INFO ] 2018-07-11T09:57:12,971Z [main] internal.RPCClient.logElapsedTime - Startup took 17083 msec
[INFO ] 2018-07-11T09:57:13,686Z [main] util.log.initialized - Logging initialized @233298ms
[WARN ] 2018-07-11T09:57:14,038Z [main] internal.NodeWebServer.initWebServer - Unable to locate Jolokia WAR on classpath
[INFO ] 2018-07-11T09:57:20,243Z [main] internal.NodeWebServer.buildServletContextHandler - Add plugin web API from attachment com.template.CheckKt$sam$Function$5d7cf681@775c4054
[INFO ] 2018-07-11T09:57:21,199Z [main] server.Server.doStart - jetty-9.3.9.v20160517
[INFO ] 2018-07-11T09:57:26,786Z [main] handler.ContextHandler.doStart - Started o.e.j.s.ServletContextHandler@b889cb6{/,null,AVAILABLE}
[INFO ] 2018-07-11T09:57:27,528Z [main] server.AbstractConnector.doStart - Started ServerConnector@1e031d70{HTTP/1.1,[http/1.1]}{0.0.0.0:10010}
[INFO ] 2018-07-11T09:57:27,530Z [main] server.Server.doStart - Started @247183ms
[INFO ] 2018-07-11T09:57:27,530Z [main] internal.NodeWebServer.initWebServer - Starting webserver on address localhost:10010
